#
# There is insufficient memory for the Java Runtime Environment to continue.
# Native memory allocation (malloc) failed to allocate 32744 bytes for ChunkPool::allocate
# Possible reasons:
#   The system is out of physical RAM or swap space
#   The process is running with CompressedOops enabled, and the Java Heap may be blocking the growth of the native heap
# Possible solutions:
#   Reduce memory load on the system
#   Increase physical memory or swap space
#   Check if swap backing store is full
#   Decrease Java heap size (-Xmx/-Xms)
#   Decrease number of Java threads
#   Decrease Java thread stack sizes (-Xss)
#   Set larger code cache with -XX:ReservedCodeCacheSize=
#   JVM is running with Unscaled Compressed Oops mode in which the Java heap is
#     placed in the first 4GB address space. The Java Heap base address is the
#     maximum limit for the native heap growth. Please use -XX:HeapBaseMinAddress
#     to set the Java Heap base and to place the Java Heap above 4GB virtual address.
# This output file may be truncated or incomplete.
#
#  Out of Memory Error (arena.cpp:79), pid=22852, tid=25480
#
# JRE version: OpenJDK Runtime Environment Corretto-17.0.10.7.1 (17.0.10+7) (build 17.0.10+7-LTS)
# Java VM: OpenJDK 64-Bit Server VM Corretto-17.0.10.7.1 (17.0.10+7-LTS, mixed mode, sharing, tiered, compressed oops, compressed class ptrs, g1 gc, windows-amd64)
# No core dump will be written. Minidumps are not enabled by default on client versions of Windows
#

---------------  S U M M A R Y ------------

Command Line: --add-opens=java.base/java.util=ALL-UNNAMED --add-opens=java.base/java.lang=ALL-UNNAMED --add-opens=java.base/java.lang.invoke=ALL-UNNAMED --add-opens=java.prefs/java.util.prefs=ALL-UNNAMED --add-opens=java.base/java.nio.charset=ALL-UNNAMED --add-opens=java.base/java.net=ALL-UNNAMED --add-opens=java.base/java.util.concurrent.atomic=ALL-UNNAMED -XX:MaxMetaspaceSize=384m -XX:+HeapDumpOnOutOfMemoryError -Xms256m -Xmx512m -Dfile.encoding=x-windows-949 -Duser.country=KR -Duser.language=ko -Duser.variant -javaagent:C:\Users\lgpc\.gradle\wrapper\dists\gradle-8.5-bin\5t9huq95ubn472n8rpzujfbqh\gradle-8.5\lib\agents\gradle-instrumentation-agent-8.5.jar org.gradle.launcher.daemon.bootstrap.GradleDaemon 8.5

Host: Intel(R) Core(TM) i3-7100U CPU @ 2.40GHz, 4 cores, 3G,  Windows 10 , 64 bit Build 19041 (10.0.19041.3636)
Time: Wed Jun 12 20:49:57 2024  Windows 10 , 64 bit Build 19041 (10.0.19041.3636) elapsed time: 193.197212 seconds (0d 0h 3m 13s)

---------------  T H R E A D  ---------------

Current thread (0x000002492cf74440):  JavaThread "C2 CompilerThread0" daemon [_thread_in_native, id=25480, stack(0x000000526b000000,0x000000526b100000)]


Current CompileTask:
C2: 193197 11285       4       groovy.lang.MetaClassImpl$1MOPIter::methodNameAction (325 bytes)

Stack: [0x000000526b000000,0x000000526b100000]
Native frames: (J=compiled Java code, j=interpreted, Vv=VM code, C=native code)
V  [jvm.dll+0x67d2c9]
V  [jvm.dll+0x834b1a]
V  [jvm.dll+0x8365de]
V  [jvm.dll+0x836c43]
V  [jvm.dll+0x2477ff]
V  [jvm.dll+0xac711]
V  [jvm.dll+0xacb5c]
V  [jvm.dll+0x36bbec]
V  [jvm.dll+0x567068]
V  [jvm.dll+0x566080]
V  [jvm.dll+0x566c83]
V  [jvm.dll+0x330c29]
V  [jvm.dll+0x33009a]
V  [jvm.dll+0x219ef1]
V  [jvm.dll+0x219311]
V  [jvm.dll+0x1a502d]
V  [jvm.dll+0x2290de]
V  [jvm.dll+0x2272ac]
V  [jvm.dll+0x7e9bd7]
V  [jvm.dll+0x7e3fda]
V  [jvm.dll+0x67c1b5]
C  [ucrtbase.dll+0x21bb2]
C  [KERNEL32.DLL+0x17344]
C  [ntdll.dll+0x526b1]


---------------  P R O C E S S  ---------------

Threads class SMR info:
_java_thread_list=0x000002494aaf89e0, length=45, elements={
0x0000024912c70ec0, 0x000002492cf514c0, 0x000002492cf520f0, 0x000002492cf6e360,
0x000002492cf6ee30, 0x000002492cf71eb0, 0x000002492cf72780, 0x000002492cf74440,
0x000002492cf7ca00, 0x000002492cfc49d0, 0x000002492cf3c2a0, 0x0000024946188b80,
0x000002494750c890, 0x00000249460e5fc0, 0x0000024946276ce0, 0x000002494787d230,
0x000002494787eb80, 0x000002494787f090, 0x000002494787f5a0, 0x000002494787ffc0,
0x00000249478804d0, 0x0000024947b4e070, 0x0000024947b4c210, 0x0000024947b4b2e0,
0x0000024947b48f70, 0x0000024947b4c720, 0x0000024947b4f9c0, 0x0000024947b4cc30,
0x0000024947b4d650, 0x0000024947b4d140, 0x0000024946b66300, 0x0000024946b68b80,
0x0000024946b6cd50, 0x0000024946b66810, 0x0000024946b6be20, 0x0000024946b66d20,
0x0000024946b6b400, 0x0000024946b6c840, 0x0000024946b69ab0, 0x0000024946b67230,
0x0000024946b67740, 0x0000024946b68160, 0x0000024946b68670, 0x0000024946b69090,
0x0000024946b658e0
}

Java Threads: ( => current thread )
  0x0000024912c70ec0 JavaThread "main" [_thread_blocked, id=27692, stack(0x000000526a300000,0x000000526a400000)]
  0x000002492cf514c0 JavaThread "Reference Handler" daemon [_thread_blocked, id=24820, stack(0x000000526aa00000,0x000000526ab00000)]
  0x000002492cf520f0 JavaThread "Finalizer" daemon [_thread_blocked, id=27212, stack(0x000000526ab00000,0x000000526ac00000)]
  0x000002492cf6e360 JavaThread "Signal Dispatcher" daemon [_thread_blocked, id=22300, stack(0x000000526ac00000,0x000000526ad00000)]
  0x000002492cf6ee30 JavaThread "Attach Listener" daemon [_thread_blocked, id=27700, stack(0x000000526ad00000,0x000000526ae00000)]
  0x000002492cf71eb0 JavaThread "Service Thread" daemon [_thread_blocked, id=23140, stack(0x000000526ae00000,0x000000526af00000)]
  0x000002492cf72780 JavaThread "Monitor Deflation Thread" daemon [_thread_blocked, id=25976, stack(0x000000526af00000,0x000000526b000000)]
=>0x000002492cf74440 JavaThread "C2 CompilerThread0" daemon [_thread_in_native, id=25480, stack(0x000000526b000000,0x000000526b100000)]
  0x000002492cf7ca00 JavaThread "C1 CompilerThread0" daemon [_thread_blocked, id=6204, stack(0x000000526b100000,0x000000526b200000)]
  0x000002492cfc49d0 JavaThread "Sweeper thread" daemon [_thread_blocked, id=21636, stack(0x000000526b200000,0x000000526b300000)]
  0x000002492cf3c2a0 JavaThread "Common-Cleaner" daemon [_thread_blocked, id=4348, stack(0x000000526b300000,0x000000526b400000)]
  0x0000024946188b80 JavaThread "Notification Thread" daemon [_thread_blocked, id=6860, stack(0x000000526b400000,0x000000526b500000)]
  0x000002494750c890 JavaThread "Daemon health stats" [_thread_blocked, id=22988, stack(0x000000526b900000,0x000000526ba00000)]
  0x00000249460e5fc0 JavaThread "Incoming local TCP Connector on port 62522" [_thread_in_native, id=17552, stack(0x000000526ba00000,0x000000526bb00000)]
  0x0000024946276ce0 JavaThread "Daemon periodic checks" [_thread_blocked, id=27492, stack(0x000000526bb00000,0x000000526bc00000)]
  0x000002494787d230 JavaThread "Daemon" [_thread_blocked, id=26856, stack(0x000000526bc00000,0x000000526bd00000)]
  0x000002494787eb80 JavaThread "Daemon worker" [_thread_in_Java, id=20388, stack(0x000000526bf00000,0x000000526c000000)]
  0x000002494787f090 JavaThread "Cache worker for journal cache (C:\Users\lgpc\.gradle\caches\journal-1)" [_thread_blocked, id=28196, stack(0x000000526c300000,0x000000526c400000)]
  0x000002494787f5a0 JavaThread "File lock request listener" [_thread_in_native, id=16408, stack(0x000000526c400000,0x000000526c500000)]
  0x000002494787ffc0 JavaThread "Cache worker for file hash cache (C:\Users\lgpc\.gradle\caches\8.5\fileHashes)" [_thread_blocked, id=16312, stack(0x000000526c500000,0x000000526c600000)]
  0x00000249478804d0 JavaThread "File watcher server" daemon [_thread_in_native, id=18704, stack(0x000000526c600000,0x000000526c700000)]
  0x0000024947b4e070 JavaThread "File watcher consumer" daemon [_thread_blocked, id=14408, stack(0x000000526c700000,0x000000526c800000)]
  0x0000024947b4c210 JavaThread "Cache worker for file content cache (C:\Users\lgpc\.gradle\caches\8.5\fileContent)" [_thread_blocked, id=17328, stack(0x000000526cc00000,0x000000526cd00000)]
  0x0000024947b4b2e0 JavaThread "Cache worker for execution history cache (C:\Users\lgpc\.gradle\caches\8.5\executionHistory)" [_thread_blocked, id=16988, stack(0x000000526cd00000,0x000000526ce00000)]
  0x0000024947b48f70 JavaThread "jar transforms" [_thread_blocked, id=6368, stack(0x000000526ce00000,0x000000526cf00000)]
  0x0000024947b4c720 JavaThread "jar transforms Thread 2" [_thread_blocked, id=14732, stack(0x000000526cf00000,0x000000526d000000)]
  0x0000024947b4f9c0 JavaThread "jar transforms Thread 3" [_thread_blocked, id=23356, stack(0x000000526d000000,0x000000526d100000)]
  0x0000024947b4cc30 JavaThread "jar transforms Thread 4" [_thread_blocked, id=22804, stack(0x000000526d100000,0x000000526d200000)]
  0x0000024947b4d650 JavaThread "Memory manager" [_thread_blocked, id=25080, stack(0x000000526d700000,0x000000526d800000)]
  0x0000024947b4d140 JavaThread "included builds" [_thread_blocked, id=25584, stack(0x000000526d900000,0x000000526da00000)]
  0x0000024946b66300 JavaThread "Cache worker for Java compile cache (C:\Users\lgpc\.gradle\caches\8.5\javaCompile)" [_thread_blocked, id=26324, stack(0x000000526a000000,0x000000526a100000)]
  0x0000024946b68b80 JavaThread "Exec process" [_thread_blocked, id=16476, stack(0x0000005270600000,0x0000005270700000)]
  0x0000024946b6cd50 JavaThread "Exec process Thread 2" [_thread_blocked, id=9328, stack(0x0000005270700000,0x0000005270800000)]
  0x0000024946b66810 JavaThread "Exec process Thread 3" [_thread_blocked, id=26904, stack(0x0000005270800000,0x0000005270900000)]
  0x0000024946b6be20 JavaThread "Handler for socket connection from /127.0.0.1:62522 to /127.0.0.1:62589" [_thread_in_native, id=7940, stack(0x000000526a100000,0x000000526a200000)]
  0x0000024946b66d20 JavaThread "Cancel handler" [_thread_blocked, id=14360, stack(0x000000526a200000,0x000000526a300000)]
  0x0000024946b6b400 JavaThread "Asynchronous log dispatcher for DefaultDaemonConnection: socket connection from /127.0.0.1:62522 to /127.0.0.1:62589" [_thread_blocked, id=24708, stack(0x000000526bd00000,0x000000526be00000)]
  0x0000024946b6c840 JavaThread "Stdin handler" [_thread_blocked, id=15896, stack(0x000000526be00000,0x000000526bf00000)]
  0x0000024946b69ab0 JavaThread "Daemon client event forwarder" [_thread_blocked, id=17648, stack(0x000000526c000000,0x000000526c100000)]
  0x0000024946b67230 JavaThread "Cache worker for checksums cache (C:\Users\lgpc\IdeaProjects\petmily\.gradle\8.5\checksums)" [_thread_blocked, id=23072, stack(0x000000526c100000,0x000000526c200000)]
  0x0000024946b67740 JavaThread "Cache worker for file hash cache (C:\Users\lgpc\IdeaProjects\petmily\.gradle\8.5\fileHashes)" [_thread_blocked, id=11932, stack(0x000000526c200000,0x000000526c300000)]
  0x0000024946b68160 JavaThread "Cache worker for cache directory md-supplier (C:\Users\lgpc\.gradle\caches\8.5\md-supplier)" [_thread_blocked, id=16620, stack(0x000000526c800000,0x000000526c900000)]
  0x0000024946b68670 JavaThread "Cache worker for cache directory md-rule (C:\Users\lgpc\.gradle\caches\8.5\md-rule)" [_thread_blocked, id=26824, stack(0x000000526c900000,0x000000526ca00000)]
  0x0000024946b69090 JavaThread "Unconstrained build operations" [_thread_blocked, id=26512, stack(0x000000526ca00000,0x000000526cb00000)]
  0x0000024946b658e0 JavaThread "gradle-enterprise-worker-0" [_thread_in_Java, id=16328, stack(0x000000526cb00000,0x000000526cc00000)]

Other Threads:
  0x000002492cf4c940 VMThread "VM Thread" [stack: 0x000000526a900000,0x000000526aa00000] [id=14364]
  0x00000249461525f0 WatcherThread [stack: 0x000000526b500000,0x000000526b600000] [id=25068]
  0x0000024912c9eca0 GCTaskThread "GC Thread#0" [stack: 0x000000526a400000,0x000000526a500000] [id=21528]
  0x00000249462a16f0 GCTaskThread "GC Thread#1" [stack: 0x000000526b600000,0x000000526b700000] [id=28388]
  0x00000249462af310 GCTaskThread "GC Thread#2" [stack: 0x000000526b700000,0x000000526b800000] [id=28564]
  0x00000249462241d0 GCTaskThread "GC Thread#3" [stack: 0x000000526b800000,0x000000526b900000] [id=9960]
  0x0000024912ca3b00 ConcurrentGCThread "G1 Main Marker" [stack: 0x000000526a500000,0x000000526a600000] [id=11044]
  0x0000024912ca4430 ConcurrentGCThread "G1 Conc#0" [stack: 0x000000526a600000,0x000000526a700000] [id=26336]
  0x0000024912d2e240 ConcurrentGCThread "G1 Refine#0" [stack: 0x000000526a700000,0x000000526a800000] [id=8796]
  0x0000024947939c40 ConcurrentGCThread "G1 Refine#1" [stack: 0x000000526d800000,0x000000526d900000] [id=26032]
  0x0000024912d2eb80 ConcurrentGCThread "G1 Service" [stack: 0x000000526a800000,0x000000526a900000] [id=26172]

Threads with active compile tasks:
C2 CompilerThread0   193455 11285       4       groovy.lang.MetaClassImpl$1MOPIter::methodNameAction (325 bytes)

VM state: not at safepoint (normal execution)

VM Mutex/Monitor currently owned by a thread: None

Heap address: 0x00000000e0000000, size: 512 MB, Compressed Oops mode: 32-bit

CDS archive(s) mapped at: [0x000002492d000000-0x000002492dbb0000-0x000002492dbb0000), size 12255232, SharedBaseAddress: 0x000002492d000000, ArchiveRelocationMode: 1.
Compressed class space mapped at: 0x000002492e000000-0x0000024942000000, reserved size: 335544320
Narrow klass base: 0x000002492d000000, Narrow klass shift: 0, Narrow klass range: 0x100000000

GC Precious Log:
 CPUs: 4 total, 4 available
 Memory: 3955M
 Large Page Support: Disabled
 NUMA Support: Disabled
 Compressed Oops: Enabled (32-bit)
 Heap Region Size: 1M
 Heap Min Capacity: 256M
 Heap Initial Capacity: 256M
 Heap Max Capacity: 512M
 Pre-touch: Disabled
 Parallel Workers: 4
 Concurrent Workers: 1
 Concurrent Refinement Workers: 4
 Periodic GC: Disabled

Heap:
 garbage-first heap   total 262144K, used 180877K [0x00000000e0000000, 0x0000000100000000)
  region size 1024K, 111 young (113664K), 2 survivors (2048K)
 Metaspace       used 69150K, committed 69824K, reserved 393216K
  class space    used 9673K, committed 9984K, reserved 327680K

Heap Regions: E=young(eden), S=young(survivor), O=old, HS=humongous(starts), HC=humongous(continues), CS=collection set, F=free, OA=open archive, CA=closed archive, TAMS=top-at-mark-start (previous, next)
|   0|0x00000000e0000000, 0x00000000e0100000, 0x00000000e0100000|100%| O|  |TAMS 0x00000000e0100000, 0x00000000e0000000| Untracked 
|   1|0x00000000e0100000, 0x00000000e0200000, 0x00000000e0200000|100%| O|  |TAMS 0x00000000e0200000, 0x00000000e0100000| Untracked 
|   2|0x00000000e0200000, 0x00000000e0300000, 0x00000000e0300000|100%|HS|  |TAMS 0x00000000e0300000, 0x00000000e0200000| Complete 
|   3|0x00000000e0300000, 0x00000000e0400000, 0x00000000e0400000|100%|HC|  |TAMS 0x00000000e0400000, 0x00000000e0300000| Complete 
|   4|0x00000000e0400000, 0x00000000e0500000, 0x00000000e0500000|100%|HC|  |TAMS 0x00000000e0500000, 0x00000000e0400000| Complete 
|   5|0x00000000e0500000, 0x00000000e0600000, 0x00000000e0600000|100%|HC|  |TAMS 0x00000000e0600000, 0x00000000e0500000| Complete 
|   6|0x00000000e0600000, 0x00000000e0700000, 0x00000000e0700000|100%| O|  |TAMS 0x00000000e0700000, 0x00000000e0600000| Untracked 
|   7|0x00000000e0700000, 0x00000000e0800000, 0x00000000e0800000|100%| O|  |TAMS 0x00000000e0800000, 0x00000000e0700000| Untracked 
|   8|0x00000000e0800000, 0x00000000e0900000, 0x00000000e0900000|100%| O|  |TAMS 0x00000000e0900000, 0x00000000e0800000| Untracked 
|   9|0x00000000e0900000, 0x00000000e0a00000, 0x00000000e0a00000|100%| O|  |TAMS 0x00000000e0a00000, 0x00000000e0900000| Untracked 
|  10|0x00000000e0a00000, 0x00000000e0b00000, 0x00000000e0b00000|100%| O|  |TAMS 0x00000000e0b00000, 0x00000000e0a00000| Untracked 
|  11|0x00000000e0b00000, 0x00000000e0c00000, 0x00000000e0c00000|100%| O|  |TAMS 0x00000000e0c00000, 0x00000000e0b00000| Untracked 
|  12|0x00000000e0c00000, 0x00000000e0d00000, 0x00000000e0d00000|100%| O|  |TAMS 0x00000000e0d00000, 0x00000000e0c00000| Untracked 
|  13|0x00000000e0d00000, 0x00000000e0e00000, 0x00000000e0e00000|100%| O|  |TAMS 0x00000000e0e00000, 0x00000000e0d00000| Untracked 
|  14|0x00000000e0e00000, 0x00000000e0f00000, 0x00000000e0f00000|100%| O|  |TAMS 0x00000000e0f00000, 0x00000000e0e00000| Untracked 
|  15|0x00000000e0f00000, 0x00000000e1000000, 0x00000000e1000000|100%| O|  |TAMS 0x00000000e1000000, 0x00000000e0f00000| Untracked 
|  16|0x00000000e1000000, 0x00000000e1100000, 0x00000000e1100000|100%| O|  |TAMS 0x00000000e1100000, 0x00000000e1000000| Untracked 
|  17|0x00000000e1100000, 0x00000000e1200000, 0x00000000e1200000|100%| O|  |TAMS 0x00000000e1200000, 0x00000000e1100000| Untracked 
|  18|0x00000000e1200000, 0x00000000e1300000, 0x00000000e1300000|100%| O|  |TAMS 0x00000000e1300000, 0x00000000e1200000| Untracked 
|  19|0x00000000e1300000, 0x00000000e1400000, 0x00000000e1400000|100%| O|  |TAMS 0x00000000e1400000, 0x00000000e1300000| Untracked 
|  20|0x00000000e1400000, 0x00000000e1500000, 0x00000000e1500000|100%| O|  |TAMS 0x00000000e1500000, 0x00000000e1400000| Untracked 
|  21|0x00000000e1500000, 0x00000000e1600000, 0x00000000e1600000|100%| O|  |TAMS 0x00000000e1600000, 0x00000000e1500000| Untracked 
|  22|0x00000000e1600000, 0x00000000e1700000, 0x00000000e1700000|100%| O|  |TAMS 0x00000000e1700000, 0x00000000e1600000| Untracked 
|  23|0x00000000e1700000, 0x00000000e1800000, 0x00000000e1800000|100%| O|  |TAMS 0x00000000e1800000, 0x00000000e1700000| Untracked 
|  24|0x00000000e1800000, 0x00000000e1900000, 0x00000000e1900000|100%| O|  |TAMS 0x00000000e1900000, 0x00000000e1800000| Untracked 
|  25|0x00000000e1900000, 0x00000000e1a00000, 0x00000000e1a00000|100%| O|  |TAMS 0x00000000e1a00000, 0x00000000e1900000| Untracked 
|  26|0x00000000e1a00000, 0x00000000e1b00000, 0x00000000e1b00000|100%| O|  |TAMS 0x00000000e1b00000, 0x00000000e1a00000| Untracked 
|  27|0x00000000e1b00000, 0x00000000e1c00000, 0x00000000e1c00000|100%| O|  |TAMS 0x00000000e1c00000, 0x00000000e1b00000| Untracked 
|  28|0x00000000e1c00000, 0x00000000e1d00000, 0x00000000e1d00000|100%| O|  |TAMS 0x00000000e1d00000, 0x00000000e1c00000| Untracked 
|  29|0x00000000e1d00000, 0x00000000e1e00000, 0x00000000e1e00000|100%| O|  |TAMS 0x00000000e1e00000, 0x00000000e1d00000| Untracked 
|  30|0x00000000e1e00000, 0x00000000e1f00000, 0x00000000e1f00000|100%| O|  |TAMS 0x00000000e1f00000, 0x00000000e1e00000| Untracked 
|  31|0x00000000e1f00000, 0x00000000e2000000, 0x00000000e2000000|100%| O|  |TAMS 0x00000000e2000000, 0x00000000e1f00000| Untracked 
|  32|0x00000000e2000000, 0x00000000e2100000, 0x00000000e2100000|100%| O|  |TAMS 0x00000000e2100000, 0x00000000e2000000| Untracked 
|  33|0x00000000e2100000, 0x00000000e2200000, 0x00000000e2200000|100%| O|  |TAMS 0x00000000e2200000, 0x00000000e2100000| Untracked 
|  34|0x00000000e2200000, 0x00000000e2300000, 0x00000000e2300000|100%| O|  |TAMS 0x00000000e2300000, 0x00000000e2200000| Untracked 
|  35|0x00000000e2300000, 0x00000000e2400000, 0x00000000e2400000|100%| O|  |TAMS 0x00000000e2400000, 0x00000000e2300000| Untracked 
|  36|0x00000000e2400000, 0x00000000e2500000, 0x00000000e2500000|100%| O|  |TAMS 0x00000000e2500000, 0x00000000e2400000| Untracked 
|  37|0x00000000e2500000, 0x00000000e2600000, 0x00000000e2600000|100%| O|  |TAMS 0x00000000e2600000, 0x00000000e2500000| Untracked 
|  38|0x00000000e2600000, 0x00000000e2700000, 0x00000000e2700000|100%| O|  |TAMS 0x00000000e2700000, 0x00000000e2600000| Untracked 
|  39|0x00000000e2700000, 0x00000000e2800000, 0x00000000e2800000|100%| O|  |TAMS 0x00000000e2800000, 0x00000000e2700000| Untracked 
|  40|0x00000000e2800000, 0x00000000e2900000, 0x00000000e2900000|100%| O|  |TAMS 0x00000000e2900000, 0x00000000e2800000| Untracked 
|  41|0x00000000e2900000, 0x00000000e2a00000, 0x00000000e2a00000|100%| O|  |TAMS 0x00000000e2a00000, 0x00000000e2900000| Untracked 
|  42|0x00000000e2a00000, 0x00000000e2b00000, 0x00000000e2b00000|100%| O|  |TAMS 0x00000000e2b00000, 0x00000000e2a00000| Untracked 
|  43|0x00000000e2b00000, 0x00000000e2c00000, 0x00000000e2c00000|100%| O|  |TAMS 0x00000000e2c00000, 0x00000000e2b00000| Untracked 
|  44|0x00000000e2c00000, 0x00000000e2d00000, 0x00000000e2d00000|100%| O|  |TAMS 0x00000000e2d00000, 0x00000000e2c00000| Untracked 
|  45|0x00000000e2d00000, 0x00000000e2e00000, 0x00000000e2e00000|100%| O|  |TAMS 0x00000000e2e00000, 0x00000000e2d00000| Untracked 
|  46|0x00000000e2e00000, 0x00000000e2f00000, 0x00000000e2f00000|100%| O|  |TAMS 0x00000000e2f00000, 0x00000000e2e00000| Untracked 
|  47|0x00000000e2f00000, 0x00000000e3000000, 0x00000000e3000000|100%| O|  |TAMS 0x00000000e3000000, 0x00000000e2f00000| Untracked 
|  48|0x00000000e3000000, 0x00000000e3100000, 0x00000000e3100000|100%| O|  |TAMS 0x00000000e3000000, 0x00000000e3000000| Untracked 
|  49|0x00000000e3100000, 0x00000000e3200000, 0x00000000e3200000|100%| O|  |TAMS 0x00000000e3100000, 0x00000000e3100000| Untracked 
|  50|0x00000000e3200000, 0x00000000e3300000, 0x00000000e3300000|100%| O|  |TAMS 0x00000000e3200000, 0x00000000e3200000| Untracked 
|  51|0x00000000e3300000, 0x00000000e3400000, 0x00000000e3400000|100%| O|  |TAMS 0x00000000e3300000, 0x00000000e3300000| Untracked 
|  52|0x00000000e3400000, 0x00000000e3500000, 0x00000000e3500000|100%| O|  |TAMS 0x00000000e3400000, 0x00000000e3400000| Untracked 
|  53|0x00000000e3500000, 0x00000000e3600000, 0x00000000e3600000|100%| O|  |TAMS 0x00000000e3500000, 0x00000000e3500000| Untracked 
|  54|0x00000000e3600000, 0x00000000e3700000, 0x00000000e3700000|100%| O|  |TAMS 0x00000000e3600000, 0x00000000e3600000| Untracked 
|  55|0x00000000e3700000, 0x00000000e3800000, 0x00000000e3800000|100%| O|  |TAMS 0x00000000e3700000, 0x00000000e3700000| Untracked 
|  56|0x00000000e3800000, 0x00000000e3900000, 0x00000000e3900000|100%|HS|  |TAMS 0x00000000e3800000, 0x00000000e3800000| Complete 
|  57|0x00000000e3900000, 0x00000000e3a00000, 0x00000000e3a00000|100%| O|  |TAMS 0x00000000e3900000, 0x00000000e3900000| Untracked 
|  58|0x00000000e3a00000, 0x00000000e3b00000, 0x00000000e3b00000|100%| O|  |TAMS 0x00000000e3a00000, 0x00000000e3a00000| Untracked 
|  59|0x00000000e3b00000, 0x00000000e3c00000, 0x00000000e3c00000|100%| O|  |TAMS 0x00000000e3b00000, 0x00000000e3b00000| Untracked 
|  60|0x00000000e3c00000, 0x00000000e3d00000, 0x00000000e3d00000|100%| O|  |TAMS 0x00000000e3c00000, 0x00000000e3c00000| Untracked 
|  61|0x00000000e3d00000, 0x00000000e3e00000, 0x00000000e3e00000|100%| O|  |TAMS 0x00000000e3d00000, 0x00000000e3d00000| Untracked 
|  62|0x00000000e3e00000, 0x00000000e3f00000, 0x00000000e3f00000|100%| O|  |TAMS 0x00000000e3e00000, 0x00000000e3e00000| Untracked 
|  63|0x00000000e3f00000, 0x00000000e4000000, 0x00000000e4000000|100%| O|  |TAMS 0x00000000e3f00000, 0x00000000e3f00000| Untracked 
|  64|0x00000000e4000000, 0x00000000e4100000, 0x00000000e4100000|100%| O|  |TAMS 0x00000000e4000000, 0x00000000e4000000| Untracked 
|  65|0x00000000e4100000, 0x00000000e4148800, 0x00000000e4200000| 28%| O|  |TAMS 0x00000000e4100000, 0x00000000e4100000| Untracked 
|  66|0x00000000e4200000, 0x00000000e4300000, 0x00000000e4300000|100%|HS|  |TAMS 0x00000000e4200000, 0x00000000e4200000| Complete 
|  67|0x00000000e4300000, 0x00000000e4400000, 0x00000000e4400000|100%|HS|  |TAMS 0x00000000e4300000, 0x00000000e4300000| Complete 
|  68|0x00000000e4400000, 0x00000000e4500000, 0x00000000e4500000|100%|HS|  |TAMS 0x00000000e4400000, 0x00000000e4400000| Complete 
|  69|0x00000000e4500000, 0x00000000e4500000, 0x00000000e4600000|  0%| F|  |TAMS 0x00000000e4500000, 0x00000000e4500000| Untracked 
|  70|0x00000000e4600000, 0x00000000e4600000, 0x00000000e4700000|  0%| F|  |TAMS 0x00000000e4600000, 0x00000000e4600000| Untracked 
|  71|0x00000000e4700000, 0x00000000e4700000, 0x00000000e4800000|  0%| F|  |TAMS 0x00000000e4700000, 0x00000000e4700000| Untracked 
|  72|0x00000000e4800000, 0x00000000e4800000, 0x00000000e4900000|  0%| F|  |TAMS 0x00000000e4800000, 0x00000000e4800000| Untracked 
|  73|0x00000000e4900000, 0x00000000e4900000, 0x00000000e4a00000|  0%| F|  |TAMS 0x00000000e4900000, 0x00000000e4900000| Untracked 
|  74|0x00000000e4a00000, 0x00000000e4a00000, 0x00000000e4b00000|  0%| F|  |TAMS 0x00000000e4a00000, 0x00000000e4a00000| Untracked 
|  75|0x00000000e4b00000, 0x00000000e4b00000, 0x00000000e4c00000|  0%| F|  |TAMS 0x00000000e4b00000, 0x00000000e4b00000| Untracked 
|  76|0x00000000e4c00000, 0x00000000e4c00000, 0x00000000e4d00000|  0%| F|  |TAMS 0x00000000e4c00000, 0x00000000e4c00000| Untracked 
|  77|0x00000000e4d00000, 0x00000000e4d00000, 0x00000000e4e00000|  0%| F|  |TAMS 0x00000000e4d00000, 0x00000000e4d00000| Untracked 
|  78|0x00000000e4e00000, 0x00000000e4e00000, 0x00000000e4f00000|  0%| F|  |TAMS 0x00000000e4e00000, 0x00000000e4e00000| Untracked 
|  79|0x00000000e4f00000, 0x00000000e4f00000, 0x00000000e5000000|  0%| F|  |TAMS 0x00000000e4f00000, 0x00000000e4f00000| Untracked 
|  80|0x00000000e5000000, 0x00000000e5000000, 0x00000000e5100000|  0%| F|  |TAMS 0x00000000e5000000, 0x00000000e5000000| Untracked 
|  81|0x00000000e5100000, 0x00000000e5100000, 0x00000000e5200000|  0%| F|  |TAMS 0x00000000e5100000, 0x00000000e5100000| Untracked 
|  82|0x00000000e5200000, 0x00000000e5200000, 0x00000000e5300000|  0%| F|  |TAMS 0x00000000e5200000, 0x00000000e5200000| Untracked 
|  83|0x00000000e5300000, 0x00000000e5300000, 0x00000000e5400000|  0%| F|  |TAMS 0x00000000e5300000, 0x00000000e5300000| Untracked 
|  84|0x00000000e5400000, 0x00000000e5400000, 0x00000000e5500000|  0%| F|  |TAMS 0x00000000e5400000, 0x00000000e5400000| Untracked 
|  85|0x00000000e5500000, 0x00000000e5500000, 0x00000000e5600000|  0%| F|  |TAMS 0x00000000e5500000, 0x00000000e5500000| Untracked 
|  86|0x00000000e5600000, 0x00000000e5600000, 0x00000000e5700000|  0%| F|  |TAMS 0x00000000e5600000, 0x00000000e5600000| Untracked 
|  87|0x00000000e5700000, 0x00000000e5700000, 0x00000000e5800000|  0%| F|  |TAMS 0x00000000e5700000, 0x00000000e5700000| Untracked 
|  88|0x00000000e5800000, 0x00000000e5800000, 0x00000000e5900000|  0%| F|  |TAMS 0x00000000e5800000, 0x00000000e5800000| Untracked 
|  89|0x00000000e5900000, 0x00000000e5900000, 0x00000000e5a00000|  0%| F|  |TAMS 0x00000000e5900000, 0x00000000e5900000| Untracked 
|  90|0x00000000e5a00000, 0x00000000e5a00000, 0x00000000e5b00000|  0%| F|  |TAMS 0x00000000e5a00000, 0x00000000e5a00000| Untracked 
|  91|0x00000000e5b00000, 0x00000000e5b00000, 0x00000000e5c00000|  0%| F|  |TAMS 0x00000000e5b00000, 0x00000000e5b00000| Untracked 
|  92|0x00000000e5c00000, 0x00000000e5c00000, 0x00000000e5d00000|  0%| F|  |TAMS 0x00000000e5c00000, 0x00000000e5c00000| Untracked 
|  93|0x00000000e5d00000, 0x00000000e5d00000, 0x00000000e5e00000|  0%| F|  |TAMS 0x00000000e5d00000, 0x00000000e5d00000| Untracked 
|  94|0x00000000e5e00000, 0x00000000e5e00000, 0x00000000e5f00000|  0%| F|  |TAMS 0x00000000e5e00000, 0x00000000e5e00000| Untracked 
|  95|0x00000000e5f00000, 0x00000000e5f00000, 0x00000000e6000000|  0%| F|  |TAMS 0x00000000e5f00000, 0x00000000e5f00000| Untracked 
|  96|0x00000000e6000000, 0x00000000e6000000, 0x00000000e6100000|  0%| F|  |TAMS 0x00000000e6000000, 0x00000000e6000000| Untracked 
|  97|0x00000000e6100000, 0x00000000e6100000, 0x00000000e6200000|  0%| F|  |TAMS 0x00000000e6100000, 0x00000000e6100000| Untracked 
|  98|0x00000000e6200000, 0x00000000e6200000, 0x00000000e6300000|  0%| F|  |TAMS 0x00000000e6200000, 0x00000000e6200000| Untracked 
|  99|0x00000000e6300000, 0x00000000e6300000, 0x00000000e6400000|  0%| F|  |TAMS 0x00000000e6300000, 0x00000000e6300000| Untracked 
| 100|0x00000000e6400000, 0x00000000e6400000, 0x00000000e6500000|  0%| F|  |TAMS 0x00000000e6400000, 0x00000000e6400000| Untracked 
| 101|0x00000000e6500000, 0x00000000e6500000, 0x00000000e6600000|  0%| F|  |TAMS 0x00000000e6500000, 0x00000000e6500000| Untracked 
| 102|0x00000000e6600000, 0x00000000e6600000, 0x00000000e6700000|  0%| F|  |TAMS 0x00000000e6600000, 0x00000000e6600000| Untracked 
| 103|0x00000000e6700000, 0x00000000e6700000, 0x00000000e6800000|  0%| F|  |TAMS 0x00000000e6700000, 0x00000000e6700000| Untracked 
| 104|0x00000000e6800000, 0x00000000e6800000, 0x00000000e6900000|  0%| F|  |TAMS 0x00000000e6800000, 0x00000000e6800000| Untracked 
| 105|0x00000000e6900000, 0x00000000e6900000, 0x00000000e6a00000|  0%| F|  |TAMS 0x00000000e6900000, 0x00000000e6900000| Untracked 
| 106|0x00000000e6a00000, 0x00000000e6a00000, 0x00000000e6b00000|  0%| F|  |TAMS 0x00000000e6a00000, 0x00000000e6a00000| Untracked 
| 107|0x00000000e6b00000, 0x00000000e6b00000, 0x00000000e6c00000|  0%| F|  |TAMS 0x00000000e6b00000, 0x00000000e6b00000| Untracked 
| 108|0x00000000e6c00000, 0x00000000e6c00000, 0x00000000e6d00000|  0%| F|  |TAMS 0x00000000e6c00000, 0x00000000e6c00000| Untracked 
| 109|0x00000000e6d00000, 0x00000000e6d00000, 0x00000000e6e00000|  0%| F|  |TAMS 0x00000000e6d00000, 0x00000000e6d00000| Untracked 
| 110|0x00000000e6e00000, 0x00000000e6e00000, 0x00000000e6f00000|  0%| F|  |TAMS 0x00000000e6e00000, 0x00000000e6e00000| Untracked 
| 111|0x00000000e6f00000, 0x00000000e6f00000, 0x00000000e7000000|  0%| F|  |TAMS 0x00000000e6f00000, 0x00000000e6f00000| Untracked 
| 112|0x00000000e7000000, 0x00000000e7000000, 0x00000000e7100000|  0%| F|  |TAMS 0x00000000e7000000, 0x00000000e7000000| Untracked 
| 113|0x00000000e7100000, 0x00000000e7100000, 0x00000000e7200000|  0%| F|  |TAMS 0x00000000e7100000, 0x00000000e7100000| Untracked 
| 114|0x00000000e7200000, 0x00000000e725afe0, 0x00000000e7300000| 35%| S|CS|TAMS 0x00000000e7200000, 0x00000000e7200000| Complete 
| 115|0x00000000e7300000, 0x00000000e7400000, 0x00000000e7400000|100%| S|CS|TAMS 0x00000000e7300000, 0x00000000e7300000| Complete 
| 116|0x00000000e7400000, 0x00000000e7400000, 0x00000000e7500000|  0%| F|  |TAMS 0x00000000e7400000, 0x00000000e7400000| Untracked 
| 117|0x00000000e7500000, 0x00000000e7500000, 0x00000000e7600000|  0%| F|  |TAMS 0x00000000e7500000, 0x00000000e7500000| Untracked 
| 118|0x00000000e7600000, 0x00000000e7600000, 0x00000000e7700000|  0%| F|  |TAMS 0x00000000e7600000, 0x00000000e7600000| Untracked 
| 119|0x00000000e7700000, 0x00000000e7700000, 0x00000000e7800000|  0%| F|  |TAMS 0x00000000e7700000, 0x00000000e7700000| Untracked 
| 120|0x00000000e7800000, 0x00000000e7800000, 0x00000000e7900000|  0%| F|  |TAMS 0x00000000e7800000, 0x00000000e7800000| Untracked 
| 121|0x00000000e7900000, 0x00000000e7900000, 0x00000000e7a00000|  0%| F|  |TAMS 0x00000000e7900000, 0x00000000e7900000| Untracked 
| 122|0x00000000e7a00000, 0x00000000e7a00000, 0x00000000e7b00000|  0%| F|  |TAMS 0x00000000e7a00000, 0x00000000e7a00000| Untracked 
| 123|0x00000000e7b00000, 0x00000000e7b00000, 0x00000000e7c00000|  0%| F|  |TAMS 0x00000000e7b00000, 0x00000000e7b00000| Untracked 
| 124|0x00000000e7c00000, 0x00000000e7c00000, 0x00000000e7d00000|  0%| F|  |TAMS 0x00000000e7c00000, 0x00000000e7c00000| Untracked 
| 125|0x00000000e7d00000, 0x00000000e7d00000, 0x00000000e7e00000|  0%| F|  |TAMS 0x00000000e7d00000, 0x00000000e7d00000| Untracked 
| 126|0x00000000e7e00000, 0x00000000e7e00000, 0x00000000e7f00000|  0%| F|  |TAMS 0x00000000e7e00000, 0x00000000e7e00000| Untracked 
| 127|0x00000000e7f00000, 0x00000000e7f00000, 0x00000000e8000000|  0%| F|  |TAMS 0x00000000e7f00000, 0x00000000e7f00000| Untracked 
| 128|0x00000000e8000000, 0x00000000e8000000, 0x00000000e8100000|  0%| F|  |TAMS 0x00000000e8000000, 0x00000000e8000000| Untracked 
| 129|0x00000000e8100000, 0x00000000e8100000, 0x00000000e8200000|  0%| F|  |TAMS 0x00000000e8100000, 0x00000000e8100000| Untracked 
| 130|0x00000000e8200000, 0x00000000e8200000, 0x00000000e8300000|  0%| F|  |TAMS 0x00000000e8200000, 0x00000000e8200000| Untracked 
| 131|0x00000000e8300000, 0x00000000e8300000, 0x00000000e8400000|  0%| F|  |TAMS 0x00000000e8300000, 0x00000000e8300000| Untracked 
| 132|0x00000000e8400000, 0x00000000e8400000, 0x00000000e8500000|  0%| F|  |TAMS 0x00000000e8400000, 0x00000000e8400000| Untracked 
| 133|0x00000000e8500000, 0x00000000e8500000, 0x00000000e8600000|  0%| F|  |TAMS 0x00000000e8500000, 0x00000000e8500000| Untracked 
| 134|0x00000000e8600000, 0x00000000e8600000, 0x00000000e8700000|  0%| F|  |TAMS 0x00000000e8600000, 0x00000000e8600000| Untracked 
| 135|0x00000000e8700000, 0x00000000e8700000, 0x00000000e8800000|  0%| F|  |TAMS 0x00000000e8700000, 0x00000000e8700000| Untracked 
| 136|0x00000000e8800000, 0x00000000e8800000, 0x00000000e8900000|  0%| F|  |TAMS 0x00000000e8800000, 0x00000000e8800000| Untracked 
| 137|0x00000000e8900000, 0x00000000e8900000, 0x00000000e8a00000|  0%| F|  |TAMS 0x00000000e8900000, 0x00000000e8900000| Untracked 
| 138|0x00000000e8a00000, 0x00000000e8a00000, 0x00000000e8b00000|  0%| F|  |TAMS 0x00000000e8a00000, 0x00000000e8a00000| Untracked 
| 139|0x00000000e8b00000, 0x00000000e8b00000, 0x00000000e8c00000|  0%| F|  |TAMS 0x00000000e8b00000, 0x00000000e8b00000| Untracked 
| 140|0x00000000e8c00000, 0x00000000e8c00000, 0x00000000e8d00000|  0%| F|  |TAMS 0x00000000e8c00000, 0x00000000e8c00000| Untracked 
| 141|0x00000000e8d00000, 0x00000000e8d00000, 0x00000000e8e00000|  0%| F|  |TAMS 0x00000000e8d00000, 0x00000000e8d00000| Untracked 
| 142|0x00000000e8e00000, 0x00000000e8e00000, 0x00000000e8f00000|  0%| F|  |TAMS 0x00000000e8e00000, 0x00000000e8e00000| Untracked 
| 143|0x00000000e8f00000, 0x00000000e8f00000, 0x00000000e9000000|  0%| F|  |TAMS 0x00000000e8f00000, 0x00000000e8f00000| Untracked 
| 144|0x00000000e9000000, 0x00000000e9000000, 0x00000000e9100000|  0%| F|  |TAMS 0x00000000e9000000, 0x00000000e9000000| Untracked 
| 145|0x00000000e9100000, 0x00000000e9100000, 0x00000000e9200000|  0%| F|  |TAMS 0x00000000e9100000, 0x00000000e9100000| Untracked 
| 146|0x00000000e9200000, 0x00000000e9200000, 0x00000000e9300000|  0%| F|  |TAMS 0x00000000e9200000, 0x00000000e9200000| Untracked 
| 147|0x00000000e9300000, 0x00000000e93b8ef8, 0x00000000e9400000| 72%| E|  |TAMS 0x00000000e9300000, 0x00000000e9300000| Complete 
| 148|0x00000000e9400000, 0x00000000e9500000, 0x00000000e9500000|100%| E|CS|TAMS 0x00000000e9400000, 0x00000000e9400000| Complete 
| 149|0x00000000e9500000, 0x00000000e9600000, 0x00000000e9600000|100%| E|CS|TAMS 0x00000000e9500000, 0x00000000e9500000| Complete 
| 150|0x00000000e9600000, 0x00000000e9700000, 0x00000000e9700000|100%| E|  |TAMS 0x00000000e9600000, 0x00000000e9600000| Complete 
| 151|0x00000000e9700000, 0x00000000e9800000, 0x00000000e9800000|100%| E|CS|TAMS 0x00000000e9700000, 0x00000000e9700000| Complete 
| 152|0x00000000e9800000, 0x00000000e9900000, 0x00000000e9900000|100%| E|CS|TAMS 0x00000000e9800000, 0x00000000e9800000| Complete 
| 153|0x00000000e9900000, 0x00000000e9a00000, 0x00000000e9a00000|100%| E|CS|TAMS 0x00000000e9900000, 0x00000000e9900000| Complete 
| 154|0x00000000e9a00000, 0x00000000e9b00000, 0x00000000e9b00000|100%| E|CS|TAMS 0x00000000e9a00000, 0x00000000e9a00000| Complete 
| 155|0x00000000e9b00000, 0x00000000e9c00000, 0x00000000e9c00000|100%| E|CS|TAMS 0x00000000e9b00000, 0x00000000e9b00000| Complete 
| 156|0x00000000e9c00000, 0x00000000e9d00000, 0x00000000e9d00000|100%| E|CS|TAMS 0x00000000e9c00000, 0x00000000e9c00000| Complete 
| 157|0x00000000e9d00000, 0x00000000e9e00000, 0x00000000e9e00000|100%| E|CS|TAMS 0x00000000e9d00000, 0x00000000e9d00000| Complete 
| 158|0x00000000e9e00000, 0x00000000e9f00000, 0x00000000e9f00000|100%| E|CS|TAMS 0x00000000e9e00000, 0x00000000e9e00000| Complete 
| 159|0x00000000e9f00000, 0x00000000ea000000, 0x00000000ea000000|100%| E|CS|TAMS 0x00000000e9f00000, 0x00000000e9f00000| Complete 
| 160|0x00000000ea000000, 0x00000000ea100000, 0x00000000ea100000|100%| E|CS|TAMS 0x00000000ea000000, 0x00000000ea000000| Complete 
| 161|0x00000000ea100000, 0x00000000ea200000, 0x00000000ea200000|100%| E|CS|TAMS 0x00000000ea100000, 0x00000000ea100000| Complete 
| 162|0x00000000ea200000, 0x00000000ea300000, 0x00000000ea300000|100%| E|CS|TAMS 0x00000000ea200000, 0x00000000ea200000| Complete 
| 163|0x00000000ea300000, 0x00000000ea400000, 0x00000000ea400000|100%| E|CS|TAMS 0x00000000ea300000, 0x00000000ea300000| Complete 
| 164|0x00000000ea400000, 0x00000000ea500000, 0x00000000ea500000|100%| E|CS|TAMS 0x00000000ea400000, 0x00000000ea400000| Complete 
| 165|0x00000000ea500000, 0x00000000ea600000, 0x00000000ea600000|100%| E|CS|TAMS 0x00000000ea500000, 0x00000000ea500000| Complete 
| 166|0x00000000ea600000, 0x00000000ea700000, 0x00000000ea700000|100%| E|CS|TAMS 0x00000000ea600000, 0x00000000ea600000| Complete 
| 167|0x00000000ea700000, 0x00000000ea800000, 0x00000000ea800000|100%| E|CS|TAMS 0x00000000ea700000, 0x00000000ea700000| Complete 
| 168|0x00000000ea800000, 0x00000000ea900000, 0x00000000ea900000|100%| E|CS|TAMS 0x00000000ea800000, 0x00000000ea800000| Complete 
| 169|0x00000000ea900000, 0x00000000eaa00000, 0x00000000eaa00000|100%| E|CS|TAMS 0x00000000ea900000, 0x00000000ea900000| Complete 
| 170|0x00000000eaa00000, 0x00000000eab00000, 0x00000000eab00000|100%| E|CS|TAMS 0x00000000eaa00000, 0x00000000eaa00000| Complete 
| 171|0x00000000eab00000, 0x00000000eac00000, 0x00000000eac00000|100%| E|CS|TAMS 0x00000000eab00000, 0x00000000eab00000| Complete 
| 172|0x00000000eac00000, 0x00000000ead00000, 0x00000000ead00000|100%| E|CS|TAMS 0x00000000eac00000, 0x00000000eac00000| Complete 
| 173|0x00000000ead00000, 0x00000000eae00000, 0x00000000eae00000|100%| E|CS|TAMS 0x00000000ead00000, 0x00000000ead00000| Complete 
| 174|0x00000000eae00000, 0x00000000eaf00000, 0x00000000eaf00000|100%| E|CS|TAMS 0x00000000eae00000, 0x00000000eae00000| Complete 
| 175|0x00000000eaf00000, 0x00000000eb000000, 0x00000000eb000000|100%| E|CS|TAMS 0x00000000eaf00000, 0x00000000eaf00000| Complete 
| 176|0x00000000eb000000, 0x00000000eb100000, 0x00000000eb100000|100%| E|CS|TAMS 0x00000000eb000000, 0x00000000eb000000| Complete 
| 177|0x00000000eb100000, 0x00000000eb200000, 0x00000000eb200000|100%| E|CS|TAMS 0x00000000eb100000, 0x00000000eb100000| Complete 
| 178|0x00000000eb200000, 0x00000000eb300000, 0x00000000eb300000|100%| E|CS|TAMS 0x00000000eb200000, 0x00000000eb200000| Complete 
| 179|0x00000000eb300000, 0x00000000eb400000, 0x00000000eb400000|100%| E|CS|TAMS 0x00000000eb300000, 0x00000000eb300000| Complete 
| 180|0x00000000eb400000, 0x00000000eb500000, 0x00000000eb500000|100%| E|CS|TAMS 0x00000000eb400000, 0x00000000eb400000| Complete 
| 181|0x00000000eb500000, 0x00000000eb600000, 0x00000000eb600000|100%| E|CS|TAMS 0x00000000eb500000, 0x00000000eb500000| Complete 
| 182|0x00000000eb600000, 0x00000000eb700000, 0x00000000eb700000|100%| E|CS|TAMS 0x00000000eb600000, 0x00000000eb600000| Complete 
| 183|0x00000000eb700000, 0x00000000eb800000, 0x00000000eb800000|100%| E|CS|TAMS 0x00000000eb700000, 0x00000000eb700000| Complete 
| 184|0x00000000eb800000, 0x00000000eb900000, 0x00000000eb900000|100%| E|CS|TAMS 0x00000000eb800000, 0x00000000eb800000| Complete 
| 185|0x00000000eb900000, 0x00000000eba00000, 0x00000000eba00000|100%| E|CS|TAMS 0x00000000eb900000, 0x00000000eb900000| Complete 
| 186|0x00000000eba00000, 0x00000000ebb00000, 0x00000000ebb00000|100%| E|CS|TAMS 0x00000000eba00000, 0x00000000eba00000| Complete 
| 187|0x00000000ebb00000, 0x00000000ebc00000, 0x00000000ebc00000|100%| E|CS|TAMS 0x00000000ebb00000, 0x00000000ebb00000| Complete 
| 188|0x00000000ebc00000, 0x00000000ebd00000, 0x00000000ebd00000|100%| E|CS|TAMS 0x00000000ebc00000, 0x00000000ebc00000| Complete 
| 189|0x00000000ebd00000, 0x00000000ebe00000, 0x00000000ebe00000|100%| E|CS|TAMS 0x00000000ebd00000, 0x00000000ebd00000| Complete 
| 190|0x00000000ebe00000, 0x00000000ebf00000, 0x00000000ebf00000|100%| E|CS|TAMS 0x00000000ebe00000, 0x00000000ebe00000| Complete 
| 191|0x00000000ebf00000, 0x00000000ec000000, 0x00000000ec000000|100%| E|CS|TAMS 0x00000000ebf00000, 0x00000000ebf00000| Complete 
| 192|0x00000000ec000000, 0x00000000ec100000, 0x00000000ec100000|100%| E|CS|TAMS 0x00000000ec000000, 0x00000000ec000000| Complete 
| 193|0x00000000ec100000, 0x00000000ec200000, 0x00000000ec200000|100%| E|CS|TAMS 0x00000000ec100000, 0x00000000ec100000| Complete 
| 194|0x00000000ec200000, 0x00000000ec300000, 0x00000000ec300000|100%| E|CS|TAMS 0x00000000ec200000, 0x00000000ec200000| Complete 
| 195|0x00000000ec300000, 0x00000000ec400000, 0x00000000ec400000|100%| E|CS|TAMS 0x00000000ec300000, 0x00000000ec300000| Complete 
| 196|0x00000000ec400000, 0x00000000ec500000, 0x00000000ec500000|100%| E|CS|TAMS 0x00000000ec400000, 0x00000000ec400000| Complete 
| 197|0x00000000ec500000, 0x00000000ec600000, 0x00000000ec600000|100%| E|CS|TAMS 0x00000000ec500000, 0x00000000ec500000| Complete 
| 198|0x00000000ec600000, 0x00000000ec700000, 0x00000000ec700000|100%| E|CS|TAMS 0x00000000ec600000, 0x00000000ec600000| Complete 
| 199|0x00000000ec700000, 0x00000000ec800000, 0x00000000ec800000|100%| E|CS|TAMS 0x00000000ec700000, 0x00000000ec700000| Complete 
| 200|0x00000000ec800000, 0x00000000ec900000, 0x00000000ec900000|100%| E|CS|TAMS 0x00000000ec800000, 0x00000000ec800000| Complete 
| 201|0x00000000ec900000, 0x00000000eca00000, 0x00000000eca00000|100%| E|CS|TAMS 0x00000000ec900000, 0x00000000ec900000| Complete 
| 202|0x00000000eca00000, 0x00000000ecb00000, 0x00000000ecb00000|100%| E|CS|TAMS 0x00000000eca00000, 0x00000000eca00000| Complete 
| 203|0x00000000ecb00000, 0x00000000ecc00000, 0x00000000ecc00000|100%| E|CS|TAMS 0x00000000ecb00000, 0x00000000ecb00000| Complete 
| 204|0x00000000ecc00000, 0x00000000ecd00000, 0x00000000ecd00000|100%| E|CS|TAMS 0x00000000ecc00000, 0x00000000ecc00000| Complete 
| 205|0x00000000ecd00000, 0x00000000ece00000, 0x00000000ece00000|100%| E|CS|TAMS 0x00000000ecd00000, 0x00000000ecd00000| Complete 
| 206|0x00000000ece00000, 0x00000000ecf00000, 0x00000000ecf00000|100%| E|CS|TAMS 0x00000000ece00000, 0x00000000ece00000| Complete 
| 207|0x00000000ecf00000, 0x00000000ed000000, 0x00000000ed000000|100%| E|CS|TAMS 0x00000000ecf00000, 0x00000000ecf00000| Complete 
| 208|0x00000000ed000000, 0x00000000ed100000, 0x00000000ed100000|100%| E|CS|TAMS 0x00000000ed000000, 0x00000000ed000000| Complete 
| 209|0x00000000ed100000, 0x00000000ed200000, 0x00000000ed200000|100%| E|CS|TAMS 0x00000000ed100000, 0x00000000ed100000| Complete 
| 210|0x00000000ed200000, 0x00000000ed300000, 0x00000000ed300000|100%| E|CS|TAMS 0x00000000ed200000, 0x00000000ed200000| Complete 
| 211|0x00000000ed300000, 0x00000000ed400000, 0x00000000ed400000|100%| E|CS|TAMS 0x00000000ed300000, 0x00000000ed300000| Complete 
| 212|0x00000000ed400000, 0x00000000ed500000, 0x00000000ed500000|100%| E|CS|TAMS 0x00000000ed400000, 0x00000000ed400000| Complete 
| 213|0x00000000ed500000, 0x00000000ed600000, 0x00000000ed600000|100%| E|CS|TAMS 0x00000000ed500000, 0x00000000ed500000| Complete 
| 214|0x00000000ed600000, 0x00000000ed700000, 0x00000000ed700000|100%| E|CS|TAMS 0x00000000ed600000, 0x00000000ed600000| Complete 
| 215|0x00000000ed700000, 0x00000000ed800000, 0x00000000ed800000|100%| E|CS|TAMS 0x00000000ed700000, 0x00000000ed700000| Complete 
| 216|0x00000000ed800000, 0x00000000ed900000, 0x00000000ed900000|100%| E|CS|TAMS 0x00000000ed800000, 0x00000000ed800000| Complete 
| 217|0x00000000ed900000, 0x00000000eda00000, 0x00000000eda00000|100%| E|CS|TAMS 0x00000000ed900000, 0x00000000ed900000| Complete 
| 218|0x00000000eda00000, 0x00000000edb00000, 0x00000000edb00000|100%| E|CS|TAMS 0x00000000eda00000, 0x00000000eda00000| Complete 
| 219|0x00000000edb00000, 0x00000000edc00000, 0x00000000edc00000|100%| E|CS|TAMS 0x00000000edb00000, 0x00000000edb00000| Complete 
| 220|0x00000000edc00000, 0x00000000edd00000, 0x00000000edd00000|100%| E|CS|TAMS 0x00000000edc00000, 0x00000000edc00000| Complete 
| 221|0x00000000edd00000, 0x00000000ede00000, 0x00000000ede00000|100%| E|CS|TAMS 0x00000000edd00000, 0x00000000edd00000| Complete 
| 222|0x00000000ede00000, 0x00000000edf00000, 0x00000000edf00000|100%| E|CS|TAMS 0x00000000ede00000, 0x00000000ede00000| Complete 
| 223|0x00000000edf00000, 0x00000000ee000000, 0x00000000ee000000|100%| E|CS|TAMS 0x00000000edf00000, 0x00000000edf00000| Complete 
| 224|0x00000000ee000000, 0x00000000ee100000, 0x00000000ee100000|100%| E|CS|TAMS 0x00000000ee000000, 0x00000000ee000000| Complete 
| 225|0x00000000ee100000, 0x00000000ee200000, 0x00000000ee200000|100%| E|CS|TAMS 0x00000000ee100000, 0x00000000ee100000| Complete 
| 226|0x00000000ee200000, 0x00000000ee300000, 0x00000000ee300000|100%| E|CS|TAMS 0x00000000ee200000, 0x00000000ee200000| Complete 
| 227|0x00000000ee300000, 0x00000000ee400000, 0x00000000ee400000|100%| E|CS|TAMS 0x00000000ee300000, 0x00000000ee300000| Complete 
| 228|0x00000000ee400000, 0x00000000ee500000, 0x00000000ee500000|100%| E|CS|TAMS 0x00000000ee400000, 0x00000000ee400000| Complete 
| 229|0x00000000ee500000, 0x00000000ee600000, 0x00000000ee600000|100%| E|CS|TAMS 0x00000000ee500000, 0x00000000ee500000| Complete 
| 230|0x00000000ee600000, 0x00000000ee700000, 0x00000000ee700000|100%| E|CS|TAMS 0x00000000ee600000, 0x00000000ee600000| Complete 
| 231|0x00000000ee700000, 0x00000000ee800000, 0x00000000ee800000|100%| E|CS|TAMS 0x00000000ee700000, 0x00000000ee700000| Complete 
| 232|0x00000000ee800000, 0x00000000ee900000, 0x00000000ee900000|100%| E|CS|TAMS 0x00000000ee800000, 0x00000000ee800000| Complete 
| 233|0x00000000ee900000, 0x00000000eea00000, 0x00000000eea00000|100%| E|CS|TAMS 0x00000000ee900000, 0x00000000ee900000| Complete 
| 234|0x00000000eea00000, 0x00000000eeb00000, 0x00000000eeb00000|100%| E|CS|TAMS 0x00000000eea00000, 0x00000000eea00000| Complete 
| 235|0x00000000eeb00000, 0x00000000eec00000, 0x00000000eec00000|100%| E|CS|TAMS 0x00000000eeb00000, 0x00000000eeb00000| Complete 
| 236|0x00000000eec00000, 0x00000000eed00000, 0x00000000eed00000|100%| E|CS|TAMS 0x00000000eec00000, 0x00000000eec00000| Complete 
| 237|0x00000000eed00000, 0x00000000eee00000, 0x00000000eee00000|100%| E|CS|TAMS 0x00000000eed00000, 0x00000000eed00000| Complete 
| 238|0x00000000eee00000, 0x00000000eef00000, 0x00000000eef00000|100%| E|CS|TAMS 0x00000000eee00000, 0x00000000eee00000| Complete 
| 239|0x00000000eef00000, 0x00000000ef000000, 0x00000000ef000000|100%| E|CS|TAMS 0x00000000eef00000, 0x00000000eef00000| Complete 
| 240|0x00000000ef000000, 0x00000000ef100000, 0x00000000ef100000|100%| E|CS|TAMS 0x00000000ef000000, 0x00000000ef000000| Complete 
| 241|0x00000000ef100000, 0x00000000ef200000, 0x00000000ef200000|100%| E|CS|TAMS 0x00000000ef100000, 0x00000000ef100000| Complete 
| 242|0x00000000ef200000, 0x00000000ef300000, 0x00000000ef300000|100%| E|CS|TAMS 0x00000000ef200000, 0x00000000ef200000| Complete 
| 243|0x00000000ef300000, 0x00000000ef400000, 0x00000000ef400000|100%| E|CS|TAMS 0x00000000ef300000, 0x00000000ef300000| Complete 
| 244|0x00000000ef400000, 0x00000000ef500000, 0x00000000ef500000|100%| E|CS|TAMS 0x00000000ef400000, 0x00000000ef400000| Complete 
| 245|0x00000000ef500000, 0x00000000ef600000, 0x00000000ef600000|100%| E|CS|TAMS 0x00000000ef500000, 0x00000000ef500000| Complete 
| 246|0x00000000ef600000, 0x00000000ef700000, 0x00000000ef700000|100%| E|CS|TAMS 0x00000000ef600000, 0x00000000ef600000| Complete 
| 247|0x00000000ef700000, 0x00000000ef800000, 0x00000000ef800000|100%| E|CS|TAMS 0x00000000ef700000, 0x00000000ef700000| Complete 
| 248|0x00000000ef800000, 0x00000000ef900000, 0x00000000ef900000|100%| E|CS|TAMS 0x00000000ef800000, 0x00000000ef800000| Complete 
| 249|0x00000000ef900000, 0x00000000efa00000, 0x00000000efa00000|100%| E|CS|TAMS 0x00000000ef900000, 0x00000000ef900000| Complete 
| 250|0x00000000efa00000, 0x00000000efb00000, 0x00000000efb00000|100%| E|CS|TAMS 0x00000000efa00000, 0x00000000efa00000| Complete 
| 251|0x00000000efb00000, 0x00000000efc00000, 0x00000000efc00000|100%| E|CS|TAMS 0x00000000efb00000, 0x00000000efb00000| Complete 
| 252|0x00000000efc00000, 0x00000000efd00000, 0x00000000efd00000|100%| E|CS|TAMS 0x00000000efc00000, 0x00000000efc00000| Complete 
| 253|0x00000000efd00000, 0x00000000efe00000, 0x00000000efe00000|100%| E|CS|TAMS 0x00000000efd00000, 0x00000000efd00000| Complete 
| 254|0x00000000efe00000, 0x00000000eff00000, 0x00000000eff00000|100%| E|CS|TAMS 0x00000000efe00000, 0x00000000efe00000| Complete 
| 255|0x00000000eff00000, 0x00000000f0000000, 0x00000000f0000000|100%| E|CS|TAMS 0x00000000eff00000, 0x00000000eff00000| Complete 

Card table byte_map: [0x0000024929790000,0x0000024929890000] _byte_map_base: 0x0000024929090000

Marking Bits (Prev, Next): (CMBitMap*) 0x0000024912c9f210, (CMBitMap*) 0x0000024912c9f1d0
 Prev Bits: [0x000002492a190000, 0x000002492a990000)
 Next Bits: [0x0000024929990000, 0x000002492a190000)

Polling page: 0x0000024910c10000

Metaspace:

Usage:
  Non-class:     58.08 MB used.
      Class:      9.45 MB used.
       Both:     67.53 MB used.

Virtual space:
  Non-class space:       64.00 MB reserved,      58.44 MB ( 91%) committed,  1 nodes.
      Class space:      320.00 MB reserved,       9.75 MB (  3%) committed,  1 nodes.
             Both:      384.00 MB reserved,      68.19 MB ( 18%) committed. 

Chunk freelists:
   Non-Class:  4.91 MB
       Class:  6.13 MB
        Both:  11.04 MB

MaxMetaspaceSize: 384.00 MB
CompressedClassSpaceSize: 320.00 MB
Initial GC threshold: 21.00 MB
Current GC threshold: 99.19 MB
CDS: on
MetaspaceReclaimPolicy: balanced
 - commit_granule_bytes: 65536.
 - commit_granule_words: 8192.
 - virtual_space_node_default_size: 8388608.
 - enlarge_chunks_in_place: 1.
 - new_chunks_are_fully_committed: 0.
 - uncommit_free_chunks: 1.
 - use_allocation_guard: 0.
 - handle_deallocations: 1.


Internal statistics:

num_allocs_failed_limit: 9.
num_arena_births: 802.
num_arena_deaths: 0.
num_vsnodes_births: 2.
num_vsnodes_deaths: 0.
num_space_committed: 1091.
num_space_uncommitted: 0.
num_chunks_returned_to_freelist: 9.
num_chunks_taken_from_freelist: 3669.
num_chunk_merges: 9.
num_chunk_splits: 2406.
num_chunks_enlarged: 1618.
num_inconsistent_stats: 0.

CodeHeap 'non-profiled nmethods': size=120000Kb used=6409Kb max_used=6409Kb free=113590Kb
 bounds [0x0000024922260000, 0x00000249228b0000, 0x0000024929790000]
CodeHeap 'profiled nmethods': size=120000Kb used=18613Kb max_used=18613Kb free=101386Kb
 bounds [0x000002491a790000, 0x000002491ba00000, 0x0000024921cc0000]
CodeHeap 'non-nmethods': size=5760Kb used=2375Kb max_used=2439Kb free=3384Kb
 bounds [0x0000024921cc0000, 0x0000024921f30000, 0x0000024922260000]
 total_blobs=10534 nmethods=9626 adapters=820
 compilation: enabled
              stopped_count=0, restarted_count=0
 full_count=0

Compilation events (20 events):
Event: 192.196 Thread 0x000002492cf7ca00 nmethod 11273 0x000002491b0fee10 code [0x000002491b0ff020, 0x000002491b0ff6c8]
Event: 192.196 Thread 0x000002492cf7ca00 11274       3       org.gradle.cache.internal.btree.BTreePersistentIndexedCache$DataBlockUpdateResult::success (4 bytes)
Event: 192.196 Thread 0x000002492cf7ca00 nmethod 11274 0x000002491b6d9d10 code [0x000002491b6d9ea0, 0x000002491b6d9f98]
Event: 192.196 Thread 0x000002492cf7ca00 11275       3       org.gradle.cache.internal.btree.BTreePersistentIndexedCache$DataBlockUpdateResult::isFailed (13 bytes)
Event: 192.196 Thread 0x000002492cf7ca00 nmethod 11275 0x000002491aa5fd10 code [0x000002491aa5fea0, 0x000002491aa60018]
Event: 192.209 Thread 0x000002492cf7ca00 11276       3       org.gradle.api.internal.initialization.ClassLoaderScopeIdentifier::hashCode (23 bytes)
Event: 192.210 Thread 0x000002492cf7ca00 nmethod 11276 0x000002491b0fe690 code [0x000002491b0fe880, 0x000002491b0fec28]
Event: 192.211 Thread 0x000002492cf74440 11277       4       java.net.URI$Parser::checkChars (44 bytes)
Event: 192.220 Thread 0x000002492cf74440 nmethod 11277 0x000002492289d710 code [0x000002492289d8a0, 0x000002492289db68]
Event: 192.322 Thread 0x000002492cf74440 11278       4       org.codehaus.groovy.reflection.ParameterTypes::<init> (5 bytes)
Event: 192.325 Thread 0x000002492cf74440 nmethod 11278 0x000002492289df10 code [0x000002492289e080, 0x000002492289e0f8]
Event: 192.330 Thread 0x000002492cf74440 11279       4       groovy.lang.MetaClassImpl::checkIfStdMethod (178 bytes)
Event: 192.374 Thread 0x000002492cf74440 nmethod 11279 0x000002492289e210 code [0x000002492289e440, 0x000002492289f420]
Event: 192.374 Thread 0x000002492cf74440 11280       4       groovy.lang.MetaClassImpl::addMetaMethodToIndex (65 bytes)
Event: 192.385 Thread 0x000002492cf74440 nmethod 11280 0x000002492289fb10 code [0x000002492289fcc0, 0x00000249228a0090]
Event: 192.507 Thread 0x000002492cf74440 11281       4       org.codehaus.groovy.runtime.metaclass.MetaMethodIndex::copyNonPrivateMethods (149 bytes)
Event: 192.523 Thread 0x000002492cf74440 nmethod 11281 0x00000249228a0310 code [0x00000249228a04e0, 0x00000249228a0a30]
Event: 192.524 Thread 0x000002492cf74440 11282       4       org.codehaus.groovy.runtime.metaclass.MetaMethodIndex::copyNonPrivateNonNewMetaMethods (171 bytes)
Event: 192.540 Thread 0x000002492cf74440 nmethod 11282 0x00000249228a0e10 code [0x00000249228a0fe0, 0x00000249228a1550]
Event: 192.540 Thread 0x000002492cf74440 11285       4       groovy.lang.MetaClassImpl$1MOPIter::methodNameAction (325 bytes)

GC Heap History (20 events):
Event: 10.237 GC heap before
{Heap before GC invocations=2 (full 0):
 garbage-first heap   total 262144K, used 32613K [0x00000000e0000000, 0x0000000100000000)
  region size 1024K, 25 young (25600K), 3 survivors (3072K)
 Metaspace       used 4061K, committed 4224K, reserved 393216K
  class space    used 497K, committed 576K, reserved 327680K
}
Event: 10.243 GC heap after
{Heap after GC invocations=3 (full 0):
 garbage-first heap   total 262144K, used 11510K [0x00000000e0000000, 0x0000000100000000)
  region size 1024K, 1 young (1024K), 1 survivors (1024K)
 Metaspace       used 4061K, committed 4224K, reserved 393216K
  class space    used 497K, committed 576K, reserved 327680K
}
Event: 25.490 GC heap before
{Heap before GC invocations=3 (full 0):
 garbage-first heap   total 262144K, used 130294K [0x00000000e0000000, 0x0000000100000000)
  region size 1024K, 118 young (120832K), 1 survivors (1024K)
 Metaspace       used 21254K, committed 21504K, reserved 393216K
  class space    used 3123K, committed 3264K, reserved 327680K
}
Event: 25.509 GC heap after
{Heap after GC invocations=4 (full 0):
 garbage-first heap   total 262144K, used 23012K [0x00000000e0000000, 0x0000000100000000)
  region size 1024K, 12 young (12288K), 12 survivors (12288K)
 Metaspace       used 21254K, committed 21504K, reserved 393216K
  class space    used 3123K, committed 3264K, reserved 327680K
}
Event: 31.829 GC heap before
{Heap before GC invocations=5 (full 0):
 garbage-first heap   total 262144K, used 139748K [0x00000000e0000000, 0x0000000100000000)
  region size 1024K, 123 young (125952K), 12 survivors (12288K)
 Metaspace       used 35716K, committed 36096K, reserved 393216K
  class space    used 4996K, committed 5184K, reserved 327680K
}
Event: 31.856 GC heap after
{Heap after GC invocations=6 (full 0):
 garbage-first heap   total 262144K, used 31839K [0x00000000e0000000, 0x0000000100000000)
  region size 1024K, 10 young (10240K), 10 survivors (10240K)
 Metaspace       used 35716K, committed 36096K, reserved 393216K
  class space    used 4996K, committed 5184K, reserved 327680K
}
Event: 37.907 GC heap before
{Heap before GC invocations=7 (full 0):
 garbage-first heap   total 262144K, used 180319K [0x00000000e0000000, 0x0000000100000000)
  region size 1024K, 153 young (156672K), 10 survivors (10240K)
 Metaspace       used 46642K, committed 47104K, reserved 393216K
  class space    used 6635K, committed 6848K, reserved 327680K
}
Event: 37.939 GC heap after
{Heap after GC invocations=8 (full 0):
 garbage-first heap   total 262144K, used 41607K [0x00000000e0000000, 0x0000000100000000)
  region size 1024K, 19 young (19456K), 19 survivors (19456K)
 Metaspace       used 46642K, committed 47104K, reserved 393216K
  class space    used 6635K, committed 6848K, reserved 327680K
}
Event: 61.915 GC heap before
{Heap before GC invocations=8 (full 0):
 garbage-first heap   total 262144K, used 177799K [0x00000000e0000000, 0x0000000100000000)
  region size 1024K, 153 young (156672K), 19 survivors (19456K)
 Metaspace       used 52335K, committed 52928K, reserved 393216K
  class space    used 7321K, committed 7616K, reserved 327680K
}
Event: 62.538 GC heap after
{Heap after GC invocations=9 (full 0):
 garbage-first heap   total 262144K, used 51940K [0x00000000e0000000, 0x0000000100000000)
  region size 1024K, 11 young (11264K), 11 survivors (11264K)
 Metaspace       used 52335K, committed 52928K, reserved 393216K
  class space    used 7321K, committed 7616K, reserved 327680K
}
Event: 76.062 GC heap before
{Heap before GC invocations=9 (full 0):
 garbage-first heap   total 262144K, used 100068K [0x00000000e0000000, 0x0000000100000000)
  region size 1024K, 58 young (59392K), 11 survivors (11264K)
 Metaspace       used 55178K, committed 55680K, reserved 393216K
  class space    used 7744K, committed 8000K, reserved 327680K
}
Event: 76.296 GC heap after
{Heap after GC invocations=10 (full 0):
 garbage-first heap   total 262144K, used 57344K [0x00000000e0000000, 0x0000000100000000)
  region size 1024K, 8 young (8192K), 8 survivors (8192K)
 Metaspace       used 55178K, committed 55680K, reserved 393216K
  class space    used 7744K, committed 8000K, reserved 327680K
}
Event: 81.605 GC heap before
{Heap before GC invocations=10 (full 0):
 garbage-first heap   total 262144K, used 69632K [0x00000000e0000000, 0x0000000100000000)
  region size 1024K, 21 young (21504K), 8 survivors (8192K)
 Metaspace       used 60097K, committed 60608K, reserved 393216K
  class space    used 8346K, committed 8576K, reserved 327680K
}
Event: 81.830 GC heap after
{Heap after GC invocations=11 (full 0):
 garbage-first heap   total 262144K, used 59946K [0x00000000e0000000, 0x0000000100000000)
  region size 1024K, 3 young (3072K), 3 survivors (3072K)
 Metaspace       used 60097K, committed 60608K, reserved 393216K
  class space    used 8346K, committed 8576K, reserved 327680K
}
Event: 175.591 GC heap before
{Heap before GC invocations=12 (full 0):
 garbage-first heap   total 262144K, used 198186K [0x00000000e0000000, 0x0000000100000000)
  region size 1024K, 137 young (140288K), 3 survivors (3072K)
 Metaspace       used 65643K, committed 66304K, reserved 393216K
  class space    used 9039K, committed 9344K, reserved 327680K
}
Event: 175.887 GC heap after
{Heap after GC invocations=13 (full 0):
 garbage-first heap   total 262144K, used 68840K [0x00000000e0000000, 0x0000000100000000)
  region size 1024K, 11 young (11264K), 11 survivors (11264K)
 Metaspace       used 65643K, committed 66304K, reserved 393216K
  class space    used 9039K, committed 9344K, reserved 327680K
}
Event: 176.707 GC heap before
{Heap before GC invocations=13 (full 0):
 garbage-first heap   total 262144K, used 74984K [0x00000000e0000000, 0x0000000100000000)
  region size 1024K, 18 young (18432K), 11 survivors (11264K)
 Metaspace       used 65648K, committed 66304K, reserved 393216K
  class space    used 9039K, committed 9344K, reserved 327680K
}
Event: 176.731 GC heap after
{Heap after GC invocations=14 (full 0):
 garbage-first heap   total 262144K, used 68227K [0x00000000e0000000, 0x0000000100000000)
  region size 1024K, 2 young (2048K), 2 survivors (2048K)
 Metaspace       used 65648K, committed 66304K, reserved 393216K
  class space    used 9039K, committed 9344K, reserved 327680K
}
Event: 181.162 GC heap before
{Heap before GC invocations=14 (full 0):
 garbage-first heap   total 262144K, used 209539K [0x00000000e0000000, 0x0000000100000000)
  region size 1024K, 140 young (143360K), 2 survivors (2048K)
 Metaspace       used 65694K, committed 66304K, reserved 393216K
  class space    used 9040K, committed 9344K, reserved 327680K
}
Event: 181.165 GC heap after
{Heap after GC invocations=15 (full 0):
 garbage-first heap   total 262144K, used 68237K [0x00000000e0000000, 0x0000000100000000)
  region size 1024K, 2 young (2048K), 2 survivors (2048K)
 Metaspace       used 65694K, committed 66304K, reserved 393216K
  class space    used 9040K, committed 9344K, reserved 327680K
}

Dll operation events (15 events):
Event: 0.098 Loaded shared library C:\Program Files\Amazon Corretto\jdk17.0.10_7\bin\java.dll
Event: 0.160 Loaded shared library C:\Program Files\Amazon Corretto\jdk17.0.10_7\bin\jsvml.dll
Event: 0.445 Loaded shared library C:\Program Files\Amazon Corretto\jdk17.0.10_7\bin\zip.dll
Event: 0.453 Loaded shared library C:\Program Files\Amazon Corretto\jdk17.0.10_7\bin\instrument.dll
Event: 0.473 Loaded shared library C:\Program Files\Amazon Corretto\jdk17.0.10_7\bin\net.dll
Event: 0.486 Loaded shared library C:\Program Files\Amazon Corretto\jdk17.0.10_7\bin\nio.dll
Event: 0.503 Loaded shared library C:\Program Files\Amazon Corretto\jdk17.0.10_7\bin\zip.dll
Event: 3.696 Loaded shared library C:\Program Files\Amazon Corretto\jdk17.0.10_7\bin\jimage.dll
Event: 4.177 Loaded shared library C:\Program Files\Amazon Corretto\jdk17.0.10_7\bin\verify.dll
Event: 5.197 Loaded shared library C:\Users\lgpc\.gradle\native\c067742578af261105cb4f569cf0c3c89f3d7b1fecec35dd04571415982c5e48\windows-amd64\native-platform.dll
Event: 5.331 Loaded shared library C:\Users\lgpc\.gradle\native\38dada09dfb8b06ba9b0570ebf7e218e3eb74d4ef43ca46872605cf95ebc2f47\windows-amd64\native-platform-file-events.dll
Event: 13.199 Loaded shared library C:\Program Files\Amazon Corretto\jdk17.0.10_7\bin\management.dll
Event: 13.217 Loaded shared library C:\Program Files\Amazon Corretto\jdk17.0.10_7\bin\management_ext.dll
Event: 17.018 Loaded shared library C:\Program Files\Amazon Corretto\jdk17.0.10_7\bin\extnet.dll
Event: 19.723 Loaded shared library C:\Program Files\Amazon Corretto\jdk17.0.10_7\bin\sunmscapi.dll

Deoptimization events (20 events):
Event: 191.256 Thread 0x0000024946b658e0 Uncommon trap: trap_request=0xffffffbe fr.pc=0x00000249226894f4 relative=0x00000000000011d4
Event: 191.256 Thread 0x0000024946b658e0 Uncommon trap: reason=profile_predicate action=maybe_recompile pc=0x00000249226894f4 method=com.google.common.collect.MapMakerInternalMap$Segment.expand()V @ 56 c2
Event: 191.256 Thread 0x0000024946b658e0 DEOPT PACKING pc=0x00000249226894f4 sp=0x000000526cbfd910
Event: 191.256 Thread 0x0000024946b658e0 DEOPT UNPACKING pc=0x0000024921d169a3 sp=0x000000526cbfd8c8 mode 2
Event: 191.396 Thread 0x000002494787eb80 Uncommon trap: trap_request=0xffffffbe fr.pc=0x00000249226894f4 relative=0x00000000000011d4
Event: 191.396 Thread 0x000002494787eb80 Uncommon trap: reason=profile_predicate action=maybe_recompile pc=0x00000249226894f4 method=com.google.common.collect.MapMakerInternalMap$Segment.expand()V @ 56 c2
Event: 191.396 Thread 0x000002494787eb80 DEOPT PACKING pc=0x00000249226894f4 sp=0x000000526bff6970
Event: 191.396 Thread 0x000002494787eb80 DEOPT UNPACKING pc=0x0000024921d169a3 sp=0x000000526bff6928 mode 2
Event: 192.270 Thread 0x000002494787eb80 Uncommon trap: trap_request=0xffffffc6 fr.pc=0x0000024922691658 relative=0x0000000000000418
Event: 192.270 Thread 0x000002494787eb80 Uncommon trap: reason=bimorphic_or_optimized_type_check action=maybe_recompile pc=0x0000024922691658 method=com.google.common.collect.AbstractMapBasedMultimap$WrappedCollection$WrappedIterator.next()Ljava/lang/Object; @ 8 c2
Event: 192.270 Thread 0x000002494787eb80 DEOPT PACKING pc=0x0000024922691658 sp=0x000000526bff94e0
Event: 192.270 Thread 0x000002494787eb80 DEOPT UNPACKING pc=0x0000024921d169a3 sp=0x000000526bff94a8 mode 2
Event: 192.270 Thread 0x000002494787eb80 Uncommon trap: trap_request=0xffffffc6 fr.pc=0x0000024922691658 relative=0x0000000000000418
Event: 192.270 Thread 0x000002494787eb80 Uncommon trap: reason=bimorphic_or_optimized_type_check action=maybe_recompile pc=0x0000024922691658 method=com.google.common.collect.AbstractMapBasedMultimap$WrappedCollection$WrappedIterator.next()Ljava/lang/Object; @ 8 c2
Event: 192.270 Thread 0x000002494787eb80 DEOPT PACKING pc=0x0000024922691658 sp=0x000000526bff94e0
Event: 192.270 Thread 0x000002494787eb80 DEOPT UNPACKING pc=0x0000024921d169a3 sp=0x000000526bff94a8 mode 2
Event: 192.270 Thread 0x000002494787eb80 Uncommon trap: trap_request=0xffffffc6 fr.pc=0x0000024922691658 relative=0x0000000000000418
Event: 192.270 Thread 0x000002494787eb80 Uncommon trap: reason=bimorphic_or_optimized_type_check action=maybe_recompile pc=0x0000024922691658 method=com.google.common.collect.AbstractMapBasedMultimap$WrappedCollection$WrappedIterator.next()Ljava/lang/Object; @ 8 c2
Event: 192.270 Thread 0x000002494787eb80 DEOPT PACKING pc=0x0000024922691658 sp=0x000000526bff94e0
Event: 192.270 Thread 0x000002494787eb80 DEOPT UNPACKING pc=0x0000024921d169a3 sp=0x000000526bff94a8 mode 2

Classes unloaded (0 events):
No events

Classes redefined (0 events):
No events

Internal exceptions (20 events):
Event: 153.198 Thread 0x000002494787d230 Exception <a 'java/lang/NoSuchMethodError'{0x00000000ea9d9d90}: static Lorg/gradle/internal/classloader/ClassLoaderSpec;.<clinit>()V> (0x00000000ea9d9d90) 
thrown [s\src\hotspot\share\prims\jni.cpp, line 1107]
Event: 153.201 Thread 0x000002494787d230 Exception <a 'java/lang/NoSuchMethodError'{0x00000000ea9e5f28}: static Lorg/gradle/internal/classloader/VisitableURLClassLoader$Spec;.<clinit>()V> (0x00000000ea9e5f28) 
thrown [s\src\hotspot\share\prims\jni.cpp, line 1107]
Event: 172.403 Thread 0x000002494787eb80 Exception <a 'sun/nio/fs/WindowsException'{0x00000000ea507d88}> (0x00000000ea507d88) 
thrown [s\src\hotspot\share\prims\jni.cpp, line 516]
Event: 172.407 Thread 0x000002494787eb80 Exception <a 'sun/nio/fs/WindowsException'{0x00000000ea509300}> (0x00000000ea509300) 
thrown [s\src\hotspot\share\prims\jni.cpp, line 516]
Event: 172.409 Thread 0x000002494787eb80 Exception <a 'sun/nio/fs/WindowsException'{0x00000000ea50a878}> (0x00000000ea50a878) 
thrown [s\src\hotspot\share\prims\jni.cpp, line 516]
Event: 172.412 Thread 0x000002494787eb80 Exception <a 'sun/nio/fs/WindowsException'{0x00000000ea50bde0}> (0x00000000ea50bde0) 
thrown [s\src\hotspot\share\prims\jni.cpp, line 516]
Event: 173.433 Thread 0x0000024947b4cc30 Exception <a 'sun/nio/fs/WindowsException'{0x00000000ea455fa8}> (0x00000000ea455fa8) 
thrown [s\src\hotspot\share\prims\jni.cpp, line 516]
Event: 183.481 Thread 0x0000024947b4cc30 Exception <a 'sun/nio/fs/WindowsException'{0x00000000eb80e448}> (0x00000000eb80e448) 
thrown [s\src\hotspot\share\prims\jni.cpp, line 516]
Event: 183.522 Thread 0x0000024947b4cc30 Exception <a 'sun/nio/fs/WindowsException'{0x00000000eb80e638}> (0x00000000eb80e638) 
thrown [s\src\hotspot\share\prims\jni.cpp, line 516]
Event: 183.816 Thread 0x000002494787eb80 Exception <a 'java/lang/NoSuchMethodError'{0x00000000eb766800}: 'long java.lang.invoke.DirectMethodHandle$Holder.invokeSpecial(java.lang.Object, java.lang.Object)'> (0x00000000eb766800) 
thrown [s\src\hotspot\share\interpreter\linkResolver.cpp, line 759]
Event: 187.194 Thread 0x000002494787eb80 Exception <a 'sun/nio/fs/WindowsException'{0x00000000eae182f0}> (0x00000000eae182f0) 
thrown [s\src\hotspot\share\prims\jni.cpp, line 516]
Event: 189.300 Thread 0x000002494787eb80 Exception <a 'java/lang/NoSuchMethodError'{0x00000000ea71f540}: 'void java.lang.invoke.DirectMethodHandle$Holder.invokeStatic(java.lang.Object, java.lang.Object, java.lang.Object, java.lang.Object, java.lang.Object, java.lang.Object, java.lang.Object, java.lang.Object)'> (0x00000000ea71f540) 
thrown [s\src\hotspot\share\interpreter\linkResolver.cpp, line 759]
Event: 189.335 Thread 0x0000024946b658e0 Implicit null exception at 0x0000024922561600 to 0x00000249225617dc
Event: 189.339 Thread 0x000002494787eb80 Exception <a 'java/lang/NoSuchMethodError'{0x00000000ea7ff330}: 'void java.lang.invoke.DirectMethodHandle$Holder.invokeStatic(java.lang.Object, java.lang.Object, java.lang.Object, java.lang.Object, java.lang.Object, java.lang.Object, java.lang.Object)'> (0x00000000ea7ff330) 
thrown [s\src\hotspot\share\interpreter\linkResolver.cpp, line 759]
Event: 190.020 Thread 0x000002494787eb80 Exception <a 'java/lang/NoSuchMethodError'{0x00000000ea2c1a88}: 'java.lang.Object java.lang.invoke.Invokers$Holder.linkToTargetMethod(java.lang.Object, java.lang.Object, java.lang.Object, int, java.lang.Object, java.lang.Object, java.lang.Object, java.lang.Object)'> (0x00000000ea2c1a88) 
thrown [s\src\hotspot\share\interpreter\linkResolver.cpp, line 759]
Event: 190.852 Thread 0x000002494787eb80 Exception <a 'java/lang/NoSuchMethodError'{0x00000000e9feca20}: 'java.lang.Object java.lang.invoke.DirectMethodHandle$Holder.invokeSpecial(java.lang.Object, java.lang.Object, int, java.lang.Object, java.lang.Object, java.lang.Object)'> (0x00000000e9feca20) 
thrown [s\src\hotspot\share\interpreter\linkResolver.cpp, line 759]
Event: 190.887 Thread 0x000002494787eb80 Exception <a 'java/lang/NoSuchMethodError'{0x00000000e9e50530}: 'void java.lang.invoke.DirectMethodHandle$Holder.invokeStatic(java.lang.Object, java.lang.Object, java.lang.Object, java.lang.Object, java.lang.Object, java.lang.Object, java.lang.Object, java.lang.Object, java.lang.Object, java.lang.Object)'> (0x00000000e9e50530) 
thrown [s\src\hotspot\share\interpreter\linkResolver.cpp, line 759]
Event: 191.093 Thread 0x000002494787eb80 Exception <a 'java/lang/NoSuchMethodError'{0x00000000e9cf4d98}: 'java.lang.Object java.lang.invoke.DirectMethodHandle$Holder.invokeInterface(java.lang.Object, java.lang.Object, java.lang.Object, java.lang.Object)'> (0x00000000e9cf4d98) 
thrown [s\src\hotspot\share\interpreter\linkResolver.cpp, line 759]
Event: 192.638 Thread 0x000002494787eb80 Exception <a 'java/lang/ClassNotFoundException'{0x00000000e95ddbd0}: settings_cyhhyq29t0tq7ltudgarkzj0mBeanInfo> (0x00000000e95ddbd0) 
thrown [s\src\hotspot\share\classfile\systemDictionary.cpp, line 256]
Event: 192.647 Thread 0x000002494787eb80 Exception <a 'java/lang/ClassNotFoundException'{0x00000000e95e44e8}: settings_cyhhyq29t0tq7ltudgarkzj0mCustomizer> (0x00000000e95e44e8) 
thrown [s\src\hotspot\share\classfile\systemDictionary.cpp, line 256]

VM Operations (20 events):
Event: 180.418 Executing VM operation: HandshakeAllThreads
Event: 180.419 Executing VM operation: HandshakeAllThreads done
Event: 180.926 Executing VM operation: HandshakeAllThreads
Event: 180.927 Executing VM operation: HandshakeAllThreads done
Event: 180.927 Executing VM operation: Cleanup
Event: 180.927 Executing VM operation: Cleanup done
Event: 181.162 Executing VM operation: G1CollectForAllocation
Event: 181.165 Executing VM operation: G1CollectForAllocation done
Event: 182.167 Executing VM operation: Cleanup
Event: 182.168 Executing VM operation: Cleanup done
Event: 184.188 Executing VM operation: Cleanup
Event: 184.191 Executing VM operation: Cleanup done
Event: 185.198 Executing VM operation: Cleanup
Event: 185.756 Executing VM operation: Cleanup done
Event: 187.779 Executing VM operation: Cleanup
Event: 187.869 Executing VM operation: Cleanup done
Event: 189.869 Executing VM operation: Cleanup
Event: 189.870 Executing VM operation: Cleanup done
Event: 191.891 Executing VM operation: Cleanup
Event: 191.907 Executing VM operation: Cleanup done

Events (20 events):
Event: 188.798 loading class java/util/Base64 done
Event: 188.804 loading class java/util/Base64$Encoder
Event: 188.806 loading class java/util/Base64$Encoder done
Event: 188.844 loading class java/net/InetAddress$NameServiceAddresses
Event: 188.846 loading class java/net/InetAddress$Addresses
Event: 188.847 loading class java/net/InetAddress$Addresses done
Event: 188.847 loading class java/net/InetAddress$NameServiceAddresses done
Event: 188.907 loading class sun/net/InetAddressCachePolicy
Event: 188.909 loading class sun/net/InetAddressCachePolicy done
Event: 188.909 loading class sun/net/InetAddressCachePolicy$1
Event: 188.909 loading class sun/net/InetAddressCachePolicy$1 done
Event: 188.912 loading class sun/net/InetAddressCachePolicy$2
Event: 188.914 loading class sun/net/InetAddressCachePolicy$2 done
Event: 188.916 loading class java/net/InetAddress$CachedAddresses
Event: 188.919 loading class java/net/InetAddress$CachedAddresses done
Event: 188.933 loading class java/net/InetAddress$CachedLocalHost
Event: 188.935 loading class java/net/InetAddress$CachedLocalHost done
Event: 188.954 Thread 0x0000024946b695a0 Thread exited: 0x0000024946b695a0
Event: 189.241 loading class java/util/Collections$UnmodifiableMap$UnmodifiableEntrySet$UnmodifiableEntrySetSpliterator
Event: 189.243 loading class java/util/Collections$UnmodifiableMap$UnmodifiableEntrySet$UnmodifiableEntrySetSpliterator done


Dynamic libraries:
0x00007ff7f5910000 - 0x00007ff7f591e000 	C:\Program Files\Amazon Corretto\jdk17.0.10_7\bin\java.exe
0x00007fff21630000 - 0x00007fff21828000 	C:\WINDOWS\SYSTEM32\ntdll.dll
0x00007fff1fbc0000 - 0x00007fff1fc7d000 	C:\WINDOWS\System32\KERNEL32.DLL
0x00007fff1f150000 - 0x00007fff1f446000 	C:\WINDOWS\System32\KERNELBASE.dll
0x00007fff1f560000 - 0x00007fff1f660000 	C:\WINDOWS\System32\ucrtbase.dll
0x00007ffeeb100000 - 0x00007ffeeb117000 	C:\Program Files\Amazon Corretto\jdk17.0.10_7\bin\jli.dll
0x00007ffedef60000 - 0x00007ffedef7b000 	C:\Program Files\Amazon Corretto\jdk17.0.10_7\bin\VCRUNTIME140.dll
0x00007fff1f6d0000 - 0x00007fff1f86f000 	C:\WINDOWS\System32\USER32.dll
0x00007fff1f530000 - 0x00007fff1f552000 	C:\WINDOWS\System32\win32u.dll
0x00007fff20cd0000 - 0x00007fff20cfb000 	C:\WINDOWS\System32\GDI32.dll
0x00007fff1ee30000 - 0x00007fff1ef47000 	C:\WINDOWS\System32\gdi32full.dll
0x00007fff1f0b0000 - 0x00007fff1f14d000 	C:\WINDOWS\System32\msvcp_win.dll
0x00007fff1e190000 - 0x00007fff1e42a000 	C:\WINDOWS\WinSxS\amd64_microsoft.windows.common-controls_6595b64144ccf1df_6.0.19041.4355_none_60b8b9eb71f62e16\COMCTL32.dll
0x00007fff1fc80000 - 0x00007fff1fd1e000 	C:\WINDOWS\System32\msvcrt.dll
0x00007fff21500000 - 0x00007fff21532000 	C:\WINDOWS\System32\IMM32.DLL
0x00007ffedef50000 - 0x00007ffedef5c000 	C:\Program Files\Amazon Corretto\jdk17.0.10_7\bin\vcruntime140_1.dll
0x00007ffed2fd0000 - 0x00007ffed305d000 	C:\Program Files\Amazon Corretto\jdk17.0.10_7\bin\msvcp140.dll
0x00007ffe67200000 - 0x00007ffe67e62000 	C:\Program Files\Amazon Corretto\jdk17.0.10_7\bin\server\jvm.dll
0x00007fff207b0000 - 0x00007fff20860000 	C:\WINDOWS\System32\ADVAPI32.dll
0x00007fff1f990000 - 0x00007fff1fa30000 	C:\WINDOWS\System32\sechost.dll
0x00007fff20550000 - 0x00007fff20673000 	C:\WINDOWS\System32\RPCRT4.dll
0x00007fff1f500000 - 0x00007fff1f527000 	C:\WINDOWS\System32\bcrypt.dll
0x00007fff1eb30000 - 0x00007fff1eb7b000 	C:\WINDOWS\SYSTEM32\POWRPROF.dll
0x00007fff0b350000 - 0x00007fff0b377000 	C:\WINDOWS\SYSTEM32\WINMM.dll
0x00007fff0ac80000 - 0x00007fff0ac89000 	C:\WINDOWS\SYSTEM32\WSOCK32.dll
0x00007fff1f920000 - 0x00007fff1f98b000 	C:\WINDOWS\System32\WS2_32.dll
0x00007fff19890000 - 0x00007fff1989a000 	C:\WINDOWS\SYSTEM32\VERSION.dll
0x00007fff1eb10000 - 0x00007fff1eb22000 	C:\WINDOWS\SYSTEM32\UMPDC.dll
0x00007fff1c980000 - 0x00007fff1c992000 	C:\WINDOWS\SYSTEM32\kernel.appcore.dll
0x00007ffedeef0000 - 0x00007ffedeefa000 	C:\Program Files\Amazon Corretto\jdk17.0.10_7\bin\jimage.dll
0x00007fff1e6c0000 - 0x00007fff1e8a4000 	C:\WINDOWS\SYSTEM32\DBGHELP.DLL
0x00007fff1e600000 - 0x00007fff1e634000 	C:\WINDOWS\SYSTEM32\dbgcore.DLL
0x00007fff1eda0000 - 0x00007fff1ee22000 	C:\WINDOWS\System32\bcryptPrimitives.dll
0x00007fff173d0000 - 0x00007fff173de000 	C:\Program Files\Amazon Corretto\jdk17.0.10_7\bin\instrument.dll
0x00007ffec9710000 - 0x00007ffec9735000 	C:\Program Files\Amazon Corretto\jdk17.0.10_7\bin\java.dll
0x00007ffec49b0000 - 0x00007ffec4a87000 	C:\Program Files\Amazon Corretto\jdk17.0.10_7\bin\jsvml.dll
0x00007fff20d00000 - 0x00007fff2146b000 	C:\WINDOWS\System32\SHELL32.dll
0x00007fff1bd00000 - 0x00007fff1c49d000 	C:\WINDOWS\SYSTEM32\windows.storage.dll
0x00007fff201f0000 - 0x00007fff20543000 	C:\WINDOWS\System32\combase.dll
0x00007fff1e000000 - 0x00007fff1e02e000 	C:\WINDOWS\SYSTEM32\Wldp.dll
0x00007fff20860000 - 0x00007fff2092d000 	C:\WINDOWS\System32\OLEAUT32.dll
0x00007fff1fb10000 - 0x00007fff1fbbd000 	C:\WINDOWS\System32\SHCORE.dll
0x00007fff1fd20000 - 0x00007fff1fd75000 	C:\WINDOWS\System32\shlwapi.dll
0x00007fff1ec10000 - 0x00007fff1ec34000 	C:\WINDOWS\SYSTEM32\profapi.dll
0x00007ffec96f0000 - 0x00007ffec9708000 	C:\Program Files\Amazon Corretto\jdk17.0.10_7\bin\zip.dll
0x00007ffed2400000 - 0x00007ffed2419000 	C:\Program Files\Amazon Corretto\jdk17.0.10_7\bin\net.dll
0x00007fff10870000 - 0x00007fff1097a000 	C:\WINDOWS\SYSTEM32\WINHTTP.dll
0x00007fff1dd00000 - 0x00007fff1dd6a000 	C:\WINDOWS\system32\mswsock.dll
0x00007ffecf0d0000 - 0x00007ffecf0e6000 	C:\Program Files\Amazon Corretto\jdk17.0.10_7\bin\nio.dll
0x00007fff0dfb0000 - 0x00007fff0dfc0000 	C:\Program Files\Amazon Corretto\jdk17.0.10_7\bin\verify.dll
0x00007fff19840000 - 0x00007fff19867000 	C:\Users\lgpc\.gradle\native\c067742578af261105cb4f569cf0c3c89f3d7b1fecec35dd04571415982c5e48\windows-amd64\native-platform.dll
0x00007ffefab60000 - 0x00007ffefaca4000 	C:\Users\lgpc\.gradle\native\38dada09dfb8b06ba9b0570ebf7e218e3eb74d4ef43ca46872605cf95ebc2f47\windows-amd64\native-platform-file-events.dll
0x00007fff173c0000 - 0x00007fff173c9000 	C:\Program Files\Amazon Corretto\jdk17.0.10_7\bin\management.dll
0x00007fff173b0000 - 0x00007fff173bb000 	C:\Program Files\Amazon Corretto\jdk17.0.10_7\bin\management_ext.dll
0x00007fff21540000 - 0x00007fff21548000 	C:\WINDOWS\System32\PSAPI.DLL
0x00007fff1e9d0000 - 0x00007fff1e9e8000 	C:\WINDOWS\SYSTEM32\CRYPTSP.dll
0x00007fff1d650000 - 0x00007fff1d684000 	C:\WINDOWS\system32\rsaenh.dll
0x00007fff1eb80000 - 0x00007fff1ebae000 	C:\WINDOWS\SYSTEM32\USERENV.dll
0x00007fff1df50000 - 0x00007fff1df5c000 	C:\WINDOWS\SYSTEM32\CRYPTBASE.dll
0x00007fff1d9e0000 - 0x00007fff1da1b000 	C:\WINDOWS\SYSTEM32\IPHLPAPI.DLL
0x00007fff1f6c0000 - 0x00007fff1f6c8000 	C:\WINDOWS\System32\NSI.dll
0x00007fff16150000 - 0x00007fff16167000 	C:\WINDOWS\SYSTEM32\dhcpcsvc6.DLL
0x00007fff16130000 - 0x00007fff1614d000 	C:\WINDOWS\SYSTEM32\dhcpcsvc.DLL
0x00007fff1da20000 - 0x00007fff1daeb000 	C:\WINDOWS\SYSTEM32\DNSAPI.dll
0x00007ffedec20000 - 0x00007ffedec29000 	C:\Program Files\Amazon Corretto\jdk17.0.10_7\bin\extnet.dll
0x00007fff19880000 - 0x00007fff1988e000 	C:\Program Files\Amazon Corretto\jdk17.0.10_7\bin\sunmscapi.dll
0x00007fff1ef50000 - 0x00007fff1f0ae000 	C:\WINDOWS\System32\CRYPT32.dll
0x00007fff1e070000 - 0x00007fff1e099000 	C:\WINDOWS\SYSTEM32\ncrypt.dll
0x00007fff1e030000 - 0x00007fff1e06b000 	C:\WINDOWS\SYSTEM32\NTASN1.dll
0x00007ffef57f0000 - 0x00007ffef57f7000 	C:\WINDOWS\system32\wshunix.dll
0x00007fff043b0000 - 0x00007fff043c7000 	C:\WINDOWS\system32\napinsp.dll
0x00007ffeffb80000 - 0x00007ffeffb9b000 	C:\WINDOWS\system32\pnrpnsp.dll
0x00007ffeffb60000 - 0x00007ffeffb75000 	C:\WINDOWS\system32\wshbth.dll
0x00007fff196d0000 - 0x00007fff196ed000 	C:\WINDOWS\system32\NLAapi.dll
0x00007ffeffb40000 - 0x00007ffeffb52000 	C:\WINDOWS\System32\winrnr.dll
0x00007fff0d200000 - 0x00007fff0d20a000 	C:\Windows\System32\rasadhlp.dll
0x00007fff0d970000 - 0x00007fff0d9f0000 	C:\WINDOWS\System32\fwpuclnt.dll

dbghelp: loaded successfully - version: 4.0.5 - missing functions: none
symbol engine: initialized successfully - sym options: 0x614 - pdb path: .;C:\Program Files\Amazon Corretto\jdk17.0.10_7\bin;C:\WINDOWS\SYSTEM32;C:\WINDOWS\WinSxS\amd64_microsoft.windows.common-controls_6595b64144ccf1df_6.0.19041.4355_none_60b8b9eb71f62e16;C:\Program Files\Amazon Corretto\jdk17.0.10_7\bin\server;C:\Users\lgpc\.gradle\native\c067742578af261105cb4f569cf0c3c89f3d7b1fecec35dd04571415982c5e48\windows-amd64;C:\Users\lgpc\.gradle\native\38dada09dfb8b06ba9b0570ebf7e218e3eb74d4ef43ca46872605cf95ebc2f47\windows-amd64

VM Arguments:
jvm_args: --add-opens=java.base/java.util=ALL-UNNAMED --add-opens=java.base/java.lang=ALL-UNNAMED --add-opens=java.base/java.lang.invoke=ALL-UNNAMED --add-opens=java.prefs/java.util.prefs=ALL-UNNAMED --add-opens=java.base/java.nio.charset=ALL-UNNAMED --add-opens=java.base/java.net=ALL-UNNAMED --add-opens=java.base/java.util.concurrent.atomic=ALL-UNNAMED -XX:MaxMetaspaceSize=384m -XX:+HeapDumpOnOutOfMemoryError -Xms256m -Xmx512m -Dfile.encoding=x-windows-949 -Duser.country=KR -Duser.language=ko -Duser.variant -javaagent:C:\Users\lgpc\.gradle\wrapper\dists\gradle-8.5-bin\5t9huq95ubn472n8rpzujfbqh\gradle-8.5\lib\agents\gradle-instrumentation-agent-8.5.jar 
java_command: org.gradle.launcher.daemon.bootstrap.GradleDaemon 8.5
java_class_path (initial): C:\Users\lgpc\.gradle\wrapper\dists\gradle-8.5-bin\5t9huq95ubn472n8rpzujfbqh\gradle-8.5\lib\gradle-launcher-8.5.jar
Launcher Type: SUN_STANDARD

[Global flags]
     intx CICompilerCount                          = 3                                         {product} {ergonomic}
   size_t CompressedClassSpaceSize                 = 335544320                                 {product} {ergonomic}
     uint ConcGCThreads                            = 1                                         {product} {ergonomic}
     uint G1ConcRefinementThreads                  = 4                                         {product} {ergonomic}
   size_t G1HeapRegionSize                         = 1048576                                   {product} {ergonomic}
    uintx GCDrainStackTargetSize                   = 64                                        {product} {ergonomic}
     bool HeapDumpOnOutOfMemoryError               = true                                   {manageable} {command line}
   size_t InitialHeapSize                          = 268435456                                 {product} {command line}
   size_t MarkStackSize                            = 4194304                                   {product} {ergonomic}
   size_t MaxHeapSize                              = 536870912                                 {product} {command line}
   size_t MaxMetaspaceSize                         = 402653184                                 {product} {command line}
   size_t MaxNewSize                               = 321912832                                 {product} {ergonomic}
   size_t MinHeapDeltaBytes                        = 1048576                                   {product} {ergonomic}
   size_t MinHeapSize                              = 268435456                                 {product} {command line}
    uintx NonNMethodCodeHeapSize                   = 5832780                                {pd product} {ergonomic}
    uintx NonProfiledCodeHeapSize                  = 122912730                              {pd product} {ergonomic}
    uintx ProfiledCodeHeapSize                     = 122912730                              {pd product} {ergonomic}
    uintx ReservedCodeCacheSize                    = 251658240                              {pd product} {ergonomic}
     bool SegmentedCodeCache                       = true                                      {product} {ergonomic}
   size_t SoftMaxHeapSize                          = 536870912                              {manageable} {ergonomic}
     bool UseCompressedClassPointers               = true                           {product lp64_product} {ergonomic}
     bool UseCompressedOops                        = true                           {product lp64_product} {ergonomic}
     bool UseG1GC                                  = true                                      {product} {ergonomic}
     bool UseLargePagesIndividualAllocation        = false                                  {pd product} {ergonomic}

Logging:
Log output configuration:
 #0: stdout all=warning uptime,level,tags
 #1: stderr all=off uptime,level,tags

Environment Variables:
JAVA_HOME=C:\Program Files\Amazon Corretto\jdk17.0.10_7
PATH=C:\Program Files\Amazon Corretto\jdk17.0.10_7\bin;C:\Program Files (x86)\VMware\VMware Player\bin\;C:\Program Files (x86)\Intel\iCLS Client\;C:\Program Files\Intel\iCLS Client\;C:\WINDOWS\system32;C:\WINDOWS;C:\WINDOWS\System32\Wbem;C:\WINDOWS\System32\WindowsPowerShell\v1.0\;C:\Program Files\Intel\WiFi\bin\;C:\Program Files\Common Files\Intel\WirelessCommon\;C:\WINDOWS\System32\OpenSSH\;C:\Program Files (x86)\Intel\Intel(R) Management Engine Components\DAL;C:\Program Files\Intel\Intel(R) Management Engine Components\DAL;C:\Program Files (x86)\Intel\Intel(R) Management Engine Components\IPT;C:\Program Files\Intel\Intel(R) Management Engine Components\IPT;C:\Program Files\Microsoft SQL Server\150\Tools\Binn\;C:\Program Files\dotnet\;C:\Program Files\nodejs\;C:\Users\lgpc\AppData\Local\Microsoft\WindowsApps;C:\Program Files\Git\cmd;C:\Users\lgpc\AppData\Local\Programs\Python\Python39\Scripts\;C:\Users\lgpc\AppData\Local\Programs\Python\Python39\;C:\Users\lgpc\AppData\Local\Microsoft\WindowsApps;C:\Users\lgpc\AppData\Local\Programs\Microsoft VS Code\bin;C:\Users\lgpc\.dotnet\tools;C:\Program Files\JetBrains\IntelliJ IDEA 2023.3.1\bin;;C:\Users\lgpc\AppData\Roaming\npm;C:\Program Files (x86)\ESTsoft\ALSee\x64
USERNAME=lgpc
OS=Windows_NT
PROCESSOR_IDENTIFIER=Intel64 Family 6 Model 142 Stepping 9, GenuineIntel
TMP=C:\Users\lgpc\AppData\Local\Temp
TEMP=C:\Users\lgpc\AppData\Local\Temp



Periodic native trim disabled


---------------  S Y S T E M  ---------------

OS:
 Windows 10 , 64 bit Build 19041 (10.0.19041.3636)
OS uptime: 0 days 5:39 hours
Hyper-V role detected

CPU: total 4 (initial active 4) (2 cores per cpu, 2 threads per core) family 6 model 142 stepping 9 microcode 0xb4, cx8, cmov, fxsr, ht, mmx, 3dnowpref, sse, sse2, sse3, ssse3, sse4.1, sse4.2, popcnt, lzcnt, tsc, tscinvbit, avx, avx2, aes, erms, clmul, bmi1, bmi2, adx, fma, vzeroupper, clflush, clflushopt, hv
Processor Information for all 4 processors :
  Max Mhz: 2400, Current Mhz: 2400, Mhz Limit: 2400

Memory: 4k page, system-wide physical 3955M (47M free)
TotalPageFile size 16243M (AvailPageFile size 15M)
current process WorkingSet (physical memory assigned to process): 170M, peak: 361M
current process commit charge ("private bytes"): 494M, peak: 508M

vm_info: OpenJDK 64-Bit Server VM (17.0.10+7-LTS) for windows-amd64 JRE (17.0.10+7-LTS), built on Jan 10 2024 22:11:07 by "Administrator" with MS VC++ 16.10 / 16.11 (VS2019)

END.
