#
# There is insufficient memory for the Java Runtime Environment to continue.
# Native memory allocation (malloc) failed to allocate 1846096 bytes for Chunk::new
# Possible reasons:
#   The system is out of physical RAM or swap space
#   The process is running with CompressedOops enabled, and the Java Heap may be blocking the growth of the native heap
# Possible solutions:
#   Reduce memory load on the system
#   Increase physical memory or swap space
#   Check if swap backing store is full
#   Decrease Java heap size (-Xmx/-Xms)
#   Decrease number of Java threads
#   Decrease Java thread stack sizes (-Xss)
#   Set larger code cache with -XX:ReservedCodeCacheSize=
#   JVM is running with Unscaled Compressed Oops mode in which the Java heap is
#     placed in the first 4GB address space. The Java Heap base address is the
#     maximum limit for the native heap growth. Please use -XX:HeapBaseMinAddress
#     to set the Java Heap base and to place the Java Heap above 4GB virtual address.
# This output file may be truncated or incomplete.
#
#  Out of Memory Error (arena.cpp:191), pid=31008, tid=14160
#
# JRE version: OpenJDK Runtime Environment Corretto-17.0.10.7.1 (17.0.10+7) (build 17.0.10+7-LTS)
# Java VM: OpenJDK 64-Bit Server VM Corretto-17.0.10.7.1 (17.0.10+7-LTS, mixed mode, sharing, tiered, compressed oops, compressed class ptrs, g1 gc, windows-amd64)
# No core dump will be written. Minidumps are not enabled by default on client versions of Windows
#

---------------  S U M M A R Y ------------

Command Line: --add-opens=java.base/java.util=ALL-UNNAMED --add-opens=java.base/java.lang=ALL-UNNAMED --add-opens=java.base/java.lang.invoke=ALL-UNNAMED --add-opens=java.prefs/java.util.prefs=ALL-UNNAMED --add-opens=java.base/java.nio.charset=ALL-UNNAMED --add-opens=java.base/java.net=ALL-UNNAMED --add-opens=java.base/java.util.concurrent.atomic=ALL-UNNAMED -XX:MaxMetaspaceSize=384m -XX:+HeapDumpOnOutOfMemoryError -Xms256m -Xmx512m -Dfile.encoding=x-windows-949 -Duser.country=KR -Duser.language=ko -Duser.variant -javaagent:C:\Users\lgpc\.gradle\wrapper\dists\gradle-8.5-bin\5t9huq95ubn472n8rpzujfbqh\gradle-8.5\lib\agents\gradle-instrumentation-agent-8.5.jar org.gradle.launcher.daemon.bootstrap.GradleDaemon 8.5

Host: Intel(R) Core(TM) i3-7100U CPU @ 2.40GHz, 4 cores, 3G,  Windows 10 , 64 bit Build 19041 (10.0.19041.3636)
Time: Thu Mar 21 03:18:18 2024  Windows 10 , 64 bit Build 19041 (10.0.19041.3636) elapsed time: 31.225503 seconds (0d 0h 0m 31s)

---------------  T H R E A D  ---------------

Current thread (0x0000020bde6dff80):  JavaThread "C2 CompilerThread0" daemon [_thread_in_native, id=14160, stack(0x000000d192d00000,0x000000d192e00000)]


Current CompileTask:
C2:  31225 2545   !   4       java.net.URLClassLoader::findClass (47 bytes)

Stack: [0x000000d192d00000,0x000000d192e00000]
Native frames: (J=compiled Java code, j=interpreted, Vv=VM code, C=native code)
V  [jvm.dll+0x67d2c9]
V  [jvm.dll+0x834b1a]
V  [jvm.dll+0x8365de]
V  [jvm.dll+0x836c43]
V  [jvm.dll+0x2477ff]
V  [jvm.dll+0xac514]
V  [jvm.dll+0xacb5c]
V  [jvm.dll+0x366782]
V  [jvm.dll+0x330bfa]
V  [jvm.dll+0x33009a]
V  [jvm.dll+0x219ef1]
V  [jvm.dll+0x219311]
V  [jvm.dll+0x1a502d]
V  [jvm.dll+0x2290de]
V  [jvm.dll+0x2272ac]
V  [jvm.dll+0x7e9bd7]
V  [jvm.dll+0x7e3fda]
V  [jvm.dll+0x67c1b5]
C  [ucrtbase.dll+0x21bb2]
C  [KERNEL32.DLL+0x17344]
C  [ntdll.dll+0x526b1]


---------------  P R O C E S S  ---------------

Threads class SMR info:
_java_thread_list=0x0000020bf964b970, length=25, elements={
0x0000020bc2490d90, 0x0000020bde6c0670, 0x0000020bde6c1400, 0x0000020bde6db750,
0x0000020bde6de130, 0x0000020bde6dea00, 0x0000020bde6df2d0, 0x0000020bde6dff80,
0x0000020bde6e4970, 0x0000020bde7e8050, 0x0000020bde80df00, 0x0000020bde96dd40,
0x0000020bf9740c70, 0x0000020bf97b80f0, 0x0000020bf8ba8e00, 0x0000020bf895dcd0,
0x0000020bf895e580, 0x0000020bf8684390, 0x0000020bf8683e80, 0x0000020bf8682530,
0x0000020bf8682a40, 0x0000020bf86810f0, 0x0000020bf8681600, 0x0000020bf8682f50,
0x0000020bf8683460
}

Java Threads: ( => current thread )
  0x0000020bc2490d90 JavaThread "main" [_thread_blocked, id=17008, stack(0x000000d192000000,0x000000d192100000)]
  0x0000020bde6c0670 JavaThread "Reference Handler" daemon [_thread_blocked, id=25696, stack(0x000000d192700000,0x000000d192800000)]
  0x0000020bde6c1400 JavaThread "Finalizer" daemon [_thread_blocked, id=24432, stack(0x000000d192800000,0x000000d192900000)]
  0x0000020bde6db750 JavaThread "Signal Dispatcher" daemon [_thread_blocked, id=31228, stack(0x000000d192900000,0x000000d192a00000)]
  0x0000020bde6de130 JavaThread "Attach Listener" daemon [_thread_blocked, id=31724, stack(0x000000d192a00000,0x000000d192b00000)]
  0x0000020bde6dea00 JavaThread "Service Thread" daemon [_thread_blocked, id=27264, stack(0x000000d192b00000,0x000000d192c00000)]
  0x0000020bde6df2d0 JavaThread "Monitor Deflation Thread" daemon [_thread_blocked, id=25208, stack(0x000000d192c00000,0x000000d192d00000)]
=>0x0000020bde6dff80 JavaThread "C2 CompilerThread0" daemon [_thread_in_native, id=14160, stack(0x000000d192d00000,0x000000d192e00000)]
  0x0000020bde6e4970 JavaThread "C1 CompilerThread0" daemon [_thread_blocked, id=6716, stack(0x000000d192e00000,0x000000d192f00000)]
  0x0000020bde7e8050 JavaThread "Sweeper thread" daemon [_thread_blocked, id=30188, stack(0x000000d192f00000,0x000000d193000000)]
  0x0000020bde80df00 JavaThread "Common-Cleaner" daemon [_thread_blocked, id=18232, stack(0x000000d193000000,0x000000d193100000)]
  0x0000020bde96dd40 JavaThread "Notification Thread" daemon [_thread_blocked, id=12772, stack(0x000000d193100000,0x000000d193200000)]
  0x0000020bf9740c70 JavaThread "Daemon health stats" [_thread_blocked, id=31196, stack(0x000000d193700000,0x000000d193800000)]
  0x0000020bf97b80f0 JavaThread "Incoming local TCP Connector on port 59872" [_thread_in_native, id=29044, stack(0x000000d193800000,0x000000d193900000)]
  0x0000020bf8ba8e00 JavaThread "Daemon periodic checks" [_thread_blocked, id=19940, stack(0x000000d193900000,0x000000d193a00000)]
  0x0000020bf895dcd0 JavaThread "Daemon" [_thread_blocked, id=23448, stack(0x000000d193a00000,0x000000d193b00000)]
  0x0000020bf895e580 JavaThread "Handler for socket connection from /127.0.0.1:59872 to /127.0.0.1:59873" [_thread_in_native, id=6856, stack(0x000000d193b00000,0x000000d193c00000)]
  0x0000020bf8684390 JavaThread "Cancel handler" [_thread_blocked, id=24436, stack(0x000000d193c00000,0x000000d193d00000)]
  0x0000020bf8683e80 JavaThread "Daemon worker" [_thread_in_vm, id=17712, stack(0x000000d193d00000,0x000000d193e00000)]
  0x0000020bf8682530 JavaThread "Asynchronous log dispatcher for DefaultDaemonConnection: socket connection from /127.0.0.1:59872 to /127.0.0.1:59873" [_thread_blocked, id=30216, stack(0x000000d193e00000,0x000000d193f00000)]
  0x0000020bf8682a40 JavaThread "Stdin handler" [_thread_blocked, id=29328, stack(0x000000d193f00000,0x000000d194000000)]
  0x0000020bf86810f0 JavaThread "Daemon client event forwarder" [_thread_blocked, id=22472, stack(0x000000d194000000,0x000000d194100000)]
  0x0000020bf8681600 JavaThread "Cache worker for journal cache (C:\Users\lgpc\.gradle\caches\journal-1)" [_thread_blocked, id=28640, stack(0x000000d194100000,0x000000d194200000)]
  0x0000020bf8682f50 JavaThread "File lock request listener" [_thread_in_native, id=28468, stack(0x000000d194200000,0x000000d194300000)]
  0x0000020bf8683460 JavaThread "Cache worker for file hash cache (C:\Users\lgpc\.gradle\caches\8.5\fileHashes)" [_thread_blocked, id=13780, stack(0x000000d194300000,0x000000d194400000)]

Other Threads:
  0x0000020bde6bbaf0 VMThread "VM Thread" [stack: 0x000000d192600000,0x000000d192700000] [id=25568]
  0x0000020bc2491c60 WatcherThread [stack: 0x000000d193200000,0x000000d193300000] [id=27096]
  0x0000020bc24bcb60 GCTaskThread "GC Thread#0" [stack: 0x000000d192100000,0x000000d192200000] [id=24780]
  0x0000020bdea24330 GCTaskThread "GC Thread#1" [stack: 0x000000d193300000,0x000000d193400000] [id=11636]
  0x0000020bdea245f0 GCTaskThread "GC Thread#2" [stack: 0x000000d193400000,0x000000d193500000] [id=28636]
  0x0000020bdea84a70 GCTaskThread "GC Thread#3" [stack: 0x000000d193500000,0x000000d193600000] [id=18176]
  0x0000020bc24c19c0 ConcurrentGCThread "G1 Main Marker" [stack: 0x000000d192200000,0x000000d192300000] [id=31420]
  0x0000020bc24c22f0 ConcurrentGCThread "G1 Conc#0" [stack: 0x000000d192300000,0x000000d192400000] [id=18756]
  0x0000020bde57e110 ConcurrentGCThread "G1 Refine#0" [stack: 0x000000d192400000,0x000000d192500000] [id=27688]
  0x0000020bf80e93f0 ConcurrentGCThread "G1 Refine#1" [stack: 0x000000d193600000,0x000000d193700000] [id=12172]
  0x0000020bde57f960 ConcurrentGCThread "G1 Service" [stack: 0x000000d192500000,0x000000d192600000] [id=27160]

Threads with active compile tasks:
C2 CompilerThread0    31582 2545   !   4       java.net.URLClassLoader::findClass (47 bytes)

VM state: not at safepoint (normal execution)

VM Mutex/Monitor currently owned by a thread: None

Heap address: 0x00000000e0000000, size: 512 MB, Compressed Oops mode: 32-bit

CDS archive(s) mapped at: [0x0000020bdf000000-0x0000020bdfbb0000-0x0000020bdfbb0000), size 12255232, SharedBaseAddress: 0x0000020bdf000000, ArchiveRelocationMode: 1.
Compressed class space mapped at: 0x0000020be0000000-0x0000020bf4000000, reserved size: 335544320
Narrow klass base: 0x0000020bdf000000, Narrow klass shift: 0, Narrow klass range: 0x100000000

GC Precious Log:
 CPUs: 4 total, 4 available
 Memory: 3955M
 Large Page Support: Disabled
 NUMA Support: Disabled
 Compressed Oops: Enabled (32-bit)
 Heap Region Size: 1M
 Heap Min Capacity: 256M
 Heap Initial Capacity: 256M
 Heap Max Capacity: 512M
 Pre-touch: Disabled
 Parallel Workers: 4
 Concurrent Workers: 1
 Concurrent Refinement Workers: 4
 Periodic GC: Disabled

Heap:
 garbage-first heap   total 262144K, used 117034K [0x00000000e0000000, 0x0000000100000000)
  region size 1024K, 105 young (107520K), 1 survivors (1024K)
 Metaspace       used 19342K, committed 19584K, reserved 393216K
  class space    used 2832K, committed 2944K, reserved 327680K

Heap Regions: E=young(eden), S=young(survivor), O=old, HS=humongous(starts), HC=humongous(continues), CS=collection set, F=free, OA=open archive, CA=closed archive, TAMS=top-at-mark-start (previous, next)
|   0|0x00000000e0000000, 0x00000000e0100000, 0x00000000e0100000|100%| O|  |TAMS 0x00000000e0000000, 0x00000000e0000000| Untracked 
|   1|0x00000000e0100000, 0x00000000e0200000, 0x00000000e0200000|100%| O|  |TAMS 0x00000000e0100000, 0x00000000e0100000| Untracked 
|   2|0x00000000e0200000, 0x00000000e0300000, 0x00000000e0300000|100%|HS|  |TAMS 0x00000000e0200000, 0x00000000e0200000| Complete 
|   3|0x00000000e0300000, 0x00000000e0400000, 0x00000000e0400000|100%|HC|  |TAMS 0x00000000e0300000, 0x00000000e0300000| Complete 
|   4|0x00000000e0400000, 0x00000000e0500000, 0x00000000e0500000|100%|HC|  |TAMS 0x00000000e0400000, 0x00000000e0400000| Complete 
|   5|0x00000000e0500000, 0x00000000e0600000, 0x00000000e0600000|100%|HC|  |TAMS 0x00000000e0500000, 0x00000000e0500000| Complete 
|   6|0x00000000e0600000, 0x00000000e0700000, 0x00000000e0700000|100%| O|  |TAMS 0x00000000e0600000, 0x00000000e0600000| Untracked 
|   7|0x00000000e0700000, 0x00000000e0800000, 0x00000000e0800000|100%| O|  |TAMS 0x00000000e0700000, 0x00000000e0700000| Untracked 
|   8|0x00000000e0800000, 0x00000000e0900000, 0x00000000e0900000|100%| O|  |TAMS 0x00000000e0800000, 0x00000000e0800000| Untracked 
|   9|0x00000000e0900000, 0x00000000e0a00000, 0x00000000e0a00000|100%| O|  |TAMS 0x00000000e0900000, 0x00000000e0900000| Untracked 
|  10|0x00000000e0a00000, 0x00000000e0ad0200, 0x00000000e0b00000| 81%| O|  |TAMS 0x00000000e0a00000, 0x00000000e0a00000| Untracked 
|  11|0x00000000e0b00000, 0x00000000e0c00000, 0x00000000e0c00000|100%|HS|  |TAMS 0x00000000e0b00000, 0x00000000e0b00000| Complete 
|  12|0x00000000e0c00000, 0x00000000e0c00000, 0x00000000e0d00000|  0%| F|  |TAMS 0x00000000e0c00000, 0x00000000e0c00000| Untracked 
|  13|0x00000000e0d00000, 0x00000000e0d00000, 0x00000000e0e00000|  0%| F|  |TAMS 0x00000000e0d00000, 0x00000000e0d00000| Untracked 
|  14|0x00000000e0e00000, 0x00000000e0e00000, 0x00000000e0f00000|  0%| F|  |TAMS 0x00000000e0e00000, 0x00000000e0e00000| Untracked 
|  15|0x00000000e0f00000, 0x00000000e0f00000, 0x00000000e1000000|  0%| F|  |TAMS 0x00000000e0f00000, 0x00000000e0f00000| Untracked 
|  16|0x00000000e1000000, 0x00000000e1000000, 0x00000000e1100000|  0%| F|  |TAMS 0x00000000e1000000, 0x00000000e1000000| Untracked 
|  17|0x00000000e1100000, 0x00000000e1100000, 0x00000000e1200000|  0%| F|  |TAMS 0x00000000e1100000, 0x00000000e1100000| Untracked 
|  18|0x00000000e1200000, 0x00000000e1200000, 0x00000000e1300000|  0%| F|  |TAMS 0x00000000e1200000, 0x00000000e1200000| Untracked 
|  19|0x00000000e1300000, 0x00000000e1300000, 0x00000000e1400000|  0%| F|  |TAMS 0x00000000e1300000, 0x00000000e1300000| Untracked 
|  20|0x00000000e1400000, 0x00000000e1400000, 0x00000000e1500000|  0%| F|  |TAMS 0x00000000e1400000, 0x00000000e1400000| Untracked 
|  21|0x00000000e1500000, 0x00000000e1500000, 0x00000000e1600000|  0%| F|  |TAMS 0x00000000e1500000, 0x00000000e1500000| Untracked 
|  22|0x00000000e1600000, 0x00000000e1600000, 0x00000000e1700000|  0%| F|  |TAMS 0x00000000e1600000, 0x00000000e1600000| Untracked 
|  23|0x00000000e1700000, 0x00000000e1700000, 0x00000000e1800000|  0%| F|  |TAMS 0x00000000e1700000, 0x00000000e1700000| Untracked 
|  24|0x00000000e1800000, 0x00000000e1800000, 0x00000000e1900000|  0%| F|  |TAMS 0x00000000e1800000, 0x00000000e1800000| Untracked 
|  25|0x00000000e1900000, 0x00000000e1900000, 0x00000000e1a00000|  0%| F|  |TAMS 0x00000000e1900000, 0x00000000e1900000| Untracked 
|  26|0x00000000e1a00000, 0x00000000e1a00000, 0x00000000e1b00000|  0%| F|  |TAMS 0x00000000e1a00000, 0x00000000e1a00000| Untracked 
|  27|0x00000000e1b00000, 0x00000000e1b00000, 0x00000000e1c00000|  0%| F|  |TAMS 0x00000000e1b00000, 0x00000000e1b00000| Untracked 
|  28|0x00000000e1c00000, 0x00000000e1c00000, 0x00000000e1d00000|  0%| F|  |TAMS 0x00000000e1c00000, 0x00000000e1c00000| Untracked 
|  29|0x00000000e1d00000, 0x00000000e1d00000, 0x00000000e1e00000|  0%| F|  |TAMS 0x00000000e1d00000, 0x00000000e1d00000| Untracked 
|  30|0x00000000e1e00000, 0x00000000e1e00000, 0x00000000e1f00000|  0%| F|  |TAMS 0x00000000e1e00000, 0x00000000e1e00000| Untracked 
|  31|0x00000000e1f00000, 0x00000000e1f00000, 0x00000000e2000000|  0%| F|  |TAMS 0x00000000e1f00000, 0x00000000e1f00000| Untracked 
|  32|0x00000000e2000000, 0x00000000e2000000, 0x00000000e2100000|  0%| F|  |TAMS 0x00000000e2000000, 0x00000000e2000000| Untracked 
|  33|0x00000000e2100000, 0x00000000e2100000, 0x00000000e2200000|  0%| F|  |TAMS 0x00000000e2100000, 0x00000000e2100000| Untracked 
|  34|0x00000000e2200000, 0x00000000e2200000, 0x00000000e2300000|  0%| F|  |TAMS 0x00000000e2200000, 0x00000000e2200000| Untracked 
|  35|0x00000000e2300000, 0x00000000e2300000, 0x00000000e2400000|  0%| F|  |TAMS 0x00000000e2300000, 0x00000000e2300000| Untracked 
|  36|0x00000000e2400000, 0x00000000e2400000, 0x00000000e2500000|  0%| F|  |TAMS 0x00000000e2400000, 0x00000000e2400000| Untracked 
|  37|0x00000000e2500000, 0x00000000e2500000, 0x00000000e2600000|  0%| F|  |TAMS 0x00000000e2500000, 0x00000000e2500000| Untracked 
|  38|0x00000000e2600000, 0x00000000e2600000, 0x00000000e2700000|  0%| F|  |TAMS 0x00000000e2600000, 0x00000000e2600000| Untracked 
|  39|0x00000000e2700000, 0x00000000e2700000, 0x00000000e2800000|  0%| F|  |TAMS 0x00000000e2700000, 0x00000000e2700000| Untracked 
|  40|0x00000000e2800000, 0x00000000e2800000, 0x00000000e2900000|  0%| F|  |TAMS 0x00000000e2800000, 0x00000000e2800000| Untracked 
|  41|0x00000000e2900000, 0x00000000e2900000, 0x00000000e2a00000|  0%| F|  |TAMS 0x00000000e2900000, 0x00000000e2900000| Untracked 
|  42|0x00000000e2a00000, 0x00000000e2a00000, 0x00000000e2b00000|  0%| F|  |TAMS 0x00000000e2a00000, 0x00000000e2a00000| Untracked 
|  43|0x00000000e2b00000, 0x00000000e2b00000, 0x00000000e2c00000|  0%| F|  |TAMS 0x00000000e2b00000, 0x00000000e2b00000| Untracked 
|  44|0x00000000e2c00000, 0x00000000e2c00000, 0x00000000e2d00000|  0%| F|  |TAMS 0x00000000e2c00000, 0x00000000e2c00000| Untracked 
|  45|0x00000000e2d00000, 0x00000000e2d00000, 0x00000000e2e00000|  0%| F|  |TAMS 0x00000000e2d00000, 0x00000000e2d00000| Untracked 
|  46|0x00000000e2e00000, 0x00000000e2e00000, 0x00000000e2f00000|  0%| F|  |TAMS 0x00000000e2e00000, 0x00000000e2e00000| Untracked 
|  47|0x00000000e2f00000, 0x00000000e2f00000, 0x00000000e3000000|  0%| F|  |TAMS 0x00000000e2f00000, 0x00000000e2f00000| Untracked 
|  48|0x00000000e3000000, 0x00000000e3000000, 0x00000000e3100000|  0%| F|  |TAMS 0x00000000e3000000, 0x00000000e3000000| Untracked 
|  49|0x00000000e3100000, 0x00000000e3100000, 0x00000000e3200000|  0%| F|  |TAMS 0x00000000e3100000, 0x00000000e3100000| Untracked 
|  50|0x00000000e3200000, 0x00000000e3200000, 0x00000000e3300000|  0%| F|  |TAMS 0x00000000e3200000, 0x00000000e3200000| Untracked 
|  51|0x00000000e3300000, 0x00000000e3300000, 0x00000000e3400000|  0%| F|  |TAMS 0x00000000e3300000, 0x00000000e3300000| Untracked 
|  52|0x00000000e3400000, 0x00000000e3400000, 0x00000000e3500000|  0%| F|  |TAMS 0x00000000e3400000, 0x00000000e3400000| Untracked 
|  53|0x00000000e3500000, 0x00000000e3500000, 0x00000000e3600000|  0%| F|  |TAMS 0x00000000e3500000, 0x00000000e3500000| Untracked 
|  54|0x00000000e3600000, 0x00000000e3600000, 0x00000000e3700000|  0%| F|  |TAMS 0x00000000e3600000, 0x00000000e3600000| Untracked 
|  55|0x00000000e3700000, 0x00000000e3700000, 0x00000000e3800000|  0%| F|  |TAMS 0x00000000e3700000, 0x00000000e3700000| Untracked 
|  56|0x00000000e3800000, 0x00000000e3800000, 0x00000000e3900000|  0%| F|  |TAMS 0x00000000e3800000, 0x00000000e3800000| Untracked 
|  57|0x00000000e3900000, 0x00000000e3900000, 0x00000000e3a00000|  0%| F|  |TAMS 0x00000000e3900000, 0x00000000e3900000| Untracked 
|  58|0x00000000e3a00000, 0x00000000e3a00000, 0x00000000e3b00000|  0%| F|  |TAMS 0x00000000e3a00000, 0x00000000e3a00000| Untracked 
|  59|0x00000000e3b00000, 0x00000000e3b00000, 0x00000000e3c00000|  0%| F|  |TAMS 0x00000000e3b00000, 0x00000000e3b00000| Untracked 
|  60|0x00000000e3c00000, 0x00000000e3c00000, 0x00000000e3d00000|  0%| F|  |TAMS 0x00000000e3c00000, 0x00000000e3c00000| Untracked 
|  61|0x00000000e3d00000, 0x00000000e3d00000, 0x00000000e3e00000|  0%| F|  |TAMS 0x00000000e3d00000, 0x00000000e3d00000| Untracked 
|  62|0x00000000e3e00000, 0x00000000e3e00000, 0x00000000e3f00000|  0%| F|  |TAMS 0x00000000e3e00000, 0x00000000e3e00000| Untracked 
|  63|0x00000000e3f00000, 0x00000000e3f00000, 0x00000000e4000000|  0%| F|  |TAMS 0x00000000e3f00000, 0x00000000e3f00000| Untracked 
|  64|0x00000000e4000000, 0x00000000e4000000, 0x00000000e4100000|  0%| F|  |TAMS 0x00000000e4000000, 0x00000000e4000000| Untracked 
|  65|0x00000000e4100000, 0x00000000e4100000, 0x00000000e4200000|  0%| F|  |TAMS 0x00000000e4100000, 0x00000000e4100000| Untracked 
|  66|0x00000000e4200000, 0x00000000e4200000, 0x00000000e4300000|  0%| F|  |TAMS 0x00000000e4200000, 0x00000000e4200000| Untracked 
|  67|0x00000000e4300000, 0x00000000e4300000, 0x00000000e4400000|  0%| F|  |TAMS 0x00000000e4300000, 0x00000000e4300000| Untracked 
|  68|0x00000000e4400000, 0x00000000e4400000, 0x00000000e4500000|  0%| F|  |TAMS 0x00000000e4400000, 0x00000000e4400000| Untracked 
|  69|0x00000000e4500000, 0x00000000e4500000, 0x00000000e4600000|  0%| F|  |TAMS 0x00000000e4500000, 0x00000000e4500000| Untracked 
|  70|0x00000000e4600000, 0x00000000e4600000, 0x00000000e4700000|  0%| F|  |TAMS 0x00000000e4600000, 0x00000000e4600000| Untracked 
|  71|0x00000000e4700000, 0x00000000e4700000, 0x00000000e4800000|  0%| F|  |TAMS 0x00000000e4700000, 0x00000000e4700000| Untracked 
|  72|0x00000000e4800000, 0x00000000e4800000, 0x00000000e4900000|  0%| F|  |TAMS 0x00000000e4800000, 0x00000000e4800000| Untracked 
|  73|0x00000000e4900000, 0x00000000e4900000, 0x00000000e4a00000|  0%| F|  |TAMS 0x00000000e4900000, 0x00000000e4900000| Untracked 
|  74|0x00000000e4a00000, 0x00000000e4a00000, 0x00000000e4b00000|  0%| F|  |TAMS 0x00000000e4a00000, 0x00000000e4a00000| Untracked 
|  75|0x00000000e4b00000, 0x00000000e4b00000, 0x00000000e4c00000|  0%| F|  |TAMS 0x00000000e4b00000, 0x00000000e4b00000| Untracked 
|  76|0x00000000e4c00000, 0x00000000e4c00000, 0x00000000e4d00000|  0%| F|  |TAMS 0x00000000e4c00000, 0x00000000e4c00000| Untracked 
|  77|0x00000000e4d00000, 0x00000000e4d00000, 0x00000000e4e00000|  0%| F|  |TAMS 0x00000000e4d00000, 0x00000000e4d00000| Untracked 
|  78|0x00000000e4e00000, 0x00000000e4e00000, 0x00000000e4f00000|  0%| F|  |TAMS 0x00000000e4e00000, 0x00000000e4e00000| Untracked 
|  79|0x00000000e4f00000, 0x00000000e4f00000, 0x00000000e5000000|  0%| F|  |TAMS 0x00000000e4f00000, 0x00000000e4f00000| Untracked 
|  80|0x00000000e5000000, 0x00000000e5000000, 0x00000000e5100000|  0%| F|  |TAMS 0x00000000e5000000, 0x00000000e5000000| Untracked 
|  81|0x00000000e5100000, 0x00000000e5100000, 0x00000000e5200000|  0%| F|  |TAMS 0x00000000e5100000, 0x00000000e5100000| Untracked 
|  82|0x00000000e5200000, 0x00000000e5200000, 0x00000000e5300000|  0%| F|  |TAMS 0x00000000e5200000, 0x00000000e5200000| Untracked 
|  83|0x00000000e5300000, 0x00000000e5300000, 0x00000000e5400000|  0%| F|  |TAMS 0x00000000e5300000, 0x00000000e5300000| Untracked 
|  84|0x00000000e5400000, 0x00000000e5400000, 0x00000000e5500000|  0%| F|  |TAMS 0x00000000e5400000, 0x00000000e5400000| Untracked 
|  85|0x00000000e5500000, 0x00000000e5500000, 0x00000000e5600000|  0%| F|  |TAMS 0x00000000e5500000, 0x00000000e5500000| Untracked 
|  86|0x00000000e5600000, 0x00000000e5600000, 0x00000000e5700000|  0%| F|  |TAMS 0x00000000e5600000, 0x00000000e5600000| Untracked 
|  87|0x00000000e5700000, 0x00000000e5700000, 0x00000000e5800000|  0%| F|  |TAMS 0x00000000e5700000, 0x00000000e5700000| Untracked 
|  88|0x00000000e5800000, 0x00000000e5800000, 0x00000000e5900000|  0%| F|  |TAMS 0x00000000e5800000, 0x00000000e5800000| Untracked 
|  89|0x00000000e5900000, 0x00000000e5900000, 0x00000000e5a00000|  0%| F|  |TAMS 0x00000000e5900000, 0x00000000e5900000| Untracked 
|  90|0x00000000e5a00000, 0x00000000e5a00000, 0x00000000e5b00000|  0%| F|  |TAMS 0x00000000e5a00000, 0x00000000e5a00000| Untracked 
|  91|0x00000000e5b00000, 0x00000000e5b00000, 0x00000000e5c00000|  0%| F|  |TAMS 0x00000000e5b00000, 0x00000000e5b00000| Untracked 
|  92|0x00000000e5c00000, 0x00000000e5c00000, 0x00000000e5d00000|  0%| F|  |TAMS 0x00000000e5c00000, 0x00000000e5c00000| Untracked 
|  93|0x00000000e5d00000, 0x00000000e5d00000, 0x00000000e5e00000|  0%| F|  |TAMS 0x00000000e5d00000, 0x00000000e5d00000| Untracked 
|  94|0x00000000e5e00000, 0x00000000e5e00000, 0x00000000e5f00000|  0%| F|  |TAMS 0x00000000e5e00000, 0x00000000e5e00000| Untracked 
|  95|0x00000000e5f00000, 0x00000000e5f00000, 0x00000000e6000000|  0%| F|  |TAMS 0x00000000e5f00000, 0x00000000e5f00000| Untracked 
|  96|0x00000000e6000000, 0x00000000e6000000, 0x00000000e6100000|  0%| F|  |TAMS 0x00000000e6000000, 0x00000000e6000000| Untracked 
|  97|0x00000000e6100000, 0x00000000e6100000, 0x00000000e6200000|  0%| F|  |TAMS 0x00000000e6100000, 0x00000000e6100000| Untracked 
|  98|0x00000000e6200000, 0x00000000e6200000, 0x00000000e6300000|  0%| F|  |TAMS 0x00000000e6200000, 0x00000000e6200000| Untracked 
|  99|0x00000000e6300000, 0x00000000e6300000, 0x00000000e6400000|  0%| F|  |TAMS 0x00000000e6300000, 0x00000000e6300000| Untracked 
| 100|0x00000000e6400000, 0x00000000e6400000, 0x00000000e6500000|  0%| F|  |TAMS 0x00000000e6400000, 0x00000000e6400000| Untracked 
| 101|0x00000000e6500000, 0x00000000e6500000, 0x00000000e6600000|  0%| F|  |TAMS 0x00000000e6500000, 0x00000000e6500000| Untracked 
| 102|0x00000000e6600000, 0x00000000e6600000, 0x00000000e6700000|  0%| F|  |TAMS 0x00000000e6600000, 0x00000000e6600000| Untracked 
| 103|0x00000000e6700000, 0x00000000e6700000, 0x00000000e6800000|  0%| F|  |TAMS 0x00000000e6700000, 0x00000000e6700000| Untracked 
| 104|0x00000000e6800000, 0x00000000e6800000, 0x00000000e6900000|  0%| F|  |TAMS 0x00000000e6800000, 0x00000000e6800000| Untracked 
| 105|0x00000000e6900000, 0x00000000e6900000, 0x00000000e6a00000|  0%| F|  |TAMS 0x00000000e6900000, 0x00000000e6900000| Untracked 
| 106|0x00000000e6a00000, 0x00000000e6a00000, 0x00000000e6b00000|  0%| F|  |TAMS 0x00000000e6a00000, 0x00000000e6a00000| Untracked 
| 107|0x00000000e6b00000, 0x00000000e6b00000, 0x00000000e6c00000|  0%| F|  |TAMS 0x00000000e6b00000, 0x00000000e6b00000| Untracked 
| 108|0x00000000e6c00000, 0x00000000e6c00000, 0x00000000e6d00000|  0%| F|  |TAMS 0x00000000e6c00000, 0x00000000e6c00000| Untracked 
| 109|0x00000000e6d00000, 0x00000000e6d00000, 0x00000000e6e00000|  0%| F|  |TAMS 0x00000000e6d00000, 0x00000000e6d00000| Untracked 
| 110|0x00000000e6e00000, 0x00000000e6e00000, 0x00000000e6f00000|  0%| F|  |TAMS 0x00000000e6e00000, 0x00000000e6e00000| Untracked 
| 111|0x00000000e6f00000, 0x00000000e6f00000, 0x00000000e7000000|  0%| F|  |TAMS 0x00000000e6f00000, 0x00000000e6f00000| Untracked 
| 112|0x00000000e7000000, 0x00000000e7000000, 0x00000000e7100000|  0%| F|  |TAMS 0x00000000e7000000, 0x00000000e7000000| Untracked 
| 113|0x00000000e7100000, 0x00000000e7100000, 0x00000000e7200000|  0%| F|  |TAMS 0x00000000e7100000, 0x00000000e7100000| Untracked 
| 114|0x00000000e7200000, 0x00000000e7200000, 0x00000000e7300000|  0%| F|  |TAMS 0x00000000e7200000, 0x00000000e7200000| Untracked 
| 115|0x00000000e7300000, 0x00000000e7300000, 0x00000000e7400000|  0%| F|  |TAMS 0x00000000e7300000, 0x00000000e7300000| Untracked 
| 116|0x00000000e7400000, 0x00000000e7400000, 0x00000000e7500000|  0%| F|  |TAMS 0x00000000e7400000, 0x00000000e7400000| Untracked 
| 117|0x00000000e7500000, 0x00000000e7500000, 0x00000000e7600000|  0%| F|  |TAMS 0x00000000e7500000, 0x00000000e7500000| Untracked 
| 118|0x00000000e7600000, 0x00000000e7600000, 0x00000000e7700000|  0%| F|  |TAMS 0x00000000e7600000, 0x00000000e7600000| Untracked 
| 119|0x00000000e7700000, 0x00000000e7700000, 0x00000000e7800000|  0%| F|  |TAMS 0x00000000e7700000, 0x00000000e7700000| Untracked 
| 120|0x00000000e7800000, 0x00000000e7800000, 0x00000000e7900000|  0%| F|  |TAMS 0x00000000e7800000, 0x00000000e7800000| Untracked 
| 121|0x00000000e7900000, 0x00000000e7900000, 0x00000000e7a00000|  0%| F|  |TAMS 0x00000000e7900000, 0x00000000e7900000| Untracked 
| 122|0x00000000e7a00000, 0x00000000e7a00000, 0x00000000e7b00000|  0%| F|  |TAMS 0x00000000e7a00000, 0x00000000e7a00000| Untracked 
| 123|0x00000000e7b00000, 0x00000000e7b00000, 0x00000000e7c00000|  0%| F|  |TAMS 0x00000000e7b00000, 0x00000000e7b00000| Untracked 
| 124|0x00000000e7c00000, 0x00000000e7c00000, 0x00000000e7d00000|  0%| F|  |TAMS 0x00000000e7c00000, 0x00000000e7c00000| Untracked 
| 125|0x00000000e7d00000, 0x00000000e7d00000, 0x00000000e7e00000|  0%| F|  |TAMS 0x00000000e7d00000, 0x00000000e7d00000| Untracked 
| 126|0x00000000e7e00000, 0x00000000e7e00000, 0x00000000e7f00000|  0%| F|  |TAMS 0x00000000e7e00000, 0x00000000e7e00000| Untracked 
| 127|0x00000000e7f00000, 0x00000000e7f00000, 0x00000000e8000000|  0%| F|  |TAMS 0x00000000e7f00000, 0x00000000e7f00000| Untracked 
| 128|0x00000000e8000000, 0x00000000e8000000, 0x00000000e8100000|  0%| F|  |TAMS 0x00000000e8000000, 0x00000000e8000000| Untracked 
| 129|0x00000000e8100000, 0x00000000e8100000, 0x00000000e8200000|  0%| F|  |TAMS 0x00000000e8100000, 0x00000000e8100000| Untracked 
| 130|0x00000000e8200000, 0x00000000e8200000, 0x00000000e8300000|  0%| F|  |TAMS 0x00000000e8200000, 0x00000000e8200000| Untracked 
| 131|0x00000000e8300000, 0x00000000e8300000, 0x00000000e8400000|  0%| F|  |TAMS 0x00000000e8300000, 0x00000000e8300000| Untracked 
| 132|0x00000000e8400000, 0x00000000e8400000, 0x00000000e8500000|  0%| F|  |TAMS 0x00000000e8400000, 0x00000000e8400000| Untracked 
| 133|0x00000000e8500000, 0x00000000e8500000, 0x00000000e8600000|  0%| F|  |TAMS 0x00000000e8500000, 0x00000000e8500000| Untracked 
| 134|0x00000000e8600000, 0x00000000e8600000, 0x00000000e8700000|  0%| F|  |TAMS 0x00000000e8600000, 0x00000000e8600000| Untracked 
| 135|0x00000000e8700000, 0x00000000e8700000, 0x00000000e8800000|  0%| F|  |TAMS 0x00000000e8700000, 0x00000000e8700000| Untracked 
| 136|0x00000000e8800000, 0x00000000e8800000, 0x00000000e8900000|  0%| F|  |TAMS 0x00000000e8800000, 0x00000000e8800000| Untracked 
| 137|0x00000000e8900000, 0x00000000e8900000, 0x00000000e8a00000|  0%| F|  |TAMS 0x00000000e8900000, 0x00000000e8900000| Untracked 
| 138|0x00000000e8a00000, 0x00000000e8a00000, 0x00000000e8b00000|  0%| F|  |TAMS 0x00000000e8a00000, 0x00000000e8a00000| Untracked 
| 139|0x00000000e8b00000, 0x00000000e8b00000, 0x00000000e8c00000|  0%| F|  |TAMS 0x00000000e8b00000, 0x00000000e8b00000| Untracked 
| 140|0x00000000e8c00000, 0x00000000e8c00000, 0x00000000e8d00000|  0%| F|  |TAMS 0x00000000e8c00000, 0x00000000e8c00000| Untracked 
| 141|0x00000000e8d00000, 0x00000000e8d00000, 0x00000000e8e00000|  0%| F|  |TAMS 0x00000000e8d00000, 0x00000000e8d00000| Untracked 
| 142|0x00000000e8e00000, 0x00000000e8e00000, 0x00000000e8f00000|  0%| F|  |TAMS 0x00000000e8e00000, 0x00000000e8e00000| Untracked 
| 143|0x00000000e8f00000, 0x00000000e8f00000, 0x00000000e9000000|  0%| F|  |TAMS 0x00000000e8f00000, 0x00000000e8f00000| Untracked 
| 144|0x00000000e9000000, 0x00000000e9000000, 0x00000000e9100000|  0%| F|  |TAMS 0x00000000e9000000, 0x00000000e9000000| Untracked 
| 145|0x00000000e9100000, 0x00000000e9100000, 0x00000000e9200000|  0%| F|  |TAMS 0x00000000e9100000, 0x00000000e9100000| Untracked 
| 146|0x00000000e9200000, 0x00000000e9200000, 0x00000000e9300000|  0%| F|  |TAMS 0x00000000e9200000, 0x00000000e9200000| Untracked 
| 147|0x00000000e9300000, 0x00000000e9300000, 0x00000000e9400000|  0%| F|  |TAMS 0x00000000e9300000, 0x00000000e9300000| Untracked 
| 148|0x00000000e9400000, 0x00000000e9400000, 0x00000000e9500000|  0%| F|  |TAMS 0x00000000e9400000, 0x00000000e9400000| Untracked 
| 149|0x00000000e9500000, 0x00000000e9500000, 0x00000000e9600000|  0%| F|  |TAMS 0x00000000e9500000, 0x00000000e9500000| Untracked 
| 150|0x00000000e9600000, 0x00000000e9600000, 0x00000000e9700000|  0%| F|  |TAMS 0x00000000e9600000, 0x00000000e9600000| Untracked 
| 151|0x00000000e9700000, 0x00000000e9780c10, 0x00000000e9800000| 50%| E|  |TAMS 0x00000000e9700000, 0x00000000e9700000| Complete 
| 152|0x00000000e9800000, 0x00000000e9900000, 0x00000000e9900000|100%| E|CS|TAMS 0x00000000e9800000, 0x00000000e9800000| Complete 
| 153|0x00000000e9900000, 0x00000000e9a00000, 0x00000000e9a00000|100%| E|CS|TAMS 0x00000000e9900000, 0x00000000e9900000| Complete 
| 154|0x00000000e9a00000, 0x00000000e9b00000, 0x00000000e9b00000|100%| E|CS|TAMS 0x00000000e9a00000, 0x00000000e9a00000| Complete 
| 155|0x00000000e9b00000, 0x00000000e9c00000, 0x00000000e9c00000|100%| E|CS|TAMS 0x00000000e9b00000, 0x00000000e9b00000| Complete 
| 156|0x00000000e9c00000, 0x00000000e9d00000, 0x00000000e9d00000|100%| E|CS|TAMS 0x00000000e9c00000, 0x00000000e9c00000| Complete 
| 157|0x00000000e9d00000, 0x00000000e9e00000, 0x00000000e9e00000|100%| E|CS|TAMS 0x00000000e9d00000, 0x00000000e9d00000| Complete 
| 158|0x00000000e9e00000, 0x00000000e9f00000, 0x00000000e9f00000|100%| E|CS|TAMS 0x00000000e9e00000, 0x00000000e9e00000| Complete 
| 159|0x00000000e9f00000, 0x00000000ea000000, 0x00000000ea000000|100%| E|CS|TAMS 0x00000000e9f00000, 0x00000000e9f00000| Complete 
| 160|0x00000000ea000000, 0x00000000ea100000, 0x00000000ea100000|100%| E|CS|TAMS 0x00000000ea000000, 0x00000000ea000000| Complete 
| 161|0x00000000ea100000, 0x00000000ea200000, 0x00000000ea200000|100%| E|CS|TAMS 0x00000000ea100000, 0x00000000ea100000| Complete 
| 162|0x00000000ea200000, 0x00000000ea300000, 0x00000000ea300000|100%| E|CS|TAMS 0x00000000ea200000, 0x00000000ea200000| Complete 
| 163|0x00000000ea300000, 0x00000000ea400000, 0x00000000ea400000|100%| E|CS|TAMS 0x00000000ea300000, 0x00000000ea300000| Complete 
| 164|0x00000000ea400000, 0x00000000ea500000, 0x00000000ea500000|100%| E|CS|TAMS 0x00000000ea400000, 0x00000000ea400000| Complete 
| 165|0x00000000ea500000, 0x00000000ea600000, 0x00000000ea600000|100%| E|CS|TAMS 0x00000000ea500000, 0x00000000ea500000| Complete 
| 166|0x00000000ea600000, 0x00000000ea700000, 0x00000000ea700000|100%| E|CS|TAMS 0x00000000ea600000, 0x00000000ea600000| Complete 
| 167|0x00000000ea700000, 0x00000000ea800000, 0x00000000ea800000|100%| E|CS|TAMS 0x00000000ea700000, 0x00000000ea700000| Complete 
| 168|0x00000000ea800000, 0x00000000ea900000, 0x00000000ea900000|100%| E|CS|TAMS 0x00000000ea800000, 0x00000000ea800000| Complete 
| 169|0x00000000ea900000, 0x00000000eaa00000, 0x00000000eaa00000|100%| E|CS|TAMS 0x00000000ea900000, 0x00000000ea900000| Complete 
| 170|0x00000000eaa00000, 0x00000000eab00000, 0x00000000eab00000|100%| E|CS|TAMS 0x00000000eaa00000, 0x00000000eaa00000| Complete 
| 171|0x00000000eab00000, 0x00000000eac00000, 0x00000000eac00000|100%| E|CS|TAMS 0x00000000eab00000, 0x00000000eab00000| Complete 
| 172|0x00000000eac00000, 0x00000000ead00000, 0x00000000ead00000|100%| E|CS|TAMS 0x00000000eac00000, 0x00000000eac00000| Complete 
| 173|0x00000000ead00000, 0x00000000eae00000, 0x00000000eae00000|100%| E|CS|TAMS 0x00000000ead00000, 0x00000000ead00000| Complete 
| 174|0x00000000eae00000, 0x00000000eaf00000, 0x00000000eaf00000|100%| E|CS|TAMS 0x00000000eae00000, 0x00000000eae00000| Complete 
| 175|0x00000000eaf00000, 0x00000000eb000000, 0x00000000eb000000|100%| E|CS|TAMS 0x00000000eaf00000, 0x00000000eaf00000| Complete 
| 176|0x00000000eb000000, 0x00000000eb100000, 0x00000000eb100000|100%| E|CS|TAMS 0x00000000eb000000, 0x00000000eb000000| Complete 
| 177|0x00000000eb100000, 0x00000000eb200000, 0x00000000eb200000|100%| E|CS|TAMS 0x00000000eb100000, 0x00000000eb100000| Complete 
| 178|0x00000000eb200000, 0x00000000eb300000, 0x00000000eb300000|100%| E|CS|TAMS 0x00000000eb200000, 0x00000000eb200000| Complete 
| 179|0x00000000eb300000, 0x00000000eb400000, 0x00000000eb400000|100%| E|CS|TAMS 0x00000000eb300000, 0x00000000eb300000| Complete 
| 180|0x00000000eb400000, 0x00000000eb500000, 0x00000000eb500000|100%| E|CS|TAMS 0x00000000eb400000, 0x00000000eb400000| Complete 
| 181|0x00000000eb500000, 0x00000000eb600000, 0x00000000eb600000|100%| E|CS|TAMS 0x00000000eb500000, 0x00000000eb500000| Complete 
| 182|0x00000000eb600000, 0x00000000eb700000, 0x00000000eb700000|100%| E|CS|TAMS 0x00000000eb600000, 0x00000000eb600000| Complete 
| 183|0x00000000eb700000, 0x00000000eb800000, 0x00000000eb800000|100%| E|CS|TAMS 0x00000000eb700000, 0x00000000eb700000| Complete 
| 184|0x00000000eb800000, 0x00000000eb900000, 0x00000000eb900000|100%| E|CS|TAMS 0x00000000eb800000, 0x00000000eb800000| Complete 
| 185|0x00000000eb900000, 0x00000000eba00000, 0x00000000eba00000|100%| E|CS|TAMS 0x00000000eb900000, 0x00000000eb900000| Complete 
| 186|0x00000000eba00000, 0x00000000ebb00000, 0x00000000ebb00000|100%| E|CS|TAMS 0x00000000eba00000, 0x00000000eba00000| Complete 
| 187|0x00000000ebb00000, 0x00000000ebc00000, 0x00000000ebc00000|100%| E|CS|TAMS 0x00000000ebb00000, 0x00000000ebb00000| Complete 
| 188|0x00000000ebc00000, 0x00000000ebd00000, 0x00000000ebd00000|100%| E|CS|TAMS 0x00000000ebc00000, 0x00000000ebc00000| Complete 
| 189|0x00000000ebd00000, 0x00000000ebe00000, 0x00000000ebe00000|100%| E|CS|TAMS 0x00000000ebd00000, 0x00000000ebd00000| Complete 
| 190|0x00000000ebe00000, 0x00000000ebf00000, 0x00000000ebf00000|100%| E|CS|TAMS 0x00000000ebe00000, 0x00000000ebe00000| Complete 
| 191|0x00000000ebf00000, 0x00000000ec000000, 0x00000000ec000000|100%| E|CS|TAMS 0x00000000ebf00000, 0x00000000ebf00000| Complete 
| 192|0x00000000ec000000, 0x00000000ec100000, 0x00000000ec100000|100%| E|CS|TAMS 0x00000000ec000000, 0x00000000ec000000| Complete 
| 193|0x00000000ec100000, 0x00000000ec200000, 0x00000000ec200000|100%| E|CS|TAMS 0x00000000ec100000, 0x00000000ec100000| Complete 
| 194|0x00000000ec200000, 0x00000000ec300000, 0x00000000ec300000|100%| E|CS|TAMS 0x00000000ec200000, 0x00000000ec200000| Complete 
| 195|0x00000000ec300000, 0x00000000ec400000, 0x00000000ec400000|100%| E|CS|TAMS 0x00000000ec300000, 0x00000000ec300000| Complete 
| 196|0x00000000ec400000, 0x00000000ec500000, 0x00000000ec500000|100%| E|CS|TAMS 0x00000000ec400000, 0x00000000ec400000| Complete 
| 197|0x00000000ec500000, 0x00000000ec600000, 0x00000000ec600000|100%| E|CS|TAMS 0x00000000ec500000, 0x00000000ec500000| Complete 
| 198|0x00000000ec600000, 0x00000000ec700000, 0x00000000ec700000|100%| E|CS|TAMS 0x00000000ec600000, 0x00000000ec600000| Complete 
| 199|0x00000000ec700000, 0x00000000ec800000, 0x00000000ec800000|100%| E|CS|TAMS 0x00000000ec700000, 0x00000000ec700000| Complete 
| 200|0x00000000ec800000, 0x00000000ec900000, 0x00000000ec900000|100%| E|CS|TAMS 0x00000000ec800000, 0x00000000ec800000| Complete 
| 201|0x00000000ec900000, 0x00000000eca00000, 0x00000000eca00000|100%| E|CS|TAMS 0x00000000ec900000, 0x00000000ec900000| Complete 
| 202|0x00000000eca00000, 0x00000000ecb00000, 0x00000000ecb00000|100%| E|CS|TAMS 0x00000000eca00000, 0x00000000eca00000| Complete 
| 203|0x00000000ecb00000, 0x00000000ecc00000, 0x00000000ecc00000|100%| E|CS|TAMS 0x00000000ecb00000, 0x00000000ecb00000| Complete 
| 204|0x00000000ecc00000, 0x00000000ecd00000, 0x00000000ecd00000|100%| E|CS|TAMS 0x00000000ecc00000, 0x00000000ecc00000| Complete 
| 205|0x00000000ecd00000, 0x00000000ece00000, 0x00000000ece00000|100%| E|CS|TAMS 0x00000000ecd00000, 0x00000000ecd00000| Complete 
| 206|0x00000000ece00000, 0x00000000ecf00000, 0x00000000ecf00000|100%| E|CS|TAMS 0x00000000ece00000, 0x00000000ece00000| Complete 
| 207|0x00000000ecf00000, 0x00000000ed000000, 0x00000000ed000000|100%| E|CS|TAMS 0x00000000ecf00000, 0x00000000ecf00000| Complete 
| 208|0x00000000ed000000, 0x00000000ed100000, 0x00000000ed100000|100%| E|CS|TAMS 0x00000000ed000000, 0x00000000ed000000| Complete 
| 209|0x00000000ed100000, 0x00000000ed200000, 0x00000000ed200000|100%| E|CS|TAMS 0x00000000ed100000, 0x00000000ed100000| Complete 
| 210|0x00000000ed200000, 0x00000000ed300000, 0x00000000ed300000|100%| E|CS|TAMS 0x00000000ed200000, 0x00000000ed200000| Complete 
| 211|0x00000000ed300000, 0x00000000ed400000, 0x00000000ed400000|100%| E|CS|TAMS 0x00000000ed300000, 0x00000000ed300000| Complete 
| 212|0x00000000ed400000, 0x00000000ed500000, 0x00000000ed500000|100%| E|CS|TAMS 0x00000000ed400000, 0x00000000ed400000| Complete 
| 213|0x00000000ed500000, 0x00000000ed600000, 0x00000000ed600000|100%| E|CS|TAMS 0x00000000ed500000, 0x00000000ed500000| Complete 
| 214|0x00000000ed600000, 0x00000000ed700000, 0x00000000ed700000|100%| E|CS|TAMS 0x00000000ed600000, 0x00000000ed600000| Complete 
| 215|0x00000000ed700000, 0x00000000ed800000, 0x00000000ed800000|100%| E|CS|TAMS 0x00000000ed700000, 0x00000000ed700000| Complete 
| 216|0x00000000ed800000, 0x00000000ed900000, 0x00000000ed900000|100%| E|CS|TAMS 0x00000000ed800000, 0x00000000ed800000| Complete 
| 217|0x00000000ed900000, 0x00000000eda00000, 0x00000000eda00000|100%| E|CS|TAMS 0x00000000ed900000, 0x00000000ed900000| Complete 
| 218|0x00000000eda00000, 0x00000000edb00000, 0x00000000edb00000|100%| E|CS|TAMS 0x00000000eda00000, 0x00000000eda00000| Complete 
| 219|0x00000000edb00000, 0x00000000edc00000, 0x00000000edc00000|100%| E|CS|TAMS 0x00000000edb00000, 0x00000000edb00000| Complete 
| 220|0x00000000edc00000, 0x00000000edd00000, 0x00000000edd00000|100%| E|CS|TAMS 0x00000000edc00000, 0x00000000edc00000| Complete 
| 221|0x00000000edd00000, 0x00000000ede00000, 0x00000000ede00000|100%| E|CS|TAMS 0x00000000edd00000, 0x00000000edd00000| Complete 
| 222|0x00000000ede00000, 0x00000000edf00000, 0x00000000edf00000|100%| E|CS|TAMS 0x00000000ede00000, 0x00000000ede00000| Complete 
| 223|0x00000000edf00000, 0x00000000ee000000, 0x00000000ee000000|100%| E|CS|TAMS 0x00000000edf00000, 0x00000000edf00000| Complete 
| 224|0x00000000ee000000, 0x00000000ee100000, 0x00000000ee100000|100%| E|CS|TAMS 0x00000000ee000000, 0x00000000ee000000| Complete 
| 225|0x00000000ee100000, 0x00000000ee200000, 0x00000000ee200000|100%| E|CS|TAMS 0x00000000ee100000, 0x00000000ee100000| Complete 
| 226|0x00000000ee200000, 0x00000000ee300000, 0x00000000ee300000|100%| E|CS|TAMS 0x00000000ee200000, 0x00000000ee200000| Complete 
| 227|0x00000000ee300000, 0x00000000ee400000, 0x00000000ee400000|100%| E|CS|TAMS 0x00000000ee300000, 0x00000000ee300000| Complete 
| 228|0x00000000ee400000, 0x00000000ee500000, 0x00000000ee500000|100%| E|CS|TAMS 0x00000000ee400000, 0x00000000ee400000| Complete 
| 229|0x00000000ee500000, 0x00000000ee600000, 0x00000000ee600000|100%| E|CS|TAMS 0x00000000ee500000, 0x00000000ee500000| Complete 
| 230|0x00000000ee600000, 0x00000000ee700000, 0x00000000ee700000|100%| E|CS|TAMS 0x00000000ee600000, 0x00000000ee600000| Complete 
| 231|0x00000000ee700000, 0x00000000ee800000, 0x00000000ee800000|100%| E|CS|TAMS 0x00000000ee700000, 0x00000000ee700000| Complete 
| 232|0x00000000ee800000, 0x00000000ee87a698, 0x00000000ee900000| 47%| S|CS|TAMS 0x00000000ee800000, 0x00000000ee800000| Complete 
| 233|0x00000000ee900000, 0x00000000eea00000, 0x00000000eea00000|100%| E|CS|TAMS 0x00000000ee900000, 0x00000000ee900000| Complete 
| 234|0x00000000eea00000, 0x00000000eeb00000, 0x00000000eeb00000|100%| E|CS|TAMS 0x00000000eea00000, 0x00000000eea00000| Complete 
| 235|0x00000000eeb00000, 0x00000000eec00000, 0x00000000eec00000|100%| E|CS|TAMS 0x00000000eeb00000, 0x00000000eeb00000| Complete 
| 236|0x00000000eec00000, 0x00000000eed00000, 0x00000000eed00000|100%| E|CS|TAMS 0x00000000eec00000, 0x00000000eec00000| Complete 
| 237|0x00000000eed00000, 0x00000000eee00000, 0x00000000eee00000|100%| E|CS|TAMS 0x00000000eed00000, 0x00000000eed00000| Complete 
| 238|0x00000000eee00000, 0x00000000eef00000, 0x00000000eef00000|100%| E|CS|TAMS 0x00000000eee00000, 0x00000000eee00000| Complete 
| 239|0x00000000eef00000, 0x00000000ef000000, 0x00000000ef000000|100%| E|CS|TAMS 0x00000000eef00000, 0x00000000eef00000| Complete 
| 240|0x00000000ef000000, 0x00000000ef100000, 0x00000000ef100000|100%| E|CS|TAMS 0x00000000ef000000, 0x00000000ef000000| Complete 
| 241|0x00000000ef100000, 0x00000000ef200000, 0x00000000ef200000|100%| E|CS|TAMS 0x00000000ef100000, 0x00000000ef100000| Complete 
| 242|0x00000000ef200000, 0x00000000ef300000, 0x00000000ef300000|100%| E|CS|TAMS 0x00000000ef200000, 0x00000000ef200000| Complete 
| 243|0x00000000ef300000, 0x00000000ef400000, 0x00000000ef400000|100%| E|CS|TAMS 0x00000000ef300000, 0x00000000ef300000| Complete 
| 244|0x00000000ef400000, 0x00000000ef500000, 0x00000000ef500000|100%| E|CS|TAMS 0x00000000ef400000, 0x00000000ef400000| Complete 
| 245|0x00000000ef500000, 0x00000000ef600000, 0x00000000ef600000|100%| E|CS|TAMS 0x00000000ef500000, 0x00000000ef500000| Complete 
| 246|0x00000000ef600000, 0x00000000ef700000, 0x00000000ef700000|100%| E|CS|TAMS 0x00000000ef600000, 0x00000000ef600000| Complete 
| 247|0x00000000ef700000, 0x00000000ef800000, 0x00000000ef800000|100%| E|CS|TAMS 0x00000000ef700000, 0x00000000ef700000| Complete 
| 248|0x00000000ef800000, 0x00000000ef900000, 0x00000000ef900000|100%| E|CS|TAMS 0x00000000ef800000, 0x00000000ef800000| Complete 
| 249|0x00000000ef900000, 0x00000000efa00000, 0x00000000efa00000|100%| E|  |TAMS 0x00000000ef900000, 0x00000000ef900000| Complete 
| 250|0x00000000efa00000, 0x00000000efb00000, 0x00000000efb00000|100%| E|CS|TAMS 0x00000000efa00000, 0x00000000efa00000| Complete 
| 251|0x00000000efb00000, 0x00000000efc00000, 0x00000000efc00000|100%| E|CS|TAMS 0x00000000efb00000, 0x00000000efb00000| Complete 
| 252|0x00000000efc00000, 0x00000000efd00000, 0x00000000efd00000|100%| E|CS|TAMS 0x00000000efc00000, 0x00000000efc00000| Complete 
| 253|0x00000000efd00000, 0x00000000efe00000, 0x00000000efe00000|100%| E|CS|TAMS 0x00000000efd00000, 0x00000000efd00000| Complete 
| 254|0x00000000efe00000, 0x00000000eff00000, 0x00000000eff00000|100%| E|CS|TAMS 0x00000000efe00000, 0x00000000efe00000| Complete 
| 255|0x00000000eff00000, 0x00000000f0000000, 0x00000000f0000000|100%| E|CS|TAMS 0x00000000eff00000, 0x00000000eff00000| Complete 

Card table byte_map: [0x0000020bdaf00000,0x0000020bdb000000] _byte_map_base: 0x0000020bda800000

Marking Bits (Prev, Next): (CMBitMap*) 0x0000020bc24bd090, (CMBitMap*) 0x0000020bc24bd0d0
 Prev Bits: [0x0000020bdb100000, 0x0000020bdb900000)
 Next Bits: [0x0000020bdb900000, 0x0000020bdc100000)

Polling page: 0x0000020bc2550000

Metaspace:

Usage:
  Non-class:     16.13 MB used.
      Class:      2.77 MB used.
       Both:     18.90 MB used.

Virtual space:
  Non-class space:       64.00 MB reserved,      16.25 MB ( 25%) committed,  1 nodes.
      Class space:      320.00 MB reserved,       2.88 MB ( <1%) committed,  1 nodes.
             Both:      384.00 MB reserved,      19.12 MB (  5%) committed. 

Chunk freelists:
   Non-Class:  15.58 MB
       Class:  13.12 MB
        Both:  28.70 MB

MaxMetaspaceSize: 384.00 MB
CompressedClassSpaceSize: 320.00 MB
Initial GC threshold: 21.00 MB
Current GC threshold: 21.00 MB
CDS: on
MetaspaceReclaimPolicy: balanced
 - commit_granule_bytes: 65536.
 - commit_granule_words: 8192.
 - virtual_space_node_default_size: 8388608.
 - enlarge_chunks_in_place: 1.
 - new_chunks_are_fully_committed: 0.
 - uncommit_free_chunks: 1.
 - use_allocation_guard: 0.
 - handle_deallocations: 1.


Internal statistics:

num_allocs_failed_limit: 0.
num_arena_births: 218.
num_arena_deaths: 0.
num_vsnodes_births: 2.
num_vsnodes_deaths: 0.
num_space_committed: 306.
num_space_uncommitted: 0.
num_chunks_returned_to_freelist: 0.
num_chunks_taken_from_freelist: 867.
num_chunk_merges: 0.
num_chunk_splits: 591.
num_chunks_enlarged: 442.
num_inconsistent_stats: 0.

CodeHeap 'non-profiled nmethods': size=120000Kb used=1339Kb max_used=1339Kb free=118661Kb
 bounds [0x0000020bd32b0000, 0x0000020bd3520000, 0x0000020bda7e0000]
CodeHeap 'profiled nmethods': size=120000Kb used=5555Kb max_used=5555Kb free=114444Kb
 bounds [0x0000020bcb7e0000, 0x0000020bcbd50000, 0x0000020bd2d10000]
CodeHeap 'non-nmethods': size=5760Kb used=1233Kb max_used=1314Kb free=4526Kb
 bounds [0x0000020bd2d10000, 0x0000020bd2f80000, 0x0000020bd32b0000]
 total_blobs=3196 nmethods=2653 adapters=455
 compilation: enabled
              stopped_count=0, restarted_count=0
 full_count=0

Compilation events (20 events):
Event: 30.785 Thread 0x0000020bde6e4970 2551       3       java.util.concurrent.locks.ReentrantLock::lock (8 bytes)
Event: 30.786 Thread 0x0000020bde6e4970 nmethod 2551 0x0000020bcbd0cc10 code [0x0000020bcbd0cdc0, 0x0000020bcbd0d078]
Event: 30.786 Thread 0x0000020bde6e4970 2552       3       java.util.concurrent.locks.ReentrantLock$Sync::lock (13 bytes)
Event: 30.786 Thread 0x0000020bde6e4970 nmethod 2552 0x0000020bcbd0d190 code [0x0000020bcbd0d340, 0x0000020bcbd0d578]
Event: 30.787 Thread 0x0000020bde6e4970 2553       3       java.util.stream.StreamOpFlag::isKnown (19 bytes)
Event: 30.787 Thread 0x0000020bde6e4970 nmethod 2553 0x0000020bcbd0d610 code [0x0000020bcbd0d7a0, 0x0000020bcbd0d918]
Event: 30.790 Thread 0x0000020bde6e4970 2554       3       java.util.stream.Collectors$$Lambda$55/0x0000020be0065e50::accept (14 bytes)
Event: 30.791 Thread 0x0000020bde6e4970 nmethod 2554 0x0000020bcbd0d990 code [0x0000020bcbd0db60, 0x0000020bcbd0e128]
Event: 30.957 Thread 0x0000020bde6e4970 2555   !   3       java.util.concurrent.LinkedBlockingQueue::poll (128 bytes)
Event: 30.959 Thread 0x0000020bde6e4970 nmethod 2555 0x0000020bcbd0e390 code [0x0000020bcbd0e780, 0x0000020bcbd104f8]
Event: 30.972 Thread 0x0000020bde6e4970 2556       3       org.gradle.launcher.daemon.server.exec.DaemonConnectionBackedEventConsumer$ForwardEvents::moreMessagesToSend (35 bytes)
Event: 30.973 Thread 0x0000020bde6e4970 nmethod 2556 0x0000020bcbd11190 code [0x0000020bcbd11340, 0x0000020bcbd11608]
Event: 30.973 Thread 0x0000020bde6e4970 2557   !   3       org.gradle.launcher.daemon.server.exec.DaemonConnectionBackedEventConsumer$ForwardEvents::getNextEvent (27 bytes)
Event: 30.973 Thread 0x0000020bde6e4970 nmethod 2557 0x0000020bcbd11710 code [0x0000020bcbd118c0, 0x0000020bcbd11b48]
Event: 30.988 Thread 0x0000020bde6e4970 2559       3       java.lang.reflect.Proxy$ProxyBuilder::addElementTypes (33 bytes)
Event: 30.989 Thread 0x0000020bde6e4970 nmethod 2559 0x0000020bcbd11c90 code [0x0000020bcbd11ea0, 0x0000020bcbd12588]
Event: 30.989 Thread 0x0000020bde6e4970 2560       3       jdk.internal.org.objectweb.asm.SymbolTable::hash (12 bytes)
Event: 30.989 Thread 0x0000020bde6e4970 nmethod 2560 0x0000020bcbd12890 code [0x0000020bcbd12a20, 0x0000020bcbd12b68]
Event: 30.989 Thread 0x0000020bde6e4970 2558       1       java.lang.reflect.Method::getSharedExceptionTypes (5 bytes)
Event: 30.989 Thread 0x0000020bde6e4970 nmethod 2558 0x0000020bd33fba90 code [0x0000020bd33fbc20, 0x0000020bd33fbcf8]

GC Heap History (6 events):
Event: 7.570 GC heap before
{Heap before GC invocations=0 (full 0):
 garbage-first heap   total 262144K, used 12288K [0x00000000e0000000, 0x0000000100000000)
  region size 1024K, 13 young (13312K), 0 survivors (0K)
 Metaspace       used 1034K, committed 1152K, reserved 393216K
  class space    used 79K, committed 128K, reserved 327680K
}
Event: 7.730 GC heap after
{Heap after GC invocations=1 (full 0):
 garbage-first heap   total 262144K, used 3890K [0x00000000e0000000, 0x0000000100000000)
  region size 1024K, 2 young (2048K), 2 survivors (2048K)
 Metaspace       used 1034K, committed 1152K, reserved 393216K
  class space    used 79K, committed 128K, reserved 327680K
}
Event: 14.169 GC heap before
{Heap before GC invocations=1 (full 0):
 garbage-first heap   total 262144K, used 22322K [0x00000000e0000000, 0x0000000100000000)
  region size 1024K, 17 young (17408K), 2 survivors (2048K)
 Metaspace       used 3857K, committed 4032K, reserved 393216K
  class space    used 483K, committed 576K, reserved 327680K
}
Event: 14.175 GC heap after
{Heap after GC invocations=2 (full 0):
 garbage-first heap   total 262144K, used 10997K [0x00000000e0000000, 0x0000000100000000)
  region size 1024K, 3 young (3072K), 3 survivors (3072K)
 Metaspace       used 3857K, committed 4032K, reserved 393216K
  class space    used 483K, committed 576K, reserved 327680K
}
Event: 16.513 GC heap before
{Heap before GC invocations=2 (full 0):
 garbage-first heap   total 262144K, used 31477K [0x00000000e0000000, 0x0000000100000000)
  region size 1024K, 23 young (23552K), 3 survivors (3072K)
 Metaspace       used 4050K, committed 4224K, reserved 393216K
  class space    used 496K, committed 576K, reserved 327680K
}
Event: 16.518 GC heap after
{Heap after GC invocations=3 (full 0):
 garbage-first heap   total 262144K, used 11562K [0x00000000e0000000, 0x0000000100000000)
  region size 1024K, 1 young (1024K), 1 survivors (1024K)
 Metaspace       used 4050K, committed 4224K, reserved 393216K
  class space    used 496K, committed 576K, reserved 327680K
}

Dll operation events (15 events):
Event: 0.426 Loaded shared library C:\Program Files\Amazon Corretto\jdk17.0.10_7\bin\java.dll
Event: 0.737 Loaded shared library C:\Program Files\Amazon Corretto\jdk17.0.10_7\bin\jsvml.dll
Event: 1.827 Loaded shared library C:\Program Files\Amazon Corretto\jdk17.0.10_7\bin\zip.dll
Event: 1.903 Loaded shared library C:\Program Files\Amazon Corretto\jdk17.0.10_7\bin\instrument.dll
Event: 1.929 Loaded shared library C:\Program Files\Amazon Corretto\jdk17.0.10_7\bin\net.dll
Event: 1.946 Loaded shared library C:\Program Files\Amazon Corretto\jdk17.0.10_7\bin\nio.dll
Event: 2.062 Loaded shared library C:\Program Files\Amazon Corretto\jdk17.0.10_7\bin\zip.dll
Event: 6.620 Loaded shared library C:\Program Files\Amazon Corretto\jdk17.0.10_7\bin\jimage.dll
Event: 7.818 Loaded shared library C:\Program Files\Amazon Corretto\jdk17.0.10_7\bin\verify.dll
Event: 9.878 Loaded shared library C:\Users\lgpc\.gradle\native\c067742578af261105cb4f569cf0c3c89f3d7b1fecec35dd04571415982c5e48\windows-amd64\native-platform.dll
Event: 10.567 Loaded shared library C:\Users\lgpc\.gradle\native\38dada09dfb8b06ba9b0570ebf7e218e3eb74d4ef43ca46872605cf95ebc2f47\windows-amd64\native-platform-file-events.dll
Event: 19.519 Loaded shared library C:\Program Files\Amazon Corretto\jdk17.0.10_7\bin\management.dll
Event: 19.541 Loaded shared library C:\Program Files\Amazon Corretto\jdk17.0.10_7\bin\management_ext.dll
Event: 20.812 Loaded shared library C:\Program Files\Amazon Corretto\jdk17.0.10_7\bin\extnet.dll
Event: 24.008 Loaded shared library C:\Program Files\Amazon Corretto\jdk17.0.10_7\bin\sunmscapi.dll

Deoptimization events (20 events):
Event: 27.799 Thread 0x0000020bf8683e80 Uncommon trap: trap_request=0xffffff45 fr.pc=0x0000020bd333c2fc relative=0x000000000000075c
Event: 27.799 Thread 0x0000020bf8683e80 Uncommon trap: reason=unstable_if action=reinterpret pc=0x0000020bd333c2fc method=java.util.ArrayList.grow(I)[Ljava/lang/Object; @ 17 c2
Event: 27.799 Thread 0x0000020bf8683e80 DEOPT PACKING pc=0x0000020bd333c2fc sp=0x000000d193dfcfe0
Event: 27.800 Thread 0x0000020bf8683e80 DEOPT UNPACKING pc=0x0000020bd2d669a3 sp=0x000000d193dfce78 mode 2
Event: 27.923 Thread 0x0000020bf8683e80 Uncommon trap: trap_request=0xffffff45 fr.pc=0x0000020bd32d1110 relative=0x0000000000000a30
Event: 27.923 Thread 0x0000020bf8683e80 Uncommon trap: reason=unstable_if action=reinterpret pc=0x0000020bd32d1110 method=java.io.WinNTFileSystem.resolve(Ljava/lang/String;Ljava/lang/String;)Ljava/lang/String; @ 19 c2
Event: 27.924 Thread 0x0000020bf8683e80 DEOPT PACKING pc=0x0000020bd32d1110 sp=0x000000d193dfceb0
Event: 27.924 Thread 0x0000020bf8683e80 DEOPT UNPACKING pc=0x0000020bd2d669a3 sp=0x000000d193dfce68 mode 2
Event: 27.930 Thread 0x0000020bf8683e80 Uncommon trap: trap_request=0xffffff45 fr.pc=0x0000020bd3327ae8 relative=0x0000000000000628
Event: 27.930 Thread 0x0000020bf8683e80 Uncommon trap: reason=unstable_if action=reinterpret pc=0x0000020bd3327ae8 method=java.io.File.getName()Ljava/lang/String; @ 16 c2
Event: 27.930 Thread 0x0000020bf8683e80 DEOPT PACKING pc=0x0000020bd3327ae8 sp=0x000000d193dfce60
Event: 27.930 Thread 0x0000020bf8683e80 DEOPT UNPACKING pc=0x0000020bd2d669a3 sp=0x000000d193dfce30 mode 2
Event: 30.290 Thread 0x0000020bf8683e80 Uncommon trap: trap_request=0xffffff45 fr.pc=0x0000020bd33bc3b0 relative=0x00000000000003f0
Event: 30.290 Thread 0x0000020bf8683e80 Uncommon trap: reason=unstable_if action=reinterpret pc=0x0000020bd33bc3b0 method=java.util.HashMap.getNode(Ljava/lang/Object;)Ljava/util/HashMap$Node; @ 131 c2
Event: 30.290 Thread 0x0000020bf8683e80 DEOPT PACKING pc=0x0000020bd33bc3b0 sp=0x000000d193dfadf0
Event: 30.290 Thread 0x0000020bf8683e80 DEOPT UNPACKING pc=0x0000020bd2d669a3 sp=0x000000d193dfad10 mode 2
Event: 30.679 Thread 0x0000020bf8683e80 Uncommon trap: trap_request=0xffffff45 fr.pc=0x0000020bd3333084 relative=0x00000000000000e4
Event: 30.679 Thread 0x0000020bf8683e80 Uncommon trap: reason=unstable_if action=reinterpret pc=0x0000020bd3333084 method=java.util.HashMap.hash(Ljava/lang/Object;)I @ 1 c2
Event: 30.679 Thread 0x0000020bf8683e80 DEOPT PACKING pc=0x0000020bd3333084 sp=0x000000d193df9d20
Event: 30.679 Thread 0x0000020bf8683e80 DEOPT UNPACKING pc=0x0000020bd2d669a3 sp=0x000000d193df9c60 mode 2

Classes unloaded (0 events):
No events

Classes redefined (0 events):
No events

Internal exceptions (20 events):
Event: 25.111 Thread 0x0000020bf8683e80 Exception <a 'java/lang/NoSuchMethodError'{0x00000000eca10010}: 'void java.lang.invoke.DirectMethodHandle$Holder.invokeStaticInit(java.lang.Object, java.lang.Object)'> (0x00000000eca10010) 
thrown [s\src\hotspot\share\interpreter\linkResolver.cpp, line 759]
Event: 25.208 Thread 0x0000020bf8683e80 Exception <a 'java/lang/NoSuchMethodError'{0x00000000ec919eb0}: 'java.lang.Object java.lang.invoke.DirectMethodHandle$Holder.newInvokeSpecial(java.lang.Object, java.lang.Object, java.lang.Object, int, java.lang.Object, java.lang.Object)'> (0x00000000ec919eb0) 
thrown [s\src\hotspot\share\interpreter\linkResolver.cpp, line 759]
Event: 25.332 Thread 0x0000020bf8683e80 Exception <a 'java/lang/NoSuchMethodError'{0x00000000ec8da258}: 'void java.lang.invoke.DelegatingMethodHandle$Holder.reinvoke_L(java.lang.Object, java.lang.Object, java.lang.Object, java.lang.Object, java.lang.Object, java.lang.Object, java.lang.Object, java.lang.Object, java.lang.Object, java.lang.Object)'> (0x00000000ec8da258) 
thrown [s\src\hotspot\share\interpreter\linkResolver.cpp, line 759]
Event: 25.335 Thread 0x0000020bf8683e80 Exception <a 'java/lang/NoSuchMethodError'{0x00000000ec8e26c8}: 'java.lang.Object java.lang.invoke.DirectMethodHandle$Holder.invokeSpecial(java.lang.Object, java.lang.Object, java.lang.Object, java.lang.Object, java.lang.Object, java.lang.Object, java.lang.Object, java.lang.Object, java.lang.Object, java.lang.Object)'> (0x00000000ec8e26c8) 
thrown [s\src\hotspot\share\interpreter\linkResolver.cpp, line 759]
Event: 25.336 Thread 0x0000020bf8683e80 Exception <a 'java/lang/NoSuchMethodError'{0x00000000ec8e6f98}: 'java.lang.Object java.lang.invoke.Invokers$Holder.invoker(java.lang.Object, java.lang.Object, java.lang.Object, java.lang.Object, java.lang.Object, java.lang.Object, java.lang.Object, java.lang.Object, java.lang.Object, java.lang.Object)'> (0x00000000ec8e6f98) 
thrown [s\src\hotspot\share\interpreter\linkResolver.cpp, line 759]
Event: 25.337 Thread 0x0000020bf8683e80 Exception <a 'java/lang/NoSuchMethodError'{0x00000000ec8ecb20}: 'java.lang.Object java.lang.invoke.DirectMethodHandle$Holder.invokeSpecial(java.lang.Object, java.lang.Object, java.lang.Object, java.lang.Object, java.lang.Object, java.lang.Object, java.lang.Object, java.lang.Object, java.lang.Object, java.lang.Object, java.lang.Object)'> (0x00000000ec8ecb20) 
thrown [s\src\hotspot\share\interpreter\linkResolver.cpp, line 759]
Event: 25.940 Thread 0x0000020bf8683e80 Exception <a 'java/lang/NoSuchMethodError'{0x00000000ec2d9a68}: 'void java.lang.invoke.DirectMethodHandle$Holder.invokeStaticInit(java.lang.Object)'> (0x00000000ec2d9a68) 
thrown [s\src\hotspot\share\interpreter\linkResolver.cpp, line 759]
Event: 26.013 Thread 0x0000020bf8683e80 Exception <a 'java/lang/NoSuchMethodError'{0x00000000ec18ab78}: 'java.lang.Object java.lang.invoke.DirectMethodHandle$Holder.newInvokeSpecial(java.lang.Object, java.lang.Object, java.lang.Object, int)'> (0x00000000ec18ab78) 
thrown [s\src\hotspot\share\interpreter\linkResolver.cpp, line 759]
Event: 26.015 Thread 0x0000020bf8683e80 Exception <a 'java/lang/NoSuchMethodError'{0x00000000ec18f4a8}: 'java.lang.Object java.lang.invoke.DirectMethodHandle$Holder.invokeSpecial(java.lang.Object, java.lang.Object, java.lang.Object, java.lang.Object, int)'> (0x00000000ec18f4a8) 
thrown [s\src\hotspot\share\interpreter\linkResolver.cpp, line 759]
Event: 26.017 Thread 0x0000020bf8683e80 Exception <a 'java/lang/NoSuchMethodError'{0x00000000ec1935c0}: 'java.lang.Object java.lang.invoke.Invokers$Holder.linkToTargetMethod(java.lang.Object, java.lang.Object, int, java.lang.Object)'> (0x00000000ec1935c0) 
thrown [s\src\hotspot\share\interpreter\linkResolver.cpp, line 759]
Event: 29.547 Thread 0x0000020bf8683e80 Exception <a 'java/lang/NoSuchMethodError'{0x00000000eaf14b20}: 'int java.lang.invoke.DirectMethodHandle$Holder.invokeSpecialIFC(java.lang.Object, java.lang.Object, java.lang.Object, java.lang.Object)'> (0x00000000eaf14b20) 
thrown [s\src\hotspot\share\interpreter\linkResolver.cpp, line 759]
Event: 29.552 Thread 0x0000020bf8683e80 Exception <a 'java/lang/NoSuchMethodError'{0x00000000eaf23da0}: 'java.lang.Object java.lang.invoke.DirectMethodHandle$Holder.invokeInterface(java.lang.Object, java.lang.Object, java.lang.Object)'> (0x00000000eaf23da0) 
thrown [s\src\hotspot\share\interpreter\linkResolver.cpp, line 759]
Event: 29.553 Thread 0x0000020bf8683e80 Exception <a 'java/lang/IncompatibleClassChangeError'{0x00000000eaf27c60}: Found class java.lang.Object, but interface was expected> (0x00000000eaf27c60) 
thrown [s\src\hotspot\share\interpreter\linkResolver.cpp, line 826]
Event: 29.805 Thread 0x0000020bf8683e80 Exception <a 'java/lang/NoSuchMethodError'{0x00000000ead9e198}: 'int java.lang.invoke.DirectMethodHandle$Holder.invokeStatic(java.lang.Object, java.lang.Object, java.lang.Object, java.lang.Object)'> (0x00000000ead9e198) 
thrown [s\src\hotspot\share\interpreter\linkResolver.cpp, line 759]
Event: 29.806 Thread 0x0000020bf8683e80 Exception <a 'java/lang/NoSuchMethodError'{0x00000000eada1dc0}: 'java.lang.Object java.lang.invoke.Invokers$Holder.invokeExact_MT(java.lang.Object, java.lang.Object, java.lang.Object, java.lang.Object, java.lang.Object, java.lang.Object)'> (0x00000000eada1dc0) 
thrown [s\src\hotspot\share\interpreter\linkResolver.cpp, line 759]
Event: 30.249 Thread 0x0000020bf8683e80 Exception <a 'java/lang/NoSuchMethodError'{0x00000000ea481c80}: 'java.lang.Object java.lang.invoke.DirectMethodHandle$Holder.invokeVirtual(java.lang.Object, java.lang.Object, java.lang.Object, java.lang.Object)'> (0x00000000ea481c80) 
thrown [s\src\hotspot\share\interpreter\linkResolver.cpp, line 759]
Event: 30.316 Thread 0x0000020bf8683e80 Exception <a 'java/lang/NoSuchMethodError'{0x00000000ea3ca6b0}: 'java.lang.Object java.lang.invoke.DirectMethodHandle$Holder.newInvokeSpecial(java.lang.Object, java.lang.Object, java.lang.Object, java.lang.Object, java.lang.Object, java.lang.Object, java.lang.Object)'> (0x00000000ea3ca6b0) 
thrown [s\src\hotspot\share\interpreter\linkResolver.cpp, line 759]
Event: 30.317 Thread 0x0000020bf8683e80 Exception <a 'java/lang/NoSuchMethodError'{0x00000000ea3cf380}: 'java.lang.Object java.lang.invoke.Invokers$Holder.linkToTargetMethod(java.lang.Object, java.lang.Object, java.lang.Object, java.lang.Object, java.lang.Object, java.lang.Object, java.lang.Object)'> (0x00000000ea3cf380) 
thrown [s\src\hotspot\share\interpreter\linkResolver.cpp, line 759]
Event: 30.415 Thread 0x0000020bf8683e80 Exception <a 'java/lang/NoSuchMethodError'{0x00000000ea125a48}: 'java.lang.Object java.lang.invoke.DirectMethodHandle$Holder.invokeVirtual(java.lang.Object, java.lang.Object, java.lang.Object, java.lang.Object, java.lang.Object, java.lang.Object, java.lang.Object, java.lang.Object, java.lang.Object, java.lang.Object, java.lang.Object, java.lang.Object, java.lang.Object, java.lang.Object, java.lang.Object, java.lang.Object, java.lang.Object, java.lang.Object, java.lang.Object, java.lang.Object, java.lang.Ob
Event: 30.679 Thread 0x0000020bf8683e80 Implicit null exception at 0x0000020bd3332fe0 to 0x0000020bd333307a

VM Operations (20 events):
Event: 25.052 Executing VM operation: Cleanup
Event: 25.054 Executing VM operation: Cleanup done
Event: 26.055 Executing VM operation: Cleanup
Event: 26.073 Executing VM operation: Cleanup done
Event: 27.085 Executing VM operation: Cleanup
Event: 27.085 Executing VM operation: Cleanup done
Event: 28.010 Executing VM operation: HandshakeAllThreads
Event: 28.010 Executing VM operation: HandshakeAllThreads done
Event: 28.011 Executing VM operation: HandshakeAllThreads
Event: 28.011 Executing VM operation: HandshakeAllThreads done
Event: 28.262 Executing VM operation: HandshakeAllThreads
Event: 28.262 Executing VM operation: HandshakeAllThreads done
Event: 28.262 Executing VM operation: Cleanup
Event: 28.262 Executing VM operation: Cleanup done
Event: 28.263 Executing VM operation: HandshakeAllThreads
Event: 28.263 Executing VM operation: HandshakeAllThreads done
Event: 29.272 Executing VM operation: Cleanup
Event: 29.272 Executing VM operation: Cleanup done
Event: 30.272 Executing VM operation: Cleanup
Event: 30.273 Executing VM operation: Cleanup done

Events (20 events):
Event: 29.729 loading class java/io/ObjectOutput done
Event: 29.729 loading class java/io/ObjectStreamConstants
Event: 29.729 loading class java/io/ObjectStreamConstants done
Event: 29.730 loading class java/io/ObjectOutputStream done
Event: 29.743 loading class java/io/ObjectInputStream
Event: 29.744 loading class java/io/ObjectInput
Event: 29.745 loading class java/io/ObjectInput done
Event: 29.745 loading class java/io/ObjectInputStream done
Event: 29.761 loading class java/lang/ThreadLocal$SuppliedThreadLocal
Event: 29.762 loading class java/lang/ThreadLocal$SuppliedThreadLocal done
Event: 30.158 loading class javax/xml/parsers/ParserConfigurationException
Event: 30.159 loading class javax/xml/parsers/ParserConfigurationException done
Event: 30.159 loading class org/xml/sax/SAXException
Event: 30.159 loading class org/xml/sax/SAXException done
Event: 30.159 loading class javax/xml/xpath/XPathExpressionException
Event: 30.160 loading class javax/xml/xpath/XPathException
Event: 30.160 loading class javax/xml/xpath/XPathException done
Event: 30.160 loading class javax/xml/xpath/XPathExpressionException done
Event: 30.160 loading class org/xml/sax/ErrorHandler
Event: 30.161 loading class org/xml/sax/ErrorHandler done


Dynamic libraries:
0x00007ff675810000 - 0x00007ff67581e000 	C:\Program Files\Amazon Corretto\jdk17.0.10_7\bin\java.exe
0x00007ffd2ad90000 - 0x00007ffd2af88000 	C:\WINDOWS\SYSTEM32\ntdll.dll
0x00007ffd2a930000 - 0x00007ffd2a9ed000 	C:\WINDOWS\System32\KERNEL32.DLL
0x00007ffd28460000 - 0x00007ffd28756000 	C:\WINDOWS\System32\KERNELBASE.dll
0x00007ffd28760000 - 0x00007ffd28860000 	C:\WINDOWS\System32\ucrtbase.dll
0x00007ffd1fa50000 - 0x00007ffd1fa67000 	C:\Program Files\Amazon Corretto\jdk17.0.10_7\bin\jli.dll
0x00007ffd1fa30000 - 0x00007ffd1fa4b000 	C:\Program Files\Amazon Corretto\jdk17.0.10_7\bin\VCRUNTIME140.dll
0x00007ffd28de0000 - 0x00007ffd28f7e000 	C:\WINDOWS\System32\USER32.dll
0x00007ffd289e0000 - 0x00007ffd28a02000 	C:\WINDOWS\System32\win32u.dll
0x00007ffd29e10000 - 0x00007ffd29e3c000 	C:\WINDOWS\System32\GDI32.dll
0x00007ffd28cc0000 - 0x00007ffd28dda000 	C:\WINDOWS\System32\gdi32full.dll
0x00007ffd28860000 - 0x00007ffd288fd000 	C:\WINDOWS\System32\msvcp_win.dll
0x00007ffd10070000 - 0x00007ffd1030a000 	C:\WINDOWS\WinSxS\amd64_microsoft.windows.common-controls_6595b64144ccf1df_6.0.19041.3636_none_60b6a03d71f818d5\COMCTL32.dll
0x00007ffd299a0000 - 0x00007ffd29a3e000 	C:\WINDOWS\System32\msvcrt.dll
0x00007ffd29030000 - 0x00007ffd29060000 	C:\WINDOWS\System32\IMM32.DLL
0x00007ffd239b0000 - 0x00007ffd239bc000 	C:\Program Files\Amazon Corretto\jdk17.0.10_7\bin\vcruntime140_1.dll
0x00007ffcf72b0000 - 0x00007ffcf733d000 	C:\Program Files\Amazon Corretto\jdk17.0.10_7\bin\msvcp140.dll
0x00007ffcdb860000 - 0x00007ffcdc4c2000 	C:\Program Files\Amazon Corretto\jdk17.0.10_7\bin\server\jvm.dll
0x00007ffd29f70000 - 0x00007ffd2a023000 	C:\WINDOWS\System32\ADVAPI32.dll
0x00007ffd28f90000 - 0x00007ffd2902f000 	C:\WINDOWS\System32\sechost.dll
0x00007ffd29c20000 - 0x00007ffd29d46000 	C:\WINDOWS\System32\RPCRT4.dll
0x00007ffd28900000 - 0x00007ffd28927000 	C:\WINDOWS\System32\bcrypt.dll
0x00007ffd18940000 - 0x00007ffd1894a000 	C:\WINDOWS\SYSTEM32\VERSION.dll
0x00007ffd0f5e0000 - 0x00007ffd0f5e9000 	C:\WINDOWS\SYSTEM32\WSOCK32.dll
0x00007ffd282c0000 - 0x00007ffd2830b000 	C:\WINDOWS\SYSTEM32\POWRPROF.dll
0x00007ffd29b50000 - 0x00007ffd29bbb000 	C:\WINDOWS\System32\WS2_32.dll
0x00007ffd13350000 - 0x00007ffd13377000 	C:\WINDOWS\SYSTEM32\WINMM.dll
0x00007ffd282a0000 - 0x00007ffd282b2000 	C:\WINDOWS\SYSTEM32\UMPDC.dll
0x00007ffd26cd0000 - 0x00007ffd26ce2000 	C:\WINDOWS\SYSTEM32\kernel.appcore.dll
0x00007ffd1fdf0000 - 0x00007ffd1fdfa000 	C:\Program Files\Amazon Corretto\jdk17.0.10_7\bin\jimage.dll
0x00007ffd26970000 - 0x00007ffd26b54000 	C:\WINDOWS\SYSTEM32\DBGHELP.DLL
0x00007ffd16d70000 - 0x00007ffd16da4000 	C:\WINDOWS\SYSTEM32\dbgcore.DLL
0x00007ffd28c30000 - 0x00007ffd28cb2000 	C:\WINDOWS\System32\bcryptPrimitives.dll
0x00007ffd1fbc0000 - 0x00007ffd1fbce000 	C:\Program Files\Amazon Corretto\jdk17.0.10_7\bin\instrument.dll
0x00007ffd071d0000 - 0x00007ffd071f5000 	C:\Program Files\Amazon Corretto\jdk17.0.10_7\bin\java.dll
0x00007ffceeae0000 - 0x00007ffceebb7000 	C:\Program Files\Amazon Corretto\jdk17.0.10_7\bin\jsvml.dll
0x00007ffd29250000 - 0x00007ffd29995000 	C:\WINDOWS\System32\SHELL32.dll
0x00007ffd26100000 - 0x00007ffd2689b000 	C:\WINDOWS\SYSTEM32\windows.storage.dll
0x00007ffd2a9f0000 - 0x00007ffd2ad44000 	C:\WINDOWS\System32\combase.dll
0x00007ffd27dc0000 - 0x00007ffd27ded000 	C:\WINDOWS\SYSTEM32\Wldp.dll
0x00007ffd29d50000 - 0x00007ffd29dfd000 	C:\WINDOWS\System32\SHCORE.dll
0x00007ffd29af0000 - 0x00007ffd29b45000 	C:\WINDOWS\System32\shlwapi.dll
0x00007ffd28390000 - 0x00007ffd283b5000 	C:\WINDOWS\SYSTEM32\profapi.dll
0x00007ffd07100000 - 0x00007ffd07118000 	C:\Program Files\Amazon Corretto\jdk17.0.10_7\bin\zip.dll
0x00007ffcfcca0000 - 0x00007ffcfccb9000 	C:\Program Files\Amazon Corretto\jdk17.0.10_7\bin\net.dll
0x00007ffd1b530000 - 0x00007ffd1b63a000 	C:\WINDOWS\SYSTEM32\WINHTTP.dll
0x00007ffd27b20000 - 0x00007ffd27b8a000 	C:\WINDOWS\system32\mswsock.dll
0x00007ffcfb2a0000 - 0x00007ffcfb2b6000 	C:\Program Files\Amazon Corretto\jdk17.0.10_7\bin\nio.dll
0x00007ffd1fae0000 - 0x00007ffd1faf0000 	C:\Program Files\Amazon Corretto\jdk17.0.10_7\bin\verify.dll
0x00007ffd1fa70000 - 0x00007ffd1fa97000 	C:\Users\lgpc\.gradle\native\c067742578af261105cb4f569cf0c3c89f3d7b1fecec35dd04571415982c5e48\windows-amd64\native-platform.dll
0x00007ffcedd60000 - 0x00007ffcedea4000 	C:\Users\lgpc\.gradle\native\38dada09dfb8b06ba9b0570ebf7e218e3eb74d4ef43ca46872605cf95ebc2f47\windows-amd64\native-platform-file-events.dll
0x00007ffd1a860000 - 0x00007ffd1a869000 	C:\Program Files\Amazon Corretto\jdk17.0.10_7\bin\management.dll
0x00007ffd071c0000 - 0x00007ffd071cb000 	C:\Program Files\Amazon Corretto\jdk17.0.10_7\bin\management_ext.dll
0x00007ffd290c0000 - 0x00007ffd290c8000 	C:\WINDOWS\System32\PSAPI.DLL
0x00007ffd27d10000 - 0x00007ffd27d28000 	C:\WINDOWS\SYSTEM32\CRYPTSP.dll
0x00007ffd27450000 - 0x00007ffd27484000 	C:\WINDOWS\system32\rsaenh.dll
0x00007ffd28350000 - 0x00007ffd2837e000 	C:\WINDOWS\SYSTEM32\USERENV.dll
0x00007ffd27d30000 - 0x00007ffd27d3c000 	C:\WINDOWS\SYSTEM32\CRYPTBASE.dll
0x00007ffd27810000 - 0x00007ffd2784b000 	C:\WINDOWS\SYSTEM32\IPHLPAPI.DLL
0x00007ffd28f80000 - 0x00007ffd28f88000 	C:\WINDOWS\System32\NSI.dll
0x00007ffd1ffb0000 - 0x00007ffd1ffc7000 	C:\WINDOWS\SYSTEM32\dhcpcsvc6.DLL
0x00007ffd1da70000 - 0x00007ffd1da8d000 	C:\WINDOWS\SYSTEM32\dhcpcsvc.DLL
0x00007ffd27850000 - 0x00007ffd2791a000 	C:\WINDOWS\SYSTEM32\DNSAPI.dll
0x00007ffd07160000 - 0x00007ffd07169000 	C:\Program Files\Amazon Corretto\jdk17.0.10_7\bin\extnet.dll
0x00007ffd07150000 - 0x00007ffd0715e000 	C:\Program Files\Amazon Corretto\jdk17.0.10_7\bin\sunmscapi.dll
0x00007ffd28ad0000 - 0x00007ffd28c2d000 	C:\WINDOWS\System32\CRYPT32.dll
0x00007ffd27e30000 - 0x00007ffd27e58000 	C:\WINDOWS\SYSTEM32\ncrypt.dll
0x00007ffd27df0000 - 0x00007ffd27e2b000 	C:\WINDOWS\SYSTEM32\NTASN1.dll
0x00007ffce0040000 - 0x00007ffce0047000 	C:\WINDOWS\system32\wshunix.dll

dbghelp: loaded successfully - version: 4.0.5 - missing functions: none
symbol engine: initialized successfully - sym options: 0x614 - pdb path: .;C:\Program Files\Amazon Corretto\jdk17.0.10_7\bin;C:\WINDOWS\SYSTEM32;C:\WINDOWS\WinSxS\amd64_microsoft.windows.common-controls_6595b64144ccf1df_6.0.19041.3636_none_60b6a03d71f818d5;C:\Program Files\Amazon Corretto\jdk17.0.10_7\bin\server;C:\Users\lgpc\.gradle\native\c067742578af261105cb4f569cf0c3c89f3d7b1fecec35dd04571415982c5e48\windows-amd64;C:\Users\lgpc\.gradle\native\38dada09dfb8b06ba9b0570ebf7e218e3eb74d4ef43ca46872605cf95ebc2f47\windows-amd64

VM Arguments:
jvm_args: --add-opens=java.base/java.util=ALL-UNNAMED --add-opens=java.base/java.lang=ALL-UNNAMED --add-opens=java.base/java.lang.invoke=ALL-UNNAMED --add-opens=java.prefs/java.util.prefs=ALL-UNNAMED --add-opens=java.base/java.nio.charset=ALL-UNNAMED --add-opens=java.base/java.net=ALL-UNNAMED --add-opens=java.base/java.util.concurrent.atomic=ALL-UNNAMED -XX:MaxMetaspaceSize=384m -XX:+HeapDumpOnOutOfMemoryError -Xms256m -Xmx512m -Dfile.encoding=x-windows-949 -Duser.country=KR -Duser.language=ko -Duser.variant -javaagent:C:\Users\lgpc\.gradle\wrapper\dists\gradle-8.5-bin\5t9huq95ubn472n8rpzujfbqh\gradle-8.5\lib\agents\gradle-instrumentation-agent-8.5.jar 
java_command: org.gradle.launcher.daemon.bootstrap.GradleDaemon 8.5
java_class_path (initial): C:\Users\lgpc\.gradle\wrapper\dists\gradle-8.5-bin\5t9huq95ubn472n8rpzujfbqh\gradle-8.5\lib\gradle-launcher-8.5.jar
Launcher Type: SUN_STANDARD

[Global flags]
     intx CICompilerCount                          = 3                                         {product} {ergonomic}
   size_t CompressedClassSpaceSize                 = 335544320                                 {product} {ergonomic}
     uint ConcGCThreads                            = 1                                         {product} {ergonomic}
     uint G1ConcRefinementThreads                  = 4                                         {product} {ergonomic}
   size_t G1HeapRegionSize                         = 1048576                                   {product} {ergonomic}
    uintx GCDrainStackTargetSize                   = 64                                        {product} {ergonomic}
     bool HeapDumpOnOutOfMemoryError               = true                                   {manageable} {command line}
   size_t InitialHeapSize                          = 268435456                                 {product} {command line}
   size_t MarkStackSize                            = 4194304                                   {product} {ergonomic}
   size_t MaxHeapSize                              = 536870912                                 {product} {command line}
   size_t MaxMetaspaceSize                         = 402653184                                 {product} {command line}
   size_t MaxNewSize                               = 321912832                                 {product} {ergonomic}
   size_t MinHeapDeltaBytes                        = 1048576                                   {product} {ergonomic}
   size_t MinHeapSize                              = 268435456                                 {product} {command line}
    uintx NonNMethodCodeHeapSize                   = 5832780                                {pd product} {ergonomic}
    uintx NonProfiledCodeHeapSize                  = 122912730                              {pd product} {ergonomic}
    uintx ProfiledCodeHeapSize                     = 122912730                              {pd product} {ergonomic}
    uintx ReservedCodeCacheSize                    = 251658240                              {pd product} {ergonomic}
     bool SegmentedCodeCache                       = true                                      {product} {ergonomic}
   size_t SoftMaxHeapSize                          = 536870912                              {manageable} {ergonomic}
     bool UseCompressedClassPointers               = true                           {product lp64_product} {ergonomic}
     bool UseCompressedOops                        = true                           {product lp64_product} {ergonomic}
     bool UseG1GC                                  = true                                      {product} {ergonomic}
     bool UseLargePagesIndividualAllocation        = false                                  {pd product} {ergonomic}

Logging:
Log output configuration:
 #0: stdout all=warning uptime,level,tags
 #1: stderr all=off uptime,level,tags

Environment Variables:
JAVA_HOME=C:\Program Files\Amazon Corretto\jdk17.0.10_7
PATH=C:\Program Files\Amazon Corretto\jdk17.0.10_7\bin;C:\Program Files\Eclipse Adoptium\jdk-17.0.7.7-hotspot\bin;C:\Program Files (x86)\VMware\VMware Player\bin\;C:\Program Files (x86)\Intel\iCLS Client\;C:\Program Files\Intel\iCLS Client\;C:\WINDOWS\system32;C:\WINDOWS;C:\WINDOWS\System32\Wbem;C:\WINDOWS\System32\WindowsPowerShell\v1.0\;C:\Program Files\Intel\WiFi\bin\;C:\Program Files\Common Files\Intel\WirelessCommon\;C:\WINDOWS\System32\OpenSSH\;C:\Program Files (x86)\Intel\Intel(R) Management Engine Components\DAL;C:\Program Files\Intel\Intel(R) Management Engine Components\DAL;C:\Program Files (x86)\Intel\Intel(R) Management Engine Components\IPT;C:\Program Files\Intel\Intel(R) Management Engine Components\IPT;C:\Program Files\Microsoft SQL Server\150\Tools\Binn\;C:\Program Files\Git\cmd;C:\Program Files\dotnet\;C:\Program Files\nodejs\;C:\Users\lgpc\AppData\Local\Microsoft\WindowsApps;C:\Users\lgpc\AppData\Local\Programs\Microsoft VS Code\bin;C:\Users\lgpc\.dotnet\tools;C:\Program Files\JetBrains\IntelliJ IDEA 2023.3.1\bin;;C:\Users\lgpc\AppData\Roaming\npm
USERNAME=lgpc
OS=Windows_NT
PROCESSOR_IDENTIFIER=Intel64 Family 6 Model 142 Stepping 9, GenuineIntel
TMP=C:\Users\lgpc\AppData\Local\Temp
TEMP=C:\Users\lgpc\AppData\Local\Temp



Periodic native trim disabled


---------------  S Y S T E M  ---------------

OS:
 Windows 10 , 64 bit Build 19041 (10.0.19041.3636)
OS uptime: 2 days 14:09 hours

CPU: total 4 (initial active 4) (2 cores per cpu, 2 threads per core) family 6 model 142 stepping 9 microcode 0xb4, cx8, cmov, fxsr, ht, mmx, 3dnowpref, sse, sse2, sse3, ssse3, sse4.1, sse4.2, popcnt, lzcnt, tsc, tscinvbit, avx, avx2, aes, erms, clmul, bmi1, bmi2, adx, fma, vzeroupper, clflush, clflushopt
Processor Information for all 4 processors :
  Max Mhz: 2400, Current Mhz: 2400, Mhz Limit: 2400

Memory: 4k page, system-wide physical 3955M (100M free)
TotalPageFile size 14222M (AvailPageFile size 5M)
current process WorkingSet (physical memory assigned to process): 179M, peak: 179M
current process commit charge ("private bytes"): 408M, peak: 409M

vm_info: OpenJDK 64-Bit Server VM (17.0.10+7-LTS) for windows-amd64 JRE (17.0.10+7-LTS), built on Jan 10 2024 22:11:07 by "Administrator" with MS VC++ 16.10 / 16.11 (VS2019)

END.
